## FILE: Maharashtra.csv
# 0 : SHRI SAMARTH ENG MEDIUM SCHOOL  --> shri samarth eng medium school, maharashtra
[ChIJNclQq2wL3TsRVsD1PhIqUdg] || [Shri Samarth English Medium School] || [('A', 'Street Address', 'rajur')]

# 1 : KALSUBAI HIGH SCHOOL  --> kalsubai high school, maharashtra
[ChIJsZs0mqKd3TsRc6OY7ljbY9c] || [Kalsubai Peak] || [('B', 'Pincode', '422604')]

# 2 : Z.P.P.SCHOOL  --> z.p.p.school, maharashtra

# 3 : Z.P.P.SCHOOL DATTAWADI --> z.p.p.school, maharashtra

# 4 : Z.P.P.SCHOOL LAHOTEWADI --> z.p.p.school, maharashtra

# 5 : Z.P.P.SCHOOL MALUNJKARWADI --> z.p.p.school, maharashtra

# 6 : Z.P.P.SCHOOL BAGALAWADI --> z.p.p.school, maharashtra

# 7 : Z.P.P.SCHOOL MADAGEWADI --> z.p.p.school, maharashtra

# 8 : Z.P.P.SCHOOL  --> z.p.p.school, maharashtra

# 9 : Z.P.P.SCHOOL MHASOBAWADI --> z.p.p.school, maharashtra

# 10 : Z.P.P.SCHOOL SAVANTWADI --> z.p.p.school, maharashtra

# 11 : NEW ENGLISH MEDIUM SCHOOL  --> new english medium school, maharashtra

# 12 : Z.P.P.SCHOOL  --> z.p.p.school, maharashtra

# 13 : Z.P.P.SCHOOL PARASURWADI --> z.p.p.school, maharashtra

# 14 : Z.P.P.SCHOOL MHASHALWADI --> z.p.p.school, maharashtra

# 15 : Z.P.P SCHOOL BANGARWADI --> z.p.p school, maharashtra

# 16 : Z.P.P.SCHOOL BHANDARDARA --> z.p.p.school, maharashtra

# 17 : Z.P.P.SCHOOL DARYACHIWADI --> z.p.p.school, maharashtra

# 18 : SAI PUBLIC SCHOOL MARKET YARD  --> sai public school, maharashtra

# 19 : Z.P.P.SCHOOL  --> z.p.p.school, maharashtra

# 20 : Z.P.P.SCHOOL KELIOTUR --> z.p.p.school, maharashtra

# 21 : Z.P.P.SCHOOL  --> z.p.p.school, maharashtra

# 22 : Z.P.P.SCHOOL  --> z.p.p.school, maharashtra

# 23 : Z.P.P.SCHOOL VIDUTNAGAR --> z.p.p.school, maharashtra

# 24 : ANUDANIT MADHAMIK  ASHRAM  --> anudanit madhamik  ashram, maharashtra

# 25 : Z.P.P.SCHOOL  --> z.p.p.school, maharashtra

# 26 : Z.P.P.SCHOOL SHENDKARWADI --> z.p.p.school, maharashtra

# 27 : Z.P.P.SCHOOL  --> z.p.p.school, maharashtra

# 28 : Z.P.P.SCHOOL GAMBHIRWADI --> z.p.p.school, maharashtra

# 29 : DHAKOJI MAHARAJ MADHYAMIK VIDYALAYA NIMGAONDAKU --> dhakoji maharaj madhyamik vidyalay, maharashtra

# 30 : Z.P.P.SCHOOL PACHPATTA --> z.p.p.school, maharashtra

# 31 : Z.P.P. SCHOOL WAKI ( PACHPATTA) --> z.p.p. school, maharashtra

# 32 : Z.P.P.SCHOOL  --> z.p.p.school, maharashtra

# 33 : Z.P.P.SCHOOL  --> z.p.p.school, maharashtra

# 34 : Z.P.P.SCHOOL RAMWADI --> z.p.p.school, maharashtra

# 35 : Z.P.P.SCHOOL SHEREWADI --> z.p.p.school, maharashtra

# 36 : Z.P.P.SCHOOL  --> z.p.p.school, maharashtra

# 37 : Z.P.P.SCHOOL SHILAWANDI --> z.p.p.school, maharashtra

# 38 : SANT N.V.S. SHILAWANDI --> sant n.v.s. shilawandi, maharashtra

# 39 : Z.P.P.SCHOOL WAKHARI --> z.p.p.school, maharashtra

# 40 : MANANIY MADHUKARRAO PICHAD MADYHAMIK VID.  --> mananiy madhukarrao pichad madyhamik vid., maharashtra

# 41 : Z.P.P.SCHOOL POPERWADI --> z.p.p.school, maharashtra

# 42 : Z.P.P.SCHOOL THAKARWADI (PI.NIPANI) --> z.p.p.school, maharashtra

# 43 : Z.P.P.SCHOOL  --> z.p.p.school, maharashtra

# 44 : Z.P.P.SCHOOL KHAUTI --> z.p.p.school, maharashtra

# 45 : Z.P.P.SCHOOL JAMBHALEWADI --> z.p.p.school, maharashtra

# 46 : NEW ENGLISH SCHOOL JAMBHALEWADI --> new english school, maharashtra

# 47 : Z.P.P.SCHOOL PI. NIPANI --> z.p.p.school, maharashtra

# 48 : MV  --> mv, maharashtra

# 49 : Z.P.P.SCHOOL AMBERAI --> z.p.p.school, maharashtra

# 50 : LOKNAYAK JAYPRAKASH NARAYAN VIDYALAYA,  --> loknayak jayprakash narayan vidyalay, maharashtra

# 51 : Z.P.P.SCHOOLTRISHULWADI --> z.p.p.school, maharashtra

# 52 : Z.P.P.SCHOOL  --> z.p.p.school, maharashtra

# 53 : Z.P.P.SCHOOL SHERANKHEL --> z.p.p.school, maharashtra

# 54 : Z.P.P.SCHOOL  --> z.p.p.school, maharashtra

# 55 : PRAJAKTA DAIMAND ENG  --> prajakta daimand eng, maharashtra

# 56 : GOVT ENG ASHRAMSHAL  --> govt eng ashramshal, maharashtra

# 57 : ASHRAM SHALA SHERANKHEL --> ashram shala, maharashtra

# 58 : Z.P.P.SCHOOL MALWADI --> z.p.p.school, maharashtra

# 59 : Z.P.P.SCHOOL  --> z.p.p.school, maharashtra

# 60 : Z.P.P.SCHOOL  ZOPADPATTI --> z.p.p.school, maharashtra

# 61 : Z.P.P.SCHOOL  --> z.p.p.school, maharashtra

# 62 : NEW ENG SCHOOL  --> new eng school, maharashtra

# 63 : Z.P.P.SCHOOL MADHI KH. --> z.p.p.school, maharashtra

# 64 : Z.P.UPPER PRIMARY SCHOOL  --> z.p.upper primary school, maharashtra
[ChIJA7rgdEIDKzoR3g_wod6aZJk] || [Z P Upper Primary School] || [('B', 'Pincode', '441911')]

# 65 : S. N. ENGLISH PRIMARY  SCHOOL  --> s. n. english primary  school, maharashtra
[ChIJK1LI_f8PKzoRpPqdX9PX-UQ] || [S N Primary English School] || [('A', 'VILLAGE_NAME', 'birsi')]

# 66 : Z.P. PRIMARY SCHOOL  --> z.p. primary school, maharashtra

# 67 : Z.P.UPPER PRIMARY SCHOOL   --> z.p.upper primary school, maharashtra
[ChIJA7rgdEIDKzoR3g_wod6aZJk] || [Z P Upper Primary School] || [('B', 'Pincode', '441911')]

# 68 : Z.P.UPPER PRIMARY SCHOOL  --> z.p.upper primary school, maharashtra
[ChIJA7rgdEIDKzoR3g_wod6aZJk] || [Z P Upper Primary School] || [('B', 'Locality', 'tiroda')]

# 69 : Z.P.UPPER PRIMARY SCHOOL  --> z.p.upper primary school, maharashtra
[ChIJA7rgdEIDKzoR3g_wod6aZJk] || [Z P Upper Primary School] || [('B', 'Pincode', '441911')]

# 70 : Z.P.PRIMARY SCHOOL  --> z.p.primary school, maharashtra

# 71 : Z.P. PRIMARY SCHOOL  --> z.p. primary school, maharashtra

# 72 : Z.P. PRIMARY SCHOOL  --> z.p. primary school, maharashtra

# 73 : Z.P. PRIMARY SCHOOL  --> z.p. primary school, maharashtra

# 74 : Z.P.P. SCHOOL DHAMBODIPHATA --> z.p.p. school, maharashtra

# 75 : JAGRUTI UPPER PRIMARY SCHOOL  --> jagruti upper primary school, maharashtra

# 76 : Z.P.UPPER. PRIMARY.SCHOOL  --> z.p.upper. primary.school, maharashtra
[ChIJA7rgdEIDKzoR3g_wod6aZJk] || [Z P Upper Primary School] || [('B', 'Pincode', '441911')]

# 77 : Z.P. UPPER PRIMARY SCHOOL --> z.p. upper primary school, maharashtra
[ChIJA7rgdEIDKzoR3g_wod6aZJk] || [Z P Upper Primary School] || [('B', 'Pincode', '441911')]

# 78 : Z.P. UPPER PRIMARY SCHOOL  --> z.p. upper primary school, maharashtra
[ChIJA7rgdEIDKzoR3g_wod6aZJk] || [Z P Upper Primary School] || [('B', 'Pincode', '441911')]

# 79 : SASHKIY M ASHRAM SCHOOL  --> sashkiy m ashram school, maharashtra

# 80 : Z.P. PRIMARY SCHOOL  --> z.p. primary school, maharashtra

# 81 : SHRI SANT GHYANESWAR SCH  --> shri sant ghyaneswar sch, maharashtra

# 82 : Z.P.UPPER PRIMARY SCHOOL  --> z.p.upper primary school, maharashtra
[ChIJA7rgdEIDKzoR3g_wod6aZJk] || [Z P Upper Primary School] || [('B', 'Pincode', '441911')]

# 83 : Z.P.UPPER. PRIMARY.SCHOOL  --> z.p.upper. primary.school, maharashtra
[ChIJA7rgdEIDKzoR3g_wod6aZJk] || [Z P Upper Primary School] || [('B', 'Locality', 'tiroda')]

# 84 : Z.P. PRIMARY SCHOOL  --> z.p. primary school, maharashtra

# 85 : Z.P.UPPER PRIMARY SCHOOL BELATIKHURD --> z.p.upper primary school, maharashtra
[ChIJA7rgdEIDKzoR3g_wod6aZJk] || [Z P Upper Primary School] || [('B', 'Pincode', '441911')]

# 86 : Z.P. UTTAR BUNIYADI SCHOOL  --> z.p. uttar buniyadi school, maharashtra
[ChIJUdr4OSYFKzoRdPeY_kEocTg] || [Uttar Buniyadi School] || [('A', 'VILLAGE_NAME', 'tirora')]

# 87 : Z.P.UPPER .PRIMARY .SCHOOL  --> z.p.upper .primary .school, maharashtra

# 88 : Z.P. JUNI VASTI  --> z.p. juni vasti, maharashtra

# 89 : Z.P. KANYA PRIMARY  SCHOOL --> z.p. kanya primary  school, maharashtra

# 90 : DR. RAJENDRA PRASAD PRIMARY SCHOOL --> dr. rajendra prasad primary school, maharashtra

# 91 : DR. AMBEDKAR PRIMARY SCHOOL --> dr. ambedkar primary school, maharashtra

# 92 : Z.P.PRIMARY.SCHOOL  --> z.p.primary.school, maharashtra

# 93 : Z.P.UPPER.PRIMARY SCHOOL BERDIPAR(KACHE) --> z.p.upper.primary school, maharashtra
[ChIJA7rgdEIDKzoR3g_wod6aZJk] || [Z P Upper Primary School] || [('B', 'Locality', 'tiroda')]

# 94 : MANVATA HIGH SCH. BERDIPAR(KA) --> manvata high sch, maharashtra

# 95 : Z.P.PRIMARY SCHOOL  --> z.p.primary school, maharashtra

# 96 : M. J. PHULE  PRIMARY SCHOOL --> m. j. phule  primary school, maharashtra

# 97 : RANI AWANTIBAI  PRIMARY SCHOOL --> rani awantibai  primary school, maharashtra

# 98 : SHAHID MISHRA VIDYALAYA  --> shahid mishra vidyalay, maharashtra
[ChIJG7dpligFKzoR9I85VZyj6VQ] || [Shahid Mishra Primary School] || [('A', 'VILLAGE_NAME', 'tirora')]

# 99 : GIRJABAI KANYA  PRIMARY SCHOOL --> girjabai kanya  primary school, maharashtra

# 100 : Z.P.P.SCHOOL PATILWADI --> z.p.p.school, maharashtra

# 101 : P.M.VIDYALAYA  DHMANWAN --> p.m.vidyalay, maharashtra

# 102 : Z.P.P.SCHOOL GHODEWASTI --> z.p.p.school, maharashtra

# 103 : Z.P.UPPER PRIMARY SCHOOL  --> z.p.upper primary school, maharashtra
[ChIJA7rgdEIDKzoR3g_wod6aZJk] || [Z P Upper Primary School] || [('B', 'Pincode', '441911')]

# 104 : SHAHID PRIMARY SCHOOL  --> shahid primary school, maharashtra
[ChIJG7dpligFKzoR9I85VZyj6VQ] || [Shahid Mishra Primary School] || [('A', 'VILLAGE_NAME', 'tirora')]

# 105 : VIVEKANAND CONVENT  TIRODA --> vivekanand convent, maharashtra
[ChIJwTDzTNYEKzoR19nPIDQjEJ0] || [Swamy Vivekanand Convent] || [('A', 'VILLAGE_NAME', 'tirora')]

# 106 : LOKMANYA TILAK HIGH SCHOOL KOKANA JAMI --> lokmanya tilak high school, maharashtra

# 107 : SHRIKRISHANA MADH ASHRAM SCHOOLKOKNA JAMI --> shrikrishana madh ashram school, maharashtra

# 108 : Z.P.UPPER PRIMARY SCHOOL  --> z.p.upper primary school, maharashtra
[ChIJA7rgdEIDKzoR3g_wod6aZJk] || [Z P Upper Primary School] || [('B', 'Pincode', '441911')]

# 109 : PARGATI ASHRAM SCHOOL  --> pargati ashram school, maharashtra
[ChIJAQAAAIQaKzoRywK9BB8ywTc] || [Pragti Ashram & High School] || [('A', 'VILLAGE_NAME', 'sarandi')]

# 110 : PRAGATI HIGHSCHOOL  --> pragati highschool, maharashtra

# 111 : S.N. JR COLLEGE  --> s.n. jr college, maharashtra

# 112 : Z.P.P.SCHOOL WAJEWADI --> z.p.p.school, maharashtra

# 113 : SARODAY VIDYALY MANDIR. --> saroday vidyaly mandir, maharashtra
[ChIJC9NxARsS3TsRkCcLicVxB3c] || [Sarvodaya Vidya Mandir,Abitkhind] || [('B', 'Pincode', '422610')]

# 114 : Z.P.P.SCHOOL  --> z.p.p.school, maharashtra

# 115 : SC & NAVBOUDH GIRL'S  RESIDENTIAL SCHOOL  --> sc & navboudh girl's  residential school, maharashtra

# 116 : ZILLA PARISHAD PRIMARY SCHOOL,  --> zilla parishad primary school, maharashtra

# 117 : ZILLA PARISHAD PRIMARY SCHOOL, LAMAN TANDA  --> zilla parishad primary school, maharashtra

# 118 : ZILLA PARISHAD PRIMARY SCHOOL, KAWALDARA (BAVI) --> zilla parishad primary school, maharashtra

# 119 : ZILLA PARISHAD PRIMARY SCHOOL,  --> zilla parishad primary school, maharashtra

# 120 : SANT GOROBA KAKA HIGHSCHOOL  --> sant goroba kaka highschool, maharashtra
[ChIJicaqq6Z1xTsRnfykSjgbeKo] || [Shree Sant Goroba Kaka Temple] || [('C', 'City', 'osmanabad')]

# 121 : ZILLA PARISHAD PRIMARY SCHOOL, --> zilla parishad primary school, maharashtra

# 122 : SANT BODHALE MAHARAJ PRIMARY SCHOOL  --> sant bodhale maharaj primary school, maharashtra

# 123 : CENTRAL SC NIWASI P.ASHRAM SCHOOL  --> central sc niwasi p.ashram school, maharashtra

# 124 : Z.P.PS, NAVEGAON (DESHMUKH) --> z.p.ps,, maharashtra

# 125 : Z.P.UPS,  --> z.p.ups,, maharashtra

# 126 : Z.P.PS, SOMNALA (MANDWA) --> z.p.ps,, maharashtra

# 127 : Z.P.UPS,  --> z.p.ups,, maharashtra

# 128 : Z.P. PS,  --> z.p. ps,, maharashtra

# 129 : Z.P. PS,  --> z.p. ps,, maharashtra

# 130 : ZILLA PARISHAD PRIMARY SCHOOL,  --> zilla parishad primary school, maharashtra

# 131 : SHREE KUNTHALGIRI ENGLISH PRIMARY SCHOOL, --> shree kunthalgiri english primary school, maharashtra

# 132 : RAMKRISHNA PARAMHANSHA JR.COLLEGE. OSMANABAD --> ramkrishna paramhansha jr.college, maharashtra
[ChIJJw4peC2ixTsRIfsajsvPxRM] || [Ramkrishna Paramahansa Mahavidyalaya, Arts, Science & Commerce College] || [('A', 'Street Address', 'osmanabad')]

# 133 : TERNA MAHAVIDYALAYA, OSMANABAD --> terna mahavidyalay, maharashtra
[ChIJXWviTnWhxTsRA5Iw90bNJaI] || [Terna Mahavidyalaya] || [('B', 'Pincode', '413501')]

# 134 : BILL GATES COLLEGE OSMANABAD --> bill gates college, maharashtra
[ChIJpzWwpn-hxTsR1ne_hfMB5iM] || [Bill Gates College] || [('A', 'Street Address', 'osmanabad')]

# 135 : SHARAD PAWAR PRIMARY SCHOOL, OSMANABAD --> sharad pawar primary school, maharashtra
[ChIJXV4I3dCjxTsRXKXwSz22qmA] || [Sharad Pawar high school osmanabad] || [('A', 'Street Address', 'osmanabad')]

# 136 : GURUKUL VIMUKTA JATI ASHRAM SCHOOL,MANDWA(BANJARA) --> gurukul vimukta jati ashram school, maharashtra

# 137 : SWACHHANDA VIDYALAYA,  --> swachhanda vidyalay, maharashtra

# 138 : Z.P.PS,  --> z.p.ps,, maharashtra

# 139 : Z.P.UPS,  --> z.p.ups,, maharashtra

# 140 : Z.P.PS,  --> z.p.ps,, maharashtra

# 141 : Z.P.PS,  --> z.p.ps,, maharashtra

# 142 : Z.P.PS,HETI(KHURSAPAR) --> z.p.ps,, maharashtra

# 143 : Z.P.PS,  --> z.p.ps,, maharashtra

# 144 : ZILLA PARISHAD CENTRAL PRIMARY SCHOOL,  --> zilla parishad central primary school, maharashtra

# 145 : DNYANVARDHINI VIDYALAYA,  --> dnyanvardhini vidyalay, maharashtra

# 146 : RAJSHRI SHAHU P.SCHOOL,  --> rajshri shahu p.school, maharashtra

# 147 : MATA RAMABAI K. ANUSUCHIT JATI PRATHAMIK  NIVASHI ASHRAM SCHOOL, --> mata ramabai k. anusuchit jati prathamik  nivashi ashram school, maharashtra

# 148 : SHRI SANT MANKOJI  BHODLE  SECONDARY SCHOOL  --> shri sant mankoji  bhodle  secondary school, maharashtra

# 149 : DR. BABASAHEB AMBEDKAR PRIMARY SCHOOL  --> dr. babasaheb ambedkar primary school, maharashtra

# 150 : CENTRAL SC NIWASI MA.ASHRAM SCHOOL  --> central sc niwasi ma.ashram school, maharashtra

# 151 : CAMBRIGE ENGLISH SCHOOL,  --> cambrige english school, maharashtra
[ChIJfQ0SJoETxTsRXYfjl-V6VFA] || [Cambridge English School] || [('C', 'City', 'osmanabad')]

# 152 : Z.P.PS,  --> z.p.ps,, maharashtra

# 153 : Z.P.UPS,  --> z.p.ups,, maharashtra

# 154 : Z.P.PS, BHIVI (TEKDI) --> z.p.ps,, maharashtra

# 155 : Z.P.PS,  --> z.p.ps,, maharashtra

# 156 : SCHOOL OF BRILIANTS WARDHA --> school, maharashtra

# 157 : ZILLA PARISHAD PRIMARY SCHOOL, --> zilla parishad primary school, maharashtra

# 158 : ZILLA PARISHAD PRIMARY SCHOOL,SAMANGOAN --> zilla parishad primary school, maharashtra

# 159 : ZILLA PARISHAD PRIMARY SCHOOL, --> zilla parishad primary school, maharashtra

# 160 : ZILLA PARISHAD PRIMARY SCHOOL, --> zilla parishad primary school, maharashtra

# 161 : SHAYADRI INTERNATIONAL SCHOOL,OSMANABAD --> shayadri international school, maharashtra

# 162 : SHRI SHRI RAVISHANKAR SECONDARY SCHOOL, JADHAV WADI ROAD, OSMANABAD --> shri shri ravishankar secondary school, maharashtra
[ChIJH0LCRuqjxTsRI231a4i-Be0] || [Sri Sri Ravishankar Vidya Mandir] || [('A', 'Street Address', 'osmanabad')]

# 163 : ALLAMMA SIDHIK AHAMAD URDU PRIMARY SCHOOL, MILLY COLONY, OSMANABAD --> allamma sidhik ahamad urdu primary school, maharashtra

# 164 : SARAH SECONDARY SCHOOL, OSMANABAD --> sarah secondary school, maharashtra

# 165 : SARAH PRIMARY SCHOOL, OSMANABAD --> sarah primary school, maharashtra

# 166 : Z.P.PS,  --> z.p.ps,, maharashtra

# 167 : Z.P.PS,  --> z.p.ps,, maharashtra

# 168 : Z.P.PS, SIWANPHAL (LABHANTOLA) --> z.p.ps,, maharashtra

# 169 : Z.P.KOSHTIPURA PS,  --> z.p.koshtipura ps,, maharashtra

# 170 :  --> , maharashtra

# 171 : SHAMKANT KADU VDY,  --> shamkant kadu vdy,, maharashtra

# 172 : Z.P.UPS,  --> z.p.ups,, maharashtra

# 173 : SHAHID GOWARI  ASHRAM SCH  --> shahid gowari  ashram sch, maharashtra
[ChIJ_f__E6HG1DsRHTxqBp4vtS8] || [Shahid Gowari Smruti Ashram School] || [('C', 'City', 'nagpur')]

# 174 : MATA RAMABAI SECONDARY CENTRAL NIVASHI ASHRAM SCHOOL,  --> mata ramabai secondary central nivashi ashram school, maharashtra

# 175 : ARJU ENGLISH PRIMARY SCHOOL,  --> arju english primary school, maharashtra

# 176 : ZILLA PARISHAD PRIMARY SCHOOL,  --> zilla parishad primary school, maharashtra

# 177 : ZILLA PARISHAD PRIMARY SCHOOL, N.SAI   --> zilla parishad primary school, maharashtra

# 178 : SAMTA ENGLISH SCHOOL,  --> samta english school, maharashtra
[ChIJv9RfUdOjxTsRJ_TfU508xi4] || [Muktangan Primary English School] || [('C', 'City', 'osmanabad')]

# 179 : DR.BABASAHEB AMBEDKAR HIGHSCHOOL MIDC KALLAM --> dr.babasaheb ambedkar highschool, maharashtra

# 180 : ZILLA PARISHAD PRIMARY SCHOOL, --> zilla parishad primary school, maharashtra

# 181 : ZILLA PARISHAD PRIMARY SCHOOL, SHAHU NAGAR, --> zilla parishad primary school, maharashtra
[ChIJDfFyWbZgzzsR0h424pcf8Os] || [Zilla Parishad Primary School] || [('B', 'Pincode', '413606')]

# 182 : ZILLA PARISHAD CENTRAL PRIMARY SCHOOL, --> zilla parishad central primary school, maharashtra

# 183 : Z.P.P.SCHOOL GAWALIVASTI --> z.p.p.school, maharashtra

# 184 : NEW ARTS COMMERCE COLLEGE WARDHA --> new arts commerce college, maharashtra
[ChIJqVmSsAZ_1DsRSn8LJ3BWmLI] || [New Arts Commerce and Science College] || [('B', 'Pincode', '442001')]

# 185 : PRIYADARSHANI GIRLS JR. COLLEGE WARDHA --> priyadarshani girls jr. college, maharashtra

# 186 : SCHOOL OF BRILIANTS JR COLLEGE  --> school, maharashtra

# 187 : Z.P.PRI. SCHOOL  --> z.p.pri. school, maharashtra

# 188 : LALBHADUR SHASTRI HIGHSCHOOL, --> lalbhadur shastri highschool, maharashtra

# 189 : ZILLA PARISHAD PRIMARY SCHOOL, --> zilla parishad primary school, maharashtra

# 190 : SANT DNYANESHWAR NIWASHI M  --> sant dnyaneshwar niwashi m, maharashtra

# 191 : JIJAMATA PRIMARY VIDYAMANDIR  --> jijamata primary vidyamandir, maharashtra

# 192 : ZILLA PARISHAD PRIMARY URDU  SCHOOL  --> zilla parishad primary urdu  school, maharashtra

# 193 : SAI SAHARA INTERNATIONAL SCHOOL, OSMANABAD --> sai sahara international school, maharashtra

# 194 : BHARAT HIGHSCHOOL, --> bharat highschool, maharashtra
[ChIJt_xIgmDAKzoR0Fn2tTFqS5I] || [Bharat Bhau Bahekar High School Lohara] || [('B', 'Locality', 'lohara')]

# 195 : SARASWATI HIGHSCHOOL, --> saraswati highschool, maharashtra

# 196 : Z.P.PS(GIRLS),  --> z.p.ps(girls),, maharashtra

# 197 : Z.P.PS,DHARMAPUR,  --> z.p.ps,, maharashtra

# 198 : DIAMOND ENGLISH PRIMARY SCHOOL --> diamond english primary school, maharashtra
[ChIJ0R_tLaXB1DsRVL2Pjjdnhtw] || [Blue Diamond English High School] || [('C', 'City', 'nagpur')]

# 199 : MARIYA URDU PRIMARY SCHOOL, NAGPUR --> mariya urdu primary school, maharashtra
[ChIJWWTTBqfB1DsRJtTST9v7MtU] || [Pension Nagar Urdu Junior School] || [('A', 'VILLAGE_NAME', 'jafar nagar')]

# 200 : HAJI DAYASUDDIN, ENGLISH SCHOOL, NAGPUR --> haji dayasuddin, english school, maharashtra

# 201 : SUDHAKAR GAJBE MDY ASH SCH, --> sudhakar gajbe mdy ash sch, maharashtra

# 202 : Z.P.UPS, --> z.p.ups,, maharashtra

# 203 : DADASAHEB KHUMBHARE HS, --> dadasaheb khumbhare hs,, maharashtra

# 204 : Z.P.UPS, --> z.p.ups,, maharashtra

# 205 : HAJRAT KHAJA B URDU P.S. --> hajrat khaja b urdu p.s., maharashtra

# 206 : HAJRAT KHAJA B URDU H.S. --> hajrat khaja b urdu h.s., maharashtra

# 207 : ZILLA PARISHAD CENTRAL PRIMARY SCHOOL, --> zilla parishad central primary school, maharashtra

# 208 : ZILLA PARISHAD PRIMARY SCHOOL,  --> zilla parishad primary school, maharashtra

# 209 : JAWAHAR SECONDARY ASHRAM SCHOOL, & JUNIOR COLLEGE   --> jawahar secondary ashram school, maharashtra

# 210 : ZILLA PARISHAD PRIMARY SCHOOL,KRISHNA NAGAR, --> zilla parishad primary school, maharashtra
[ChIJDfFyWbZgzzsR0h424pcf8Os] || [Zilla Parishad Primary School] || [('B', 'Pincode', '413606')]

# 211 : ZILLA PARISHAD PRIMARY SCHOOL, --> zilla parishad primary school, maharashtra
[ChIJDfFyWbZgzzsR0h424pcf8Os] || [Zilla Parishad Primary School] || [('B', 'Pincode', '413606')]

# 212 : ZILLA PARISHAD PRIMARY SCHOOL,KADMAPUR --> zilla parishad primary school, maharashtra
[ChIJDfFyWbZgzzsR0h424pcf8Os] || [Zilla Parishad Primary School] || [('B', 'Pincode', '413606')]

# 213 : Z.P.P.SCHOOL  --> z.p.p.school, maharashtra

# 214 : Z.P.P.SCHOOL  --> z.p.p.school, maharashtra

# 215 : Z.P.P.SCHOOL KOLHEWASTI  --> z.p.p.school, maharashtra

# 216 : Z.P.P.SCHOOL  --> z.p.p.school, maharashtra

# 217 : Z.P.PRI. SCHOOL, GAJANAN NAGAR  --> z.p.pri. school, maharashtra

# 218 : LT. RAJIV GANDHI PRI. SCHOOL  --> lt. rajiv gandhi pri. school, maharashtra

# 219 : AGRAGAMI CONVENT  --> agragami convent, maharashtra
[ChIJq_2--8d_1DsR5DlJY9am_Bo] || [Agragami School Mhasala Wardha] || [('A', 'Street Address', 'nalwadi')]

# 220 : DAULATSING VIDYALAYA  --> daulatsing vidyalay, maharashtra
[ChIJQ_Syy-5-1DsRkmL3p60L59g] || [Daulat Singh Vidyalaya] || [('A', 'VILLAGE_NAME', 'pipri')]

# 221 : S P HIGHSCHOOL, --> s p highschool, maharashtra

# 222 : ZILLA PARISHAD CENTRAL PRIMARY SCHOOL,  --> zilla parishad central primary school, maharashtra

# 223 : SWAMI VIVEKANAND VIDYAMANDIR  --> swami vivekanand vidyamandir, maharashtra

# 224 : ZILLA PARISHAD PRIMARY SCHOOL,SHIDHESHAVAR VASTI  --> zilla parishad primary school, maharashtra

# 225 : BHARAT VIDYALAYA, --> bharat vidyalay, maharashtra
[ChIJ1cUmHT5bzzsRjE_lvL4hs-s] || [Bharat Vidyalaya] || [('A', 'Street Address', 'omerga')]

# 226 : CHATRAPATI SHIVAJI VIDYALAYA, --> chatrapati shivaji vidyalay, maharashtra
[ChIJpzKQYZtezzsRxpSkNnVWkr0] || [shri chatrapati shivaji vidyalay balsur] || [('A', 'Street Address', 'balsur')]

# 227 : NANDURAM ASHRAM SCHOOM LAMAN TANDA, --> nanduram ashram sch, maharashtra

# 228 : SAKHUBAI SECONDARY ASHRAM SCHOOL  --> sakhubai secondary ashram school, maharashtra

# 229 : LITTLE SCHOLAR'S PUBLIC SCHOOL, BEZONBAG, NAGPUR --> little scholar's public school, maharashtra
[ChIJud7hoSfB1DsREvxb5dBm4Wc] || [Little Scholars Public School] || [('C', 'City', 'nagpur')]

# 230 : S.K.B. SKY BIRD CONVENT, PILI NADI, NAGPUR --> s.k.b. sky bird convent, maharashtra

# 231 : PANCHSHEEL PRATHMIK SHALA, RANI DURGAWATI NAGAR --> panchsheel prathmik shala, maharashtra

# 232 : NEW INDIRA CON UCCH PRI. SCH HINDI KAMTH --> new indira con ucch pri. sch, maharashtra

# 233 : DELHI PUBLIC SCHOOL  --> delhi public school, maharashtra
[ChIJeVe9UI7G1DsR6UhbEJVFZqQ] || [Delhi Public School] || [('A', 'VILLAGE_NAME', 'khairi')]

# 234 : EDIFY SCHOOL, --> edify school, maharashtra
[ChIJi5XKX4jG1DsRr0LaCQNHM7A] || [EDIFY SCHOOL NAGPUR] || [('A', 'VILLAGE_NAME', 'khairi')]

# 235 : Z.P.UPS, --> z.p.ups,, maharashtra

# 236 : ZILLA PARISHAD PRIMARY SCHOOL, --> zilla parishad primary school, maharashtra

# 237 : ZILLA PARISHAD PRIMARY SCHOOL, --> zilla parishad primary school, maharashtra

# 238 : ZILLA PARISHAD PRIMARY SCHOOL, --> zilla parishad primary school, maharashtra

# 239 : ZILLA PARISHAD PRIMARY SCHOOL,DESMEGAON --> zilla parishad primary school, maharashtra

# 240 : ZILLA PARISHAD PRIMARY SCHOOL, --> zilla parishad primary school, maharashtra
[ChIJDfFyWbZgzzsR0h424pcf8Os] || [Zilla Parishad Primary School] || [('B', 'Pincode', '413606')]

# 241 : ZILLA PARISHAD PRIMARY SCHOOL, JAGDAMBA NAGAR, --> zilla parishad primary school, maharashtra
[ChIJDfFyWbZgzzsR0h424pcf8Os] || [Zilla Parishad Primary School] || [('B', 'Pincode', '413606')]

# 242 : ZILLA PARISHAD PRIMARY SCHOOL,LAMAN TANDA NO-2, --> zilla parishad primary school, maharashtra
[ChIJDfFyWbZgzzsR0h424pcf8Os] || [Zilla Parishad Primary School] || [('B', 'Pincode', '413606')]

# 243 : ZILLA PARISHAD PRIMARY SCHOOL, --> zilla parishad primary school, maharashtra
[ChIJDfFyWbZgzzsR0h424pcf8Os] || [Zilla Parishad Primary School] || [('B', 'Pincode', '413606')]

# 244 : ZPP SCHOOL BHADANGEVASTI --> zpp school, maharashtra

# 245 : Z.P.P.SCHOOL  --> z.p.p.school, maharashtra

# 246 : K.B. ROHAMARE JUNIOR COLLEGE JAWALE --> k.b. rohamare junior college, maharashtra
[ChIJkYLFeolE3DsR47uYTjVIvf4] || [K J Somaiya Senior And K B Rohmare Jr College] || [('B', 'Locality', 'kopargaon')]

# 247 : SHETKARI MADH. VIDH. JAWALKE --> shetkari madh. vidh. jawalke, maharashtra

# 248 : RST. SAMAJIK VIDYALAYA  --> rst. samajik vidyalay, maharashtra

# 249 : CHUNNILAL KATARIYA  PRI. SCH. MC.HINGANGHAT --> chunnilal katariya  pri. sch, maharashtra

# 250 : NEHRU VIDYALAYA  --> nehru vidyalay, maharashtra

# 251 : SANT CHAVARA SCHOOL  --> sant chavara school, maharashtra

# 252 : ZILLA PARISHAD PRIMARY SCHOOL, --> zilla parishad primary school, maharashtra

# 253 : KAY RAJIV GANDHI VIDYALAYA  --> kay rajiv gandhi vidyalay, maharashtra

# 254 : ZILLA PARISHAD PRIMARY SCHOOL, --> zilla parishad primary school, maharashtra

# 255 : ZILLA PARISHAD PRIMARY SCHOOL, --> zilla parishad primary school, maharashtra

# 256 : ZILLA PARISHAD PRIMARY SCHOOL,RAMKRISHNA NAGAR, --> zilla parishad primary school, maharashtra
[ChIJDfFyWbZgzzsR0h424pcf8Os] || [Zilla Parishad Primary School] || [('B', 'Pincode', '413606')]

# 257 : ZILLA PARISHAD PRIMARY SCHOOL, MALLIKARJUN VASTI, --> zilla parishad primary school, maharashtra
[ChIJDfFyWbZgzzsR0h424pcf8Os] || [Zilla Parishad Primary School] || [('B', 'Pincode', '413606')]

# 258 : SHRI CHATRAPATI SHIVAJI ENGLISH SCHOOL,  --> shri chatrapati shivaji english school, maharashtra
[ChIJCUM-6z5bzzsRhdB-_LvWKi0] || [Shri Chhatrapati Shivaji College, Omerga] || [('B', 'Locality', 'omerga')]

# 259 : ZILLA PARISHAD CENTRAL PRIMARY SCHOOL, --> zilla parishad central primary school, maharashtra

# 260 : MAHATAMAFULE GIRLS PRI SCH --> mahatamafule girls pri sch, maharashtra

# 261 : SHANTI VIDYA MANDIR PRI SCH MAR --> shanti vidya mandir pri sch, maharashtra

# 262 : SHANTI VDY MANDIR PRI SCH ENG --> shanti vdy mandir pri sch, maharashtra

# 263 : BHARAT UPP PRI SCH SHENDE NGR --> bharat upp pri sch, maharashtra
[ChIJVVVVxXvA1DsRJmmvCoVO1L8] || [Bharat Primary School] || [('C', 'City', 'nagpur')]

# 264 : SHRI PANDURANG GAWATE VIDY.,  --> shri pandurang gawate vidy.,, maharashtra

# 265 : CENTRAL INDIA PUBLIC SCH.  --> central india public sch, maharashtra
[ChIJ3VGsKsDH1DsRLXqQDw60FrA] || [Central India Public School] || [('B', 'Pincode', '440026')]

# 266 : ST. DON. BOSCO JACOB  SCH. --> st. don. bosco jacob  sch, maharashtra
[ChIJo9so95TG1DsRfxAtV9qw0hI] || [St. Don Bosco Middle School] || [('A', 'VILLAGE_NAME', 'bhilgaon')]

# 267 : MOUNT LITRA ZEE SCHOOL  --> mount litra zee school, maharashtra
[ChIJs8X6DfPG1DsRMVeL7DKJvss] || [Mount Litera Zee School Nagpur] || [('A', 'VILLAGE_NAME', 'bhilgaon')]

# 268 : MAHTMA BASVESHWAR VIDYALAYA, DESMEGAON --> mahtma basveshwar vidyalay, maharashtra

# 269 : ZILLA PARISHAD PRIMARY SCHOOL,DONGEREWADI --> zilla parishad primary school, maharashtra

# 270 : ZILLA PARISHAD PRIMARY SCHOOL, --> zilla parishad primary school, maharashtra

# 271 : ZILLA PARISHAD PRIMARY SCHOOL, --> zilla parishad primary school, maharashtra

# 272 : ZILLA PARISHAD PRIMARY SCHOOL, LAMAN TANDA NO-1, --> zilla parishad primary school, maharashtra
[ChIJDfFyWbZgzzsR0h424pcf8Os] || [Zilla Parishad Primary School] || [('B', 'Pincode', '413606')]

# 273 : ZILLA PARISHAD PRIMARY SCHOOL,LAMAN TANDA(EAST), --> zilla parishad primary school, maharashtra
[ChIJDfFyWbZgzzsR0h424pcf8Os] || [Zilla Parishad Primary School] || [('B', 'Pincode', '413606')]

# 274 : LOKMANYA TILAK VIDYALAYA, --> lokmanya tilak vidyalay, maharashtra

# 275 : ZILLA PARISHAD PRIMARY SCHOOL, --> zilla parishad primary school, maharashtra
[ChIJDfFyWbZgzzsR0h424pcf8Os] || [Zilla Parishad Primary School] || [('B', 'Pincode', '413606')]

# 276 : VISHWADHARA ENGLISH MEDIUM SCHOOL DHONEWADI --> vishwadhara english medium school, maharashtra
[ChIJYaMyXmxE3DsRDuIwCTjyrJU] || [Shri Sharda English Medium School] || [('B', 'Locality', 'kopargaon')]

# 277 : Z.P.P.SCHOOL  --> z.p.p.school, maharashtra

# 278 : Z.P.P.SCHOOL  --> z.p.p.school, maharashtra

# 279 : Z.P.PRI. SCHOOL  --> z.p.pri. school, maharashtra

# 280 : Z.P.UP. PRI. SCHOOL  --> z.p.up. pri. school, maharashtra

# 281 : Z.P.UP.PRI. SCHOOL  --> z.p.up.pri. school, maharashtra

# 282 : Z.P.PRI. SCHOOL, BHIMNAGAR  --> z.p.pri. school, maharashtra

# 283 : ZILLA PARISHAD PRIMARY SCHOOL, --> zilla parishad primary school, maharashtra

# 284 : ZILLA PARISHAD PRIMARY SCHOOL,PIMPRI (SHI) --> zilla parishad primary school, maharashtra

# 285 : ZILLA PARISHAD PRIMARY SCHOOL,.HANUMANNAGAR PIMPRI (SHI) --> zilla parishad primary school, maharashtra

# 286 : EVEREST ENGLISH SCHOOL, RADHAI NAGAR PIMPRI(SHI) --> everest english school, maharashtra

# 287 : ZILLA PARISHAD PRIMARY SCHOOL, LAMAN TANDA, --> zilla parishad primary school, maharashtra
[ChIJDfFyWbZgzzsR0h424pcf8Os] || [Zilla Parishad Primary School] || [('B', 'Pincode', '413606')]

# 288 : LALBHADUR SHASTRI VIDYALAYA, --> lalbhadur shastri vidyalay, maharashtra

# 289 : ZILLA PARISHAD PRIMARY SCHOOL, --> zilla parishad primary school, maharashtra
[ChIJDfFyWbZgzzsR0h424pcf8Os] || [Zilla Parishad Primary School] || [('B', 'Pincode', '413606')]

# 290 : BHARAT VIDYALAYA, --> bharat vidyalay, maharashtra
[ChIJ1cUmHT5bzzsRjE_lvL4hs-s] || [Bharat Vidyalaya] || [('A', 'Street Address', 'omerga')]

# 291 : M FULE PRI SCH (GIRLS) --> m fule pri sch, maharashtra
[ChIJHc6GZyzH1DsRd4oR5hjabbY] || [M.Jotiba Fule Upper Primary School] || [('C', 'City', 'nagpur')]

# 292 : M FULE PRI SCH --> m fule pri sch, maharashtra
[ChIJHc6GZyzH1DsRd4oR5hjabbY] || [M.Jotiba Fule Upper Primary School] || [('C', 'City', 'nagpur')]

# 293 : SAMTA PRI SCH SHENDE NGR --> samta pri sch, maharashtra

# 294 : RADHABAI UPP PRI SCH PANCHVATI --> radhabai upp pri sch, maharashtra

# 295 : GAUTAM UPP PRI SCH PANCHSHIL --> gautam upp pri sch, maharashtra
[ChIJAwAAAHDG1DsRVAdBXvkRMko] || [Z.P.Upper Primary School] || [('C', 'City', 'nagpur')]

# 296 : GURUKUL MYD. ASHRAM SCH.  --> gurukul myd. ashram sch, maharashtra
[ChIJWbNxOWHA1DsRJwcz9NkQkT8] || [Shree Swaminarayan Gurukul International School] || [('C', 'City', 'nagpur')]

# 297 : LATE SMT.LAXMIDEVI AGARWALA CONVENT,  --> late smt.laxmidevi agarwala convent, maharashtra

# 298 : Z.P. PS,  --> z.p. ps,, maharashtra

# 299 : ZILLA PARISHAD PRIMARY SCHOOL, --> zilla parishad primary school, maharashtra

# 300 : ZILLA PARISHAD PRIMARY SCHOOL, --> zilla parishad primary school, maharashtra

# 301 : ZILLA PARISHAD PRIMARY SCHOOL, --> zilla parishad primary school, maharashtra

# 302 : NEW HIGHSCHOOL, --> new highschool, maharashtra

# 303 : ZILLA PARISHAD PRIMARY SCHOOL, --> zilla parishad primary school, maharashtra

# 304 : LONKARAN RATHI PS, --> lonkaran rathi ps,, maharashtra

# 305 : SHAHID BHAGATSING HIGHSCHOOL, --> shahid bhagatsing highschool, maharashtra

# 306 : ZILLA PARISHAD PRIMARY SCHOOL, --> zilla parishad primary school, maharashtra
[ChIJDfFyWbZgzzsR0h424pcf8Os] || [Zilla Parishad Primary School] || [('B', 'Pincode', '413606')]

# 307 : ZILLA PARISHAD PRIMARY SCHOOL, --> zilla parishad primary school, maharashtra
[ChIJDfFyWbZgzzsR0h424pcf8Os] || [Zilla Parishad Primary School] || [('B', 'Pincode', '413606')]

# 308 : ORAL AURAL KARNBADHIR VIDHYALAY, RAMDASPETH --> oral aural karnbadhir vidhyalay,, maharashtra

# 309 : Z.P.PRI. SCHOOL  --> z.p.pri. school, maharashtra

# 310 : Z.P.PRI. SCHOOL  --> z.p.pri. school, maharashtra

# 311 : Z.P.UP.PRI. SCHOOL PAWNOOR --> z.p.up.pri. school, maharashtra

# 312 : RANIBAI AGNIHOTRI VIDYALAYA  --> ranibai agnihotri vidyalay, maharashtra
[ChIJaT7nTQ5_1DsRWFHe7zBuapg] || [Ranibai Agnihotri College, Wardha] || [('B', 'Locality', 'wardha')]

# 313 : ZILLA PARISHAD PRIMARY SCHOOL, --> zilla parishad primary school, maharashtra

# 314 : JANSEVA VIDYALAYA,  --> janseva vidyalay, maharashtra

# 315 : ZILLA PARISHAD PRIMARY SCHOOL, --> zilla parishad primary school, maharashtra

# 316 : ZILLA PARISHAD PRIMARY SCHOOL, --> zilla parishad primary school, maharashtra

# 317 : SATI ANUSAYA HS, --> sati anusaya hs,, maharashtra

# 318 : Z.P PS, --> z.p ps,, maharashtra

# 319 : ZILLA PARISHAD PRIMARY SCHOOL, --> zilla parishad primary school, maharashtra

# 320 : ZILLA PARISHAD PRIMARY SCHOOL,BAGATWADI MADHALIWADI --> zilla parishad primary school, maharashtra
[ChIJDfFyWbZgzzsR0h424pcf8Os] || [Zilla Parishad Primary School] || [('B', 'Pincode', '413606')]

# 321 : ZILLA PARISHAD PRIMARY SCHOOL, --> zilla parishad primary school, maharashtra
[ChIJDfFyWbZgzzsR0h424pcf8Os] || [Zilla Parishad Primary School] || [('B', 'Pincode', '413606')]

# 322 : ISLAMIYA URDU PRY SCH --> islamiya urdu pry sch, maharashtra

# 323 : Z.P.PS, --> z.p.ps,, maharashtra

# 324 : BHANGE PUBLIC SCH.  --> bhange public sch, maharashtra
[ChIJMx4-RcLD1DsRwNSljEfwn6c] || [Bhange Public School] || [('C', 'City', 'nagpur')]

# 325 : Z.P.PS, --> z.p.ps,, maharashtra

# 326 : Z.P.PS, --> z.p.ps,, maharashtra

# 327 : KAY BHAI NARAYAN LOMTE SEC. SC  --> kay bhai narayan lomte sec. sc, maharashtra

# 328 : ZILLA PARISHAD PRIMARY SCHOOL, --> zilla parishad primary school, maharashtra

# 329 : GOVINDRAO UMAP HS, --> govindrao umap hs,, maharashtra

# 330 : INDIRA GIRLS HS,  --> indira girls hs,, maharashtra
[ChIJX3iV751f1DsRczcly-PbOCg] || [Indira Girls High School Kondhali] || [('A', 'Street Address', 'kondhali')]

# 331 : NIZAMIYA HS,  --> nizamiya hs,, maharashtra

# 332 : LAKHOTIYA BHUTDA VDY,  --> lakhotiya bhutda vdy,, maharashtra
[ChIJyzoMqApf1DsRwaigc-llyEY] || [Lakhotia Bhutada High School Kondhali] || [('B', 'Pincode', '441103')]

# 333 : GOODWILL CONVENT, --> goodwill convent, maharashtra
[ChIJfR8gURXH1DsR2YA_e-XYANg] || [Pritam Goodwill] || [('C', 'City', 'nagpur')]

# 334 : GRUHINI SAMAJ MARATHI PRIMARY SCHOOL --> gruhini samaj marathi primary school, maharashtra
[ChIJC52EzI3A1DsRZtsom4TIAfI] || [Gruhini Samaj Marathi Primary School] || [('C', 'City', 'nagpur')]

# 335 : TENDERSTEPS (CDS) SCHOOL --> tendersteps (cds) school, maharashtra
[ChIJAQAAAI_A1DsRlQ9bdDBD4WA] || [The Chanda Devi Saraf School] || [('C', 'City', 'nagpur')]

# 336 :  --> , maharashtra

# 337 : SENT JORJ CONVENT --> sent jorj convent, maharashtra
[ChIJ3dmUa6_A1DsRy7uqJC_IoOQ] || [st.george's convent,] || [('C', 'City', 'nagpur')]

# 338 : Z.P. PS, PIMPALGAON(RAUT) --> z.p. ps,, maharashtra

# 339 : ZILLA PARISHAD PRIMARY SCHOOL,CHIRKADWASTI,  --> zilla parishad primary school, maharashtra

# 340 : ZILLA PARISHAD PRIMARY SCHOOL, --> zilla parishad primary school, maharashtra
[ChIJ17j4EcDA1DsRILIgD0e_1xk] || [Zilla Parishad Primary School] || [('A', 'VILLAGE_NAME', 'pardi')]

# 341 : MAHARUDRA MOTHE VIDYALAYA,  --> maharudra mothe vidyalay, maharashtra

# 342 : Z.P.UPS,  --> z.p.ups,, maharashtra

# 343 : Z.P.PS, WANDLI --> z.p.ps,, maharashtra

# 344 : Z.P.UPS, DIGRAS[BU] --> z.p.ups,, maharashtra

# 345 : VASANTRAO DESHMUKH VDY, DIGRAS[BU] --> vasantrao deshmukh vdy,, maharashtra

# 346 : RASHIDIYA URDU UPP PRY SCH --> rashidiya urdu upp pry sch, maharashtra

# 347 : SINDI HINDI ENG PRI SCH --> sindi hindi eng pri sch, maharashtra
[ChIJB7XhEpu_1DsRP7zVebpz5qU] || [Sindi Hindi English Primary School] || [('A', 'VILLAGE_NAME', 'khamla')]

# 348 : MANJUSHA CONVENT MAR. P.S. --> manjusha convent, maharashtra
[ChIJF7qfTni_1DsR-2Na3dJjTkg] || [Manjusha Convent] || [('A', 'VILLAGE_NAME', 'khamla')]

# 349 : SNEHANGAN APANG MULANCHI SHALA, MATRU SEVA SANGH --> snehangan apang mulanchi shala, maharashtra

# 350 : Z.P.UPS, --> z.p.ups,, maharashtra

# 351 : SHREENATH HS,  --> shreenath hs,, maharashtra
[ChIJ8avTY8zA1DsRBnzeCyZ2gJQ] || [Shreenath Collection] || [('C', 'City', 'nagpur')]

# 352 : SPANDAN CONVENT,  --> spandan convent, maharashtra
[ChIJMxCRMxjI1DsRNh6f-MLYeJI] || [Spandan Convent] || [('A', 'Street Address', 'mahalgaon')]

# 353 : Z.P.UPS, --> z.p.ups,, maharashtra

# 354 : MAITRAI CONVENT SCHOOL KHAMLI --> maitrai convent school, maharashtra

# 355 : NEW MOUNT CONVENT PS,  --> new mount convent, maharashtra
[ChIJSYdLZL9V1DsRaHaVm0r9kXk] || [New Mount Convent] || [('A', 'Street Address', 'sawargaon')]

# 356 : EKLAVYA SCHOLARS  --> eklavya sch, maharashtra
[ChIJvWSOeetV1DsR_-Z04gokOr4] || [Eklavya Scholars CBSE School Sawargaon] || [('A', 'Street Address', 'sawargaon')]

# 357 : Z.P.UPS,  --> z.p.ups,, maharashtra

# 358 : Z.P. UPS, MOHGAON BHADADE --> z.p. ups,, maharashtra
[ChIJ9QrooN4i1DsRv1NQqJoKFyc] || [Z.p Up. Primary School] || [('C', 'City', 'nagpur')]

# 359 : SUNRISE CONVENT,  --> sunrise convent, maharashtra
[ChIJSxOk0p9f1DsRJtOPJdpGy9s] || [Sunrise Convent] || [('A', 'Street Address', 'kondhali')]

# 360 : ST. RADHABAI APANG V. SCHOOL --> st. radhabai apang v. school, maharashtra

# 361 : LAKHOTIYA BHUTDA HIGH SCHOOL(CBSE)  --> lakhotiya bhutda high school, maharashtra
[ChIJyzoMqApf1DsRwaigc-llyEY] || [Lakhotia Bhutada High School Kondhali] || [('B', 'Pincode', '441103')]

# 362 : SUNRISE MARATHI PS & UPS SCH, --> sunrise marathi ps & ups sch, maharashtra

# 363 : ARVIND INDO PUBLIC SCHOOL,  --> arvind indo public school, maharashtra
[ChIJ3flNfMJZ1DsRVzyvL41kXys] || [Arvind Indo Public School, Katol (CBSE)] || [('B', 'Locality', 'katol')]

# 364 : LT. KAMALTAI DAWANDE PRI. SCH. --> lt. kamaltai dawande pri. sch, maharashtra
[ChIJ1wELe07H1DsRyoZKq5wvgEc] || [LT. KAMALTAI DAWANDE PRI. SCH.] || [('A', 'VILLAGE_NAME', 'old shukrawari')]

# 365 : NEW HORIZON PUBLIC SCHOOL --> new horizon public school, maharashtra

# 366 : SWAMI SITARAMDAS UPP PRI SCHOO --> swami sitaramdas upp pri sch, maharashtra

# 367 : ATULESH CONVENT, MHALGI NAGAR --> atulesh convent, maharashtra
[ChIJkRMVubm41DsR3AQLDUr8Vws] || [Atulesh Convent] || [('B', 'Pincode', '440034')]

# 368 : SWAMI GAJANAN PRI. SCHOOL --> swami gajanan pri. school, maharashtra
[ChIJw5P7Qp241DsR1QpM-QXyS38] || [Swami Gajanan High School] || [('C', 'City', 'nagpur')]

# 369 : ZILLA PARISHAD CENTRAL PRIMARY SCHOOL, --> zilla parishad central primary school, maharashtra
[ChIJGYHrejTf0DsRr9euYesAVEY] || [Zila Parishad Central Primary Marathi School] || [('B', 'Locality', 'washi')]

# 370 : GIRLS HIGHSCHOOL,  --> girls highschool, maharashtra

# 371 : MAHATMA PHULE HIGHSCHOOL,  --> mahatma phule highschool, maharashtra

# 372 : ZILLA PARISHAD PRIMARY SCHOOL,PIMPALGAON(KO) --> zilla parishad primary school, maharashtra

# 373 : Z.P.UPS, YERLA(DHOTE) --> z.p.ups,, maharashtra

# 374 : DADASAHEB BAROKAR HS & JR.COLLAGE YERLA(DHOTE) --> dadasaheb barokar hs & jr.collage yerla(, maharashtra

# 375 : Z.P.PS,  --> z.p.ps,, maharashtra

# 376 : Z.P.UPS,  --> z.p.ups,, maharashtra

# 377 : NEW LIFE CENTRE SCHOOL MUKBADHIR SITABULDI --> new life centre school, maharashtra

# 378 : VAISHALI CONVENT SCHOOL --> vaishali convent school, maharashtra
[ChIJ_____-rA1DsRmFtdV9gfkPo] || [Vaishali Convent School] || [('B', 'Pincode', '440012')]

# 379 : TILAK UPP PRI SCH (ENG) --> tilak upp pri sch, maharashtra

# 380 : TINY TOTS UPPER PRIMARY SCHOOL NAGPUR --> tiny tots upper primary school, maharashtra
[ChIJT4yvZH-_1DsRch1PvN-CVys] || [7 Star Tiny Tots] || [('C', 'City', 'nagpur')]

# 381 : Z.P. PS,  --> z.p. ps,, maharashtra

# 382 : Z.P. UPS, GHOTI (RAMJAN) --> z.p. ups,, maharashtra
[ChIJ9QrooN4i1DsRv1NQqJoKFyc] || [Z.p Up. Primary School] || [('C', 'City', 'nagpur')]

# 383 : ZILLA PARISHAD PRIMARY SCHOOL, --> zilla parishad primary school, maharashtra

# 384 : ZILLA PARISHAD PRIMARY SCHOOL,ZENDEWADI --> zilla parishad primary school, maharashtra

# 385 : Z.P. PS,  --> z.p. ps,, maharashtra

# 386 : GURUMAHARAJ ADIWASI VDY,  --> gurumaharaj adiwasi vdy,, maharashtra

# 387 : Z.P.UPS,  --> z.p.ups,, maharashtra

# 388 : DOLPHIN CONVENT SCHOOL, --> dolphin convent school, maharashtra
[ChIJPRbC6AvA1DsRI8msWSux2ug] || [Dolphin School] || [('C', 'City', 'nagpur')]

# 389 : Z.P.UPS,  --> z.p.ups,, maharashtra

# 390 : TRIMURTI VDY,  --> trimurti vdy,, maharashtra
[ChIJVVVVVVHB1DsRsP6y2PSscng] || [Nagsen Vdy Bezanbag] || [('C', 'City', 'nagpur')]

# 391 : Z.P.PS, --> z.p.ps,, maharashtra

# 392 : BHARAMNAND UPP. PRI .SCHOOL --> bharamnand upp. pri .school, maharashtra

# 393 : J.P. ENGLISH CONVENT --> j.p. english convent, maharashtra
[ChIJw1y1ZF_H1DsRksybP6kSR1o] || [J.P English School] || [('B', 'Pincode', '440009')]

# 394 : SANT SAWATA UPP. PRY. SCH. SN. --> sant sawata upp. pry. sch, maharashtra

# 395 : VISHAWAS PRI . SCHOOL --> vishawas pri . school, maharashtra

# 396 : VASANT VIDYALAYA, PIMPALGAON(KO) --> vasant vidyalay, maharashtra

# 397 : ZILLA PARISHAD PRIMARY SCHOOL,PIMPALGAON(KAMLESHWARI) --> zilla parishad primary school, maharashtra

# 398 : KAMLESHWARI VIDYALAYA, PIMPALGAON(KAMLESHWARI) --> kamleshwari vidyalay, maharashtra

# 399 : ZILLA PARISHAD PRIMARY SCHOOL,PARDHEWASTI, PIMPALGAON(KAMLESHWARI) --> zilla parishad primary school, maharashtra

# 400 : Z.P.UPS, WADHONA(LO) --> z.p.ups,, maharashtra

# 401 : Z.P.PS,  --> z.p.ps,, maharashtra

# 402 : Z.P.UPS,  --> z.p.ups,, maharashtra

# 403 : SHRIRAM  VDY,  --> shriram  vdy,, maharashtra

# 404 : SCHOLARS CONVENT NAGPUR --> sch, maharashtra
[ChIJq6qqXsLA1DsRhDc-2fz6k5A] || [St Joseph Convent School] || [('C', 'City', 'nagpur')]

# 405 : SOMALWAR  ENGLISH PRIMARY  SCHOOL --> somalwar  english primary  school, maharashtra
[ChIJBbC5-4K_1DsRWY2etly4694] || [Somalwar English Primary School] || [('C', 'City', 'nagpur')]

# 406 : HADAS UPP PRI SCHOOL (ENG) --> hadas upp pri school, maharashtra
[ChIJC52EzI3A1DsRMQenBh2TheU] || [Hadas Upper Primary School] || [('C', 'City', 'nagpur')]

# 407 : PRIYADARSHANI PRI SCHOOL --> priyadarshani pri school, maharashtra
[ChIJC52EzI3A1DsRSgKT5OXW8XM] || [Priyadarshani Primary School] || [('C', 'City', 'nagpur')]

# 408 : SARASWATI VIDYALAYA PRIMARY SCHOOL SCHOOL --> saraswati vidyalaya primary school, maharashtra
[ChIJU0i7l2PA1DsRv8vvx8O8zjY] || [Saraswati Vidyalaya] || [('A', 'VILLAGE_NAME', 'shankar nagar')]

# 409 : ZILLA PARISHAD PRIMARY SCHOOL, --> zilla parishad primary school, maharashtra

# 410 : ZILLA PARISHAD PRIMARY SCHOOL, --> zilla parishad primary school, maharashtra

# 411 : ZILLA PARISHAD PRIMARY SCHOOL, --> zilla parishad primary school, maharashtra

# 412 : ZILLA PARISHAD CENTRAL PRIMARY SCHOOL, --> zilla parishad central primary school, maharashtra

# 413 : RAUT VDY,  --> raut vdy,, maharashtra

# 414 : Z.P.UPS,  --> z.p.ups,, maharashtra

# 415 : Z.P. PS, AGARA --> z.p. ps,, maharashtra

# 416 : LATE N. MOWADE HS,  --> late n. mowade hs,, maharashtra

# 417 : Z.P.PS, PANJARAKATE --> z.p.ps,, maharashtra

# 418 : ZILLA PARISHAD PRIMARY SCHOOL, NARKE WASTI --> zilla parishad primary school, maharashtra

# 419 : Z.P. UPS,  --> z.p. ups,, maharashtra
[ChIJ9QrooN4i1DsRv1NQqJoKFyc] || [Z.p Up. Primary School] || [('C', 'City', 'nagpur')]

# 420 : ADARSH VIDYALAYA,  --> adarsh vidyalay, maharashtra
[ChIJDwD_WFrH1DsRievG0Cw188A] || [Adarsh Sanskar Vidyalaya] || [('C', 'City', 'nagpur')]

# 421 : NAVMAHARASHTRA PRI .SCHOOL --> navmaharashtra pri .school, maharashtra

# 422 : JODH PRIMARY SCHOOL. --> jodh primary school, maharashtra

# 423 : NANDANWAN MAR. PRI . SCHOOL --> nandanwan mar. pri . school, maharashtra
[ChIJcRSxKQda2jsRxw1WwGJYtzA] || [Nandanwan Marathi Primary School] || [('C', 'City', 'nagpur')]

# 424 : PRAVIN PRIAMRY SCHOOL --> pravin priamry school, maharashtra

# 425 : Z.P.UP.PRI. SCHOOL  --> z.p.up.pri. school, maharashtra

# 426 : ZILLA PARISHAD PRIMARY SCHOOL, --> zilla parishad primary school, maharashtra

# 427 : SAMBHAJI VIDYALAYA,  --> sambhaji vidyalay, maharashtra

# 428 : Z.P.PS, SAWALI(P) --> z.p.ps,, maharashtra

# 429 : Z.P.PS,WANDLI(WAGH) --> z.p.ps,, maharashtra

# 430 : GENIASKO POINT SCHOOL --> geniasko point school, maharashtra
[ChIJzcPYsOX41DsRrGtjw6bAcIc] || [Geniasko Point School] || [('C', 'City', 'nagpur')]

# 431 : ZILLA PARISHAD PRIMARY SCHOOL,  --> zilla parishad primary school, maharashtra

# 432 : Z.P.PS,  --> z.p.ps,, maharashtra

# 433 : Z.P. PS,  --> z.p. ps,, maharashtra

# 434 : SOMALWAR MAR. PRI. SCHOOL --> somalwar mar. pri. school, maharashtra
[ChIJqS5iwY_A1DsRXw7Im-mFcBI] || [Somalwar High School] || [('C', 'City', 'nagpur')]

# 435 : R. K. VIDYA MANDIR --> r. k. vidya mandir, maharashtra

# 436 : PRAHAR WASUDEO LEELA VIDYAKUNJ --> prahar wasudeo leela vidyakunj, maharashtra
[ChIJlxNoMJ2_1DsRE8oHqs-B9dE] || [PRAHAR Samaj Jagruti Sanstha] || [('A', 'VILLAGE_NAME', 'khamla')]

# 437 : BUDDHIST INTERNATIONAL SCHOOL --> buddhist international school, maharashtra
[ChIJ1cnoR4DB1DsRqCPMgTklUV4] || [Buddhist InterNational School] || [('C', 'City', 'nagpur')]

# 438 : ZILLA PARISHAD PRIMARY SCHOOL, DATTA NAGAR  --> zilla parishad primary school, maharashtra

# 439 : SHIV CHATRAPATI VIDYALAYA  --> shiv chatrapati vidyalay, maharashtra
[ChIJtV-q1z1zxTsRAqEnQv82FbE] || [shivchatrapati vidhyalaya] || [('A', 'VILLAGE_NAME', 'malkaranja')]

# 440 : ZILLA PARISHAD PRIMARY SCHOOL, --> zilla parishad primary school, maharashtra

# 441 : PRATIBHA NIKETAN VIDYALAYA, --> pratibha niketan vidyalay, maharashtra

# 442 : Z.P.PS, PIPLA K --> z.p.ps,, maharashtra

# 443 : GOMUKH VDY,  PIPLA K --> gomukh vdy,, maharashtra

# 444 : Z.P. PS,  --> z.p. ps,, maharashtra

# 445 : Z. P. PS,  --> z. p. ps,, maharashtra

# 446 : Z.P. PS, DEVBARDI --> z.p. ps,, maharashtra

# 447 : Z.P. UPS,  --> z.p. ups,, maharashtra
[ChIJ9QrooN4i1DsRv1NQqJoKFyc] || [Z.p Up. Primary School] || [('C', 'City', 'nagpur')]

# 448 : Z.P. UPS,  --> z.p. ups,, maharashtra
[ChIJ9QrooN4i1DsRv1NQqJoKFyc] || [Z.p Up. Primary School] || [('C', 'City', 'nagpur')]

# 449 : Z.P. UPS,  --> z.p. ups,, maharashtra
[ChIJ9QrooN4i1DsRv1NQqJoKFyc] || [Z.p Up. Primary School] || [('C', 'City', 'nagpur')]

# 450 : JANKI UPPER PRI .SCHOOL --> janki upper pri .school, maharashtra
[ChIJh0NHfbS41DsR2lGhHYn6xqY] || [Janki Upper Primary Public School] || [('C', 'City', 'nagpur')]

# 451 : GHODKE UPP.PRI.S.RENUKAMATA NR --> ghodke upp.pri.s.renukamata nr, maharashtra

# 452 : MATOSHRI LAXMIBAI MUDE UPP.P.S --> matoshri laxmibai mude upp.p.s, maharashtra

# 453 : LOKESH MADHYAMIK VIDHYALAYA --> lokesh madhyamik vidhyalaya, maharashtra

# 454 : JAWAHARLAL DARDA CONVENT  --> jawaharlal darda convent, maharashtra
[ChIJq6qqfgzH1DsRQ7GtCRttofM] || [Jawaharlal Darda Convent] || [('B', 'Pincode', '440008')]

# 455 : Z.P.PRI. SCHOOL,  --> z.p.pri. school, maharashtra

# 456 : Z.P.PRI. KENDRA SCHOOL  --> z.p.pri. kendra school, maharashtra

# 457 : Z.P.PRI. KANYA SCHOOL  --> z.p.pri. kanya school, maharashtra

# 458 : ANANDRAO MEGHE VIDYALAYA  --> anandrao meghe vidyalay, maharashtra

# 459 : Z.P.PS, KUKDIPANJARA --> z.p.ps,, maharashtra

# 460 : ZILLA PARISHAD PRIMARY SCHOOL,  --> zilla parishad primary school, maharashtra

# 461 : Z.P. PS,  --> z.p. ps,, maharashtra

# 462 : Z.P. PS,  --> z.p. ps,, maharashtra

# 463 : Z.P. PS,  --> z.p. ps,, maharashtra

# 464 : SHASKIY ASHRAM SCHOOL,  --> shaskiy ashram school, maharashtra
[ChIJOXRO-jPf0DsR7pKoqAZgOlg] || [Shaskiya Ashram School] || [('C', 'City', 'nagpur')]

# 465 : Z.P. PS,  --> z.p. ps,, maharashtra

# 466 : MAHATMA PHULEL UPS,  --> mahatma phulel ups,, maharashtra
[ChIJVVVVxZTA1DsReSR8D6NdAx8] || [Mahatma Phule Backward Class Development] || [('C', 'City', 'nagpur')]

# 467 : VASANTI UPPER PRI UJWAL NAGAR --> vasanti upper pri ujwal nagar, maharashtra

# 468 : SAIBABA HIGH SCH MAKARDHOKDA --> saibaba high sch, maharashtra
[ChIJOUYHeLjB1DsRKhMe041TTeY] || [Sai Baba High School] || [('B', 'Pincode', '440013')]

# 469 : RAHUL UMALE MEMORIAL CONVENT --> rahul umale memorial convent, maharashtra
[ChIJq6qqamDH1DsRLPxE02Sakp8] || [Rahul Umale Memorial Convent] || [('C', 'City', 'nagpur')]

# 470 : AMIT HIGHER ENLISH PRI. SCHOOL, NARSADA ROAD --> amit higher enlish pri. school, maharashtra
[ChIJNxnCQZa41DsRc7DiHNd8V5E] || [Amit Higher Primary School] || [('A', 'VILLAGE_NAME', 'dighori')]

# 471 : ZILLA PARISHAD CENTRAL GIRLS PRIMARY SCHOOL  --> zilla parishad central girls primary school, maharashtra

# 472 : ZILLA PARISHAD PRIMARY SCHOOL, --> zilla parishad primary school, maharashtra

# 473 : ZILLA PARISHAD HIGHSCHOOL  --> zilla parishad highschool, maharashtra

# 474 : KHAJA NASRODDIN P.SCHOOL  --> khaja nasroddin p.school, maharashtra

# 475 : SANTDNYANESWAR VIDYAMANDIR, --> santdnyaneswar vidyamandir, maharashtra

# 476 : INDIAN PUBLIC SCH,  --> indian public sch, maharashtra
[ChIJ3VGsKsDH1DsRLXqQDw60FrA] || [Central India Public School] || [('C', 'City', 'nagpur')]

# 477 : SANTGJANAN MHARAJ ENG.PS,SHITALWADI --> santgjanan mharaj eng.ps,, maharashtra

# 478 : SANTGADGE MAH.MUKBDIR SCH, --> santgadge mah.mukbdir sch, maharashtra

# 479 : NATHUJI DANGORE VDY,  --> nathuji dangore vdy,, maharashtra

# 480 : Z.P. PS,  --> z.p. ps,, maharashtra

# 481 : Z.P. PS,  --> z.p. ps,, maharashtra

# 482 : Z.P. PS,  --> z.p. ps,, maharashtra

# 483 : G.G. BUTY PUBLIC SCHOOL, --> g.g. buty public school, maharashtra
[ChIJtZ8a2PzG1DsRPDUembcaOxw] || [Buty Public School] || [('C', 'City', 'nagpur')]

# 484 : NIRMAL HIGH SCHOOL, GULMOHARNAGAR KALMANA, BHARATWADA ROAD, NAGPUR --> nirmal high school, maharashtra

# 485 : R. K. ENGLISH CONVENT --> r. k. english convent, maharashtra
[ChIJTzzRRCPH1DsRYipy1GS_p7Y] || [Salame English Convent] || [('C', 'City', 'nagpur')]

# 486 : INDUTAI M.HIGH S. TEKA NAKA , --> indutai m.high s. teka naka ,, maharashtra

# 487 : GOLDEN KIDS CONVENT, WARDHA  --> golden kids convent, maharashtra

# 488 : ADARSH ENGLISH SCHOOL, --> adarsh english school, maharashtra

# 489 : Z.P.PRI. SCHOOL BORGAON TEKADI --> z.p.pri. school, maharashtra

# 490 : Z.P.UP.PRI. SCHOOL  --> z.p.up.pri. school, maharashtra

# 491 : Z.P. UPS, PINDKAPAR (SONPUR) --> z.p. ups,, maharashtra
[ChIJ9QrooN4i1DsRv1NQqJoKFyc] || [Z.p Up. Primary School] || [('C', 'City', 'nagpur')]

# 492 : Z.P. PS, SHIWANI (BHONDKI) --> z.p. ps,, maharashtra

# 493 : SWAMI SITARAMDAS VDY SHIWANI --> swami sitaramdas vdy shiwani, maharashtra

# 494 : Z.P. PS,  --> z.p. ps,, maharashtra

# 495 : Z.P. PS,  --> z.p. ps,, maharashtra

# 496 : Z.P. PS,  --> z.p. ps,, maharashtra

# 497 : Z.P. PS,  --> z.p. ps,, maharashtra

# 498 : Z.P. PS,  --> z.p. ps,, maharashtra

# 499 : Z.P. PS  --> z.p. ps, maharashtra

# 500 : SUYASH CONVENT, VAIBHAV NAGAR, NARSADA ROAD --> suyash convent, maharashtra
[ChIJD3qCRZa41DsRBLCg2zCKE8w] || [Suyash Convent] || [('A', 'VILLAGE_NAME', 'dighori')]

# 501 : PUSHPANIKETAN CONVENT PRIMARY SCHOOL --> pushpaniketan convent primary school, maharashtra
[ChIJS-wH0cO41DsRmI_py57r5mc] || [Pushpaniketan school] || [('C', 'City', 'nagpur')]

# 502 : HARDIK CONVENT AND PRATHMIK SHALA --> hardik convent, maharashtra
[ChIJj7bUw0C_1DsRedXVF81wRfc] || [Hardik Convent] || [('B', 'Pincode', '440027')]

# 503 : SUCCESS POINT CONVENT --> success point convent, maharashtra
[ChIJO-MHVWi_1DsRhEtqf_aA018] || [Success Point School] || [('C', 'City', 'nagpur')]

# 504 : KHAJA NASRODDIN URDU P.SCHOOL  --> khaja nasroddin urdu p.school, maharashtra

# 505 : KHAJA NASRODDIN HIGHSCHOOL  --> khaja nasroddin highschool, maharashtra
[ChIJf9UIW3FuxTsRqAJXwTU3yLQ] || [Khaja Nasruddin Highschool] || [('B', 'Pincode', '413528')]

# 506 : KHAJA NASRODDIN URDU HIGHSCH. --> khaja nasroddin urdu highsch, maharashtra

# 507 : EKLAVYA RESIDENTIAL SCH.  --> eklavya residential sch, maharashtra

# 508 : SHIRAM UPS, WAHITOLA --> shiram ups,, maharashtra
[ChIJ6fTez8vA1DsRzOQF0ry0EnY] || [Shriram Chits Maharashtra Limited] || [('C', 'City', 'nagpur')]

# 509 : Z.P. PS,  --> z.p. ps,, maharashtra

# 510 : Z.P. PS,  MANSAR(MINE) --> z.p. ps,, maharashtra

# 511 : REKHEDE VDY,  --> rekhede vdy,, maharashtra

# 512 : Z.P. PS,  --> z.p. ps,, maharashtra

# 513 : Z.P. PS,  --> z.p. ps,, maharashtra
[ChIJFSKol9V4zzsRvwc71cIZT7c] || [Selu ZPPS] || [('A', 'Street Address', 'selu')]

# 514 : Z.P. PS, CHICHBHAWAN --> z.p. ps,, maharashtra
[ChIJFSKol9V4zzsRvwc71cIZT7c] || [Selu ZPPS] || [('A', 'Street Address', 'selu')]

# 515 : SANGITA HIGH SCH. NAGPUR --> sangita high sch, maharashtra
[ChIJX6hO7t7G1DsR20LrwkwhP4c] || [Sangita Balwadi] || [('A', 'VILLAGE_NAME', 'vinoba bhave nagar')]

# 516 : SANT SAWTA HIGH SCH. AYODHYANAGAR --> sant sawta high sch, maharashtra
[ChIJgYxVo7O41DsRuEfVx5tmDZs] || [Sant Sawata High Sch. Sn] || [('B', 'Pincode', '440024')]

# 517 : P M S HIGH SCHOOL SANJAY NAGAR --> p m s high school, maharashtra
[ChIJTxV7x9bG1DsRNAB9whfXbKo] || [Progressive Multipurpose Society School] || [('C', 'City', 'nagpur')]

# 518 : KALE ASHIRWAD HIGH SCHOOL --> kale ashirwad high school, maharashtra
[ChIJAQAAACzH1DsRFim8vOICxLQ] || [Kale Ashirwad High School] || [('B', 'Pincode', '440030')]

# 519 : KRUSHK VIDYALAYA  --> krushk vidyalay, maharashtra
[ChIJoSdV0w-H0zsRH7GRfuEOrEM] || [Krushi Vidyalaya] || [('B', 'Locality', 'wardha')]

# 520 : LOKNAYAK PRI. SCHOOL  WARDHA --> loknayak pri. school, maharashtra

# 521 : Z.P.PRI. KENDRA SCHOOL  --> z.p.pri. kendra school, maharashtra

# 522 : JIJAMATA PRI. SCHOOL  --> jijamata pri. school, maharashtra

# 523 : Z.P. PS,  --> z.p. ps,, maharashtra

# 524 : Z.P. PS,  --> z.p. ps,, maharashtra

# 525 : Z.P. PS,  --> z.p. ps,, maharashtra

# 526 : Z.P. PS,  --> z.p. ps,, maharashtra

# 527 : Z.P. PS,  --> z.p. ps,, maharashtra

# 528 : Z.P. PS,  --> z.p. ps,, maharashtra

# 529 : Z.P. PS, KENDRIYA NAVEGAONKHAIRI --> z.p. ps,, maharashtra

# 530 : RASHTRIYA ADARSHA VID.,  --> rashtriya adarsha vid., maharashtra

# 531 : SANT SAI CONVENT, SARVASHREE NGR,  --> sant sai convent, maharashtra
[ChIJW90BLJa41DsRWhe_UF6f9UM] || [Sant Sai Convent Public School] || [('A', 'VILLAGE_NAME', 'dighori')]

# 532 : LITTLE STAR CONVENT, SHUKLA NAGAR --> little star convent, maharashtra
[ChIJ-7UA3lO_1DsRyoihbn0Vk18] || [Little Star Convent] || [('C', 'City', 'nagpur')]

# 533 : LITTLE RAJ CONVENT --> little raj convent, maharashtra
[ChIJh6wMnpa41DsRBsM2qe4Blak] || [Little Raj Convent School] || [('A', 'VILLAGE_NAME', 'dighori')]

# 534 : BHUPENDHRA PRI VID.H.KESWAR RD --> bhupendhra pri vid., maharashtra

# 535 : SHIVGAURI UPPER PR SCHOOL --> shivgauri upper pr school, maharashtra
[ChIJdzjAAMW41DsRttggHNDfNYY] || [Shivgauri Upper Primary School] || [('B', 'Pincode', '440034')]

# 536 : ZILLA PARISHAD PRIMARY SCHOOL,LAMAN TANDA  --> zilla parishad primary school, maharashtra

# 537 : ZILLA PARISHAD PRIMARY URDU  SCHOOL  --> zilla parishad primary urdu  school, maharashtra

# 538 : SAVITRIBAI PHULE GIRLS HIGHSCHOOL  --> savitribai phule girls highschool, maharashtra

# 539 : NATURAL ENGLISH PRIMARY SCHOOL  --> natural english primary school, maharashtra

# 540 : LATE.S.KIMMATKAR N.P. PS,RAMTEK --> late.s.kimmatkar n.p. ps,, maharashtra

# 541 : LATE V.HATWAR N.P. PS,RAMTEK --> late v.hatwar n.p. ps,, maharashtra

# 542 : LATE.J.BARVE N.P. PS,RAMTEK --> late.j.barve n.p. ps,, maharashtra

# 543 : LATE.M.SANGODE N.P. PS,RAMTEK --> late.m.sangode n.p. ps,, maharashtra

# 544 : VIDYA NIKETAN ENG SCH, CHICHBHAWAN --> vidya niketan eng sch, maharashtra
[ChIJ_f__PyyoLDoR1jPWQnaL7v4] || [Vidya Niketan English Medium School] || [('C', 'City', 'nagpur')]

# 545 : Z.P. UPS,  --> z.p. ups,, maharashtra
[ChIJ9QrooN4i1DsRv1NQqJoKFyc] || [Z.p Up. Primary School] || [('C', 'City', 'nagpur')]

# 546 : LITTLE FLOWER PRIMARY ENGLISH SCHOOL, OSMANABAD --> little flower primary english school, maharashtra

# 547 : YESHRAJ PUBLIC SCHOOL, OSMANABAD --> yeshraj public school, maharashtra
[ChIJ_RUxZqChxTsRaK7EUDDx2HM] || [Yashraj Public School] || [('A', 'Street Address', 'osmanabad')]

# 548 : ASHIRWAD ENGLISH SCHOOL --> ashirwad english school, maharashtra
[ChIJAQAAACzH1DsRFim8vOICxLQ] || [Kale Ashirwad High School] || [('B', 'Pincode', '440030')]

# 549 : RORADH  HINDI HIGH SCH. --> roradh  hindi high sch, maharashtra
[ChIJ11arTMvG1DsRk46g4viJ3mw] || [Roradh High School] || [('B', 'Pincode', '440026')]

# 550 : ARCHANA FULE HIGH SCHOOL --> archana fule high school, maharashtra
[ChIJAQAAt9_G1DsRr5l_7iXS8Uw] || [Archana Fule High School] || [('B', 'Pincode', '440017')]

# 551 : Z.P.PS, DIGHORA,  --> z.p.ps,, maharashtra

# 552 : PRAHAR PRI. SCHOOL  --> prahar pri. school, maharashtra

# 553 : JIJAMATA VIDYALAYA GITAI NAGAR --> jijamata vidyalay, maharashtra

# 554 : RT. ST. TUKDOJI ANDH VIDYALAYA  --> rt. st. tukdoji andh vidyalay, maharashtra

# 555 : MHATMA JYOTIBA FULE VDY  --> mhatma jyotiba fule vdy, maharashtra

# 556 : Z.P. PS,  --> z.p. ps,, maharashtra

# 557 : Z.P.PS, --> z.p.ps,, maharashtra

# 558 : Z.P.PS, --> z.p.ps,, maharashtra

# 559 : Z.P. PS,  --> z.p. ps,, maharashtra

# 560 : Z.P. PS, LAKHAPUR --> z.p. ps,, maharashtra

# 561 : Z.P. PS, FULZARI (HIWARA) --> z.p. ps,, maharashtra

# 562 : Z.P. PS,  --> z.p. ps,, maharashtra

# 563 : AMIT UPPER PRIMARY VIDHYA MANDIR --> amit upper primary vidhya mandir, maharashtra

# 564 : ASHATAI MUDE MAR. PRI .SCHOOL --> ashatai mude mar. pri .school, maharashtra

# 565 : GARDENAR MAR HIGH SCHOOL --> gardenar mar high school, maharashtra

# 566 : PROVIDENCE GIRLS HIGH SCHOOL --> providence girls high school, maharashtra
[ChIJAQAAwPPA1DsRdlUJKKu_CCU] || [St Ursula Girls High School and Junior College] || [('A', 'VILLAGE_NAME', 'civil lines')]

# 567 : ZILLA PARISHAD PRIMARY SCHOOL,KRANTINAGAR  --> zilla parishad primary school, maharashtra

# 568 : ZILLA PARISHAD PRIMARY SCHOOL, --> zilla parishad primary school, maharashtra

# 569 : Z.P.PS, --> z.p.ps,, maharashtra

# 570 : Z.P. PS,  ALAGONDI --> z.p. ps,, maharashtra

# 571 : Z.P.PS,  --> z.p.ps,, maharashtra

# 572 : LATE.R.MATHKAR N.P. PS, RAMTEK --> late.r.mathkar n.p. ps,, maharashtra

# 573 : RASHRTIYA ADARASH PS,RAMTEK --> rashrtiya adarash ps,, maharashtra
[ChIJAQAAwPPA1DsRVknCv7GkgjM] || [Vizag Steel - Rashtriya Ispat Nigam Limited] || [('C', 'City', 'nagpur')]

# 574 : ZILLA PARISHAD PRIMARY SCHOOL, GOREWASTI, --> zilla parishad primary school, maharashtra

# 575 : ZILLA PARISHAD PRIMARY SCHOOL, --> zilla parishad primary school, maharashtra

# 576 : SMT. SATYBHAMA SHINDE VIDYALAYA, OSMANABAD --> smt. satybhama shinde vidyalay, maharashtra

# 577 : ACADEMIC WHITES PUBLIC SCHOOL, OSMANABAD --> academic whites public school, maharashtra

# 578 : STEPPING STONE ENGLISH PRIMARY SCHOOL, OSMANABAD --> stepping stone english primary school, maharashtra

# 579 : SANJEEVAN  ENGLISH SCHOOL & JUNIER COLLEGE,OSMANABAD --> sanjeevan  english school, maharashtra

# 580 : GURUKUL PRI.SCH.DHARMAPUR, --> gurukul pri.sch, maharashtra

# 581 : BHI EDU.SOC.HIGH SCHOOL,  --> bhi edu.soc.high school, maharashtra

# 582 : Z.P.MAIN PS,  --> z.p.main ps,, maharashtra

# 583 : RASHTRAMATA WACHAVIKAS AKSHAY SHETRAM --> rashtramata wachavikas akshay shetram, maharashtra

# 584 : Z.P.UPS,KORADI --> z.p.ups,, maharashtra

# 585 : Z.P.PS,SHREEVAS NAGAR,KORADI --> z.p.ps,, maharashtra

# 586 : VIDYAMANDIR  PS KORADI --> vidyamandir, maharashtra

# 587 : Z.P.P.SCHOOL PADEHGOAN BOYS --> z.p.p.school, maharashtra

# 588 : Z.P. PS,  --> z.p. ps,, maharashtra

# 589 : Z.P.UPS,  --> z.p.ups,, maharashtra

# 590 : PRIYADARSHANI PS  --> priyadarshani ps, maharashtra

# 591 : SARAH UPPER PRIMARY SCHOOL, OSMANABAD --> sarah upper primary school, maharashtra

# 592 : SEVASADAN HIGH SCHOOL --> sevasadan high school, maharashtra
[ChIJ____v2HA1DsRCe5j8j_KAN0] || [Seva Sadan High School] || [('C', 'City', 'nagpur')]

# 593 : BHARATIY ADARASH P.S. ZINGABAI --> bharatiy adarash p.s. zingabai, maharashtra
[ChIJ2WQW4GzB1DsRTHJT4LRsUQg] || [Indian Oil Petrol Pump] || [('B', 'Pincode', '440030')]

# 594 : Z.P.PS, KHANDALZARI --> z.p.ps,, maharashtra

# 595 : Z.P.PS, MANDWA (TOLA) --> z.p.ps,, maharashtra

# 596 : ZILLA PARISHAD PRIMARY SCHOOL, MALIWASTI --> zilla parishad primary school, maharashtra

# 597 : ZILLA PARISHAD PRIMARY SCHOOL,  --> zilla parishad primary school, maharashtra

# 598 : Z.P.PS,  --> z.p.ps,, maharashtra

# 599 : Z.P.PS, --> z.p.ps,, maharashtra

# 600 : ZILLA PARISHAD PRIMARY SCHOOL,  --> zilla parishad primary school, maharashtra

# 601 : ZILLA PARISHAD PRIMARY SCHOOL, GAIRAN KARJKHEDA --> zilla parishad primary school, maharashtra

# 602 : NEW KANITHA SWATANTRA COLLEGE,  --> new kanitha swatantra college, maharashtra

# 603 : ZILLA PARISHAD PRIMARY SCHOOL,  --> zilla parishad primary school, maharashtra

# 604 : AMBEDKAR VIDYALAYA, BHIMNAGAR (M) --> ambedkar vidyalay, maharashtra

# 605 : ALFONSA HIGH SCHOOL  --> alfonsa high school, maharashtra
[ChIJI6DpR1Z_1DsRxfdyFEU2RfQ] || [Alphonsa High School] || [('B', 'Pincode', '442001')]

# 606 : CARMEL SCHOOL  --> carmel school, maharashtra
[ChIJk70adsxm0zsRU4vyM5n_iW0] || [Mount Carmel Convent Samudrapur] || [('B', 'Locality', 'wardha')]

# 607 : Z.P.PRI. SCHOOL GITTIKHADAN  --> z.p.pri. school, maharashtra

# 608 : SCHOOL OF SCHOLARS  --> school, maharashtra

# 609 : OM SCHOOL OF EXCELLENCE  --> om school, maharashtra

# 610 : SCHOOL OF EXCELLENT AND JUNIOR COLLEGE  --> school, maharashtra

# 611 : Z.P.PRI. SCHOOL  --> z.p.pri. school, maharashtra

# 612 : Z.P.UP.PRI. SCHOOL DHOTRA KA --> z.p.up.pri. school, maharashtra

# 613 : Z.P.PRI. SCHOOL  --> z.p.pri. school, maharashtra

# 614 : Z.P. URDU PRI. SCHOOL  --> z.p. urdu pri. school, maharashtra

# 615 : Z.P.UP.PRI.SCHOOL  --> z.p.up.pri.school, maharashtra

# 616 : Z.P.PRI. SCHOOL  --> z.p.pri. school, maharashtra

# 617 : Z.P.UP.PRI. SCHOOL  --> z.p.up.pri. school, maharashtra

# 618 : VIVEK MA. VIDHYALAYA  --> vivek ma. vidhyalaya, maharashtra

# 619 : Z.P.PRI.SCHOOL  --> z.p.pri.school, maharashtra

# 620 : Z.P.UP. PRI. SCHOOL  --> z.p.up. pri. school, maharashtra

# 621 : Z. P. PRI. SCHOOL,  --> z. p. pri. school, maharashtra

# 622 : Z.P.PRI. SCHOOL WAGHDARA --> z.p.pri. school, maharashtra

# 623 : Z.P.UP.PRI. SCHOOL  --> z.p.up.pri. school, maharashtra

# 624 : SAWITRIBAI FULE  --> sawitribai fule, maharashtra

# 625 : SAVITRIBAI FULE PRI. SCHOOL WARDHA --> savitribai fule pri. school, maharashtra

# 626 : SANE GURUJI PRI. SCH. PRATAPNG  WARDHA --> sane guruji pri. sch, maharashtra

# 627 : R. S. TUKDOJI MAHA. VIDYA.  WARDHA --> r. s. tukdoji maha. vidya.  wardha, maharashtra

# 628 : SAVITRIBAI FULE VIDYALAY SINDHI MEGHE --> savitribai fule vidyalay, maharashtra

# 629 : R. S. TUKDOJI PRI. SCH. MANAS  WARDHA --> r. s. tukdoji pri. sch, maharashtra

# 630 : LOK VIDYALAYA  WARDHA --> lok vidyalay, maharashtra
[ChIJ-StpTxB_1DsRBz3wim-H3j4] || [Lok Vidyalaya High School] || [('A', 'Street Address', 'wardha')]

# 631 : Z.P. U. PRATHMIK SHALA MULE  --> z.p. u. prathmik shala, maharashtra

# 632 : Z.P. U. PRATH. SHALA MULI  --> z.p. u. prath. shala, maharashtra

# 633 : Z.P.PRIMARY SCHOOL SUNDARTOLI --> z.p.primary school, maharashtra

# 634 : Z.P.PRIMARY SCHOOL MARARTOLA / TEDHAWA --> z.p.primary school, maharashtra

# 635 : Z.P.PRIMARY SCHOOL  --> z.p.primary school, maharashtra

# 636 : ZILLA PARISHAD PRIMARY SCHOOL,  --> zilla parishad primary school, maharashtra

# 637 : ZILLA PARISHAD PRIMARY SCHOOL,PATILWASTI --> zilla parishad primary school, maharashtra

# 638 : ZILLA PARISHAD PRIMARY SCHOOL,GODAGEWASTI, --> zilla parishad primary school, maharashtra

# 639 : ZILLA PARISHAD PRIMARY SCHOOL,  --> zilla parishad primary school, maharashtra

# 640 : ZILLA PARISHAD PRIMARY SCHOOL, --> zilla parishad primary school, maharashtra

# 641 : ZILLA PARISHAD PRIMARY SCHOOL, --> zilla parishad primary school, maharashtra

# 642 : ZILLA PARISHAD URDU PRIMARY SCHOOL, --> zilla parishad urdu primary school, maharashtra

# 643 : ZILLA PARISHAD PRIMARY SCHOOL,LAMAN TANDA, --> zilla parishad primary school, maharashtra

# 644 : LATE PURANLAL AGRAWAL SCHOOL(CBSE), TURAKMARI --> late puranlal agrawal school, maharashtra

# 645 : N.P. URDU PS, UMRED --> n.p. urdu ps,, maharashtra

# 646 : RAJIV GANDHI PS, UMRED --> rajiv gandhi ps,, maharashtra
[ChIJLRX97XzA1DsR_Dl2zrph33A] || [Rajiv gandhi institute of management & technology] || [('C', 'City', 'nagpur')]

# 647 : BALAJI HINDI PS,  --> balaji hindi ps,, maharashtra

# 648 : Z.P. PS,  --> z.p. ps,, maharashtra

# 649 : SAONER PUBLIC SCHOOL,  --> saoner public school, maharashtra
[ChIJS54Mur7m1DsRZ-EB2U3LBSM] || [Saoner Public School] || [('C', 'City', 'nagpur')]

# 650 : Z.P. PS,  --> z.p. ps,, maharashtra

# 651 : ARVIND INDO PUBLIC HS,  --> arvind indo public hs,, maharashtra
[ChIJ3flNfMJZ1DsRVzyvL41kXys] || [Arvind Indo Public School, Katol (CBSE)] || [('C', 'City', 'nagpur')]

# 652 : JAWALGE URDU PRIMARY SCHOOL, --> jawalge urdu primary school, maharashtra

# 653 : SHRI SHANTESHWAR R.P. JUNIER COLLEGE, --> shri shanteshwar r.p. junier college, maharashtra

# 654 : ZILLA PARISHAD PRIMARY SCHOOL, --> zilla parishad primary school, maharashtra

# 655 : ZILLA PARISHAD PRIMARY SCHOOL, WADARWADA, --> zilla parishad primary school, maharashtra

# 656 : ZILLA PARISHAD PRIMARY SCHOOL,  --> zilla parishad primary school, maharashtra

# 657 : ADARSH ASHRAM SCHOOL,  --> adarsh ashram school, maharashtra

# 658 : ZILLA PARISHAD PRIMARY SCHOOL,  --> zilla parishad primary school, maharashtra

# 659 : ZILLA PARISHAD PRIMARY SCHOOL,  --> zilla parishad primary school, maharashtra

# 660 : KAMLA NEHRU PRI. SCHOOL, NPWR  WARDHA --> kamla nehru pri. school, maharashtra

# 661 : SR. MOTILAL NEHRU HINDI PRI NP  WARDHA --> sr. motilal nehru hindi pri np  wardha, maharashtra

# 662 : GAFFAR URDU PRI. SCHOOL NPWR  WARDHA --> gaffar urdu pri. school, maharashtra

# 663 : Z.P. KANYA PRI. SCHOOL BALAJI MANDIR WARDHA --> z.p. kanya pri. school, maharashtra

# 664 : Z.P. UPS, (MARATHI)  --> z.p. ups,, maharashtra
[ChIJ9QrooN4i1DsRv1NQqJoKFyc] || [Z.p Up. Primary School] || [('C', 'City', 'nagpur')]

# 665 : Z.P. UPS, (NO. 1)   --> z.p. ups,, maharashtra
[ChIJ9QrooN4i1DsRv1NQqJoKFyc] || [Z.p Up. Primary School] || [('C', 'City', 'nagpur')]

# 666 : Z.P. UPS, (NO. 2)   --> z.p. ups,, maharashtra
[ChIJ9QrooN4i1DsRv1NQqJoKFyc] || [Z.p Up. Primary School] || [('C', 'City', 'nagpur')]

# 667 :  --> , maharashtra

# 668 : ZILLA PARISHAD PRIMARY SCHOOL, --> zilla parishad primary school, maharashtra
[ChIJDfFyWbZgzzsR0h424pcf8Os] || [Zilla Parishad Primary School] || [('B', 'Pincode', '413606')]

# 669 : MAHATMA GANDHI VIDYALAYA, --> mahatma gandhi vidyalay, maharashtra

# 670 : ZILLA PARISHAD PRIMARY SCHOOL, BHIM NAGAR , --> zilla parishad primary school, maharashtra
[ChIJDfFyWbZgzzsR0h424pcf8Os] || [Zilla Parishad Primary School] || [('B', 'Pincode', '413606')]

# 671 : ZILLA PARISHAD PRIMARY SCHOOL, --> zilla parishad primary school, maharashtra
[ChIJDfFyWbZgzzsR0h424pcf8Os] || [Zilla Parishad Primary School] || [('B', 'Pincode', '413606')]

# 672 : ZILLA PARISHAD PRIMARY SCHOOL,  --> zilla parishad primary school, maharashtra

# 673 : ZILLA PARISHAD PRIMARY SCHOOL,  --> zilla parishad primary school, maharashtra

# 674 : ZILLA PARISHAD PRIMARY SCHOOL,  --> zilla parishad primary school, maharashtra

# 675 : ZILLA PARISHAD PRIMARY SCHOOL, LAMAN TANDA  NO-1  --> zilla parishad primary school, maharashtra

# 676 : Z.P. PS,  --> z.p. ps,, maharashtra

# 677 : Z.P. PS,  --> z.p. ps,, maharashtra

# 678 : Z.P.  PS,  --> z.p.  ps,, maharashtra

# 679 : Z.P. PS,  --> z.p. ps,, maharashtra

# 680 : JAYSEWA ADI. MDY ASHR.SCH. --> jaysewa adi. mdy ashr.sch, maharashtra

# 681 : Z.P. PS,  --> z.p. ps,, maharashtra

# 682 : Z.P. UPS,  --> z.p. ups,, maharashtra
[ChIJ9QrooN4i1DsRv1NQqJoKFyc] || [Z.p Up. Primary School] || [('C', 'City', 'nagpur')]

# 683 : NAVJIVAN HS,  --> navjivan hs,, maharashtra
[ChIJq6qq2gIq1TsRzJuAAowE1TE] || [Navjivan High school] || [('C', 'City', 'nagpur')]

# 684 : ZILLA PARISHAD PRIMARY SCHOOL,  --> zilla parishad primary school, maharashtra

# 685 : Z.P. UPS,  --> z.p. ups,, maharashtra
[ChIJ9QrooN4i1DsRv1NQqJoKFyc] || [Z.p Up. Primary School] || [('C', 'City', 'nagpur')]

# 686 : Z.P. PS,  --> z.p. ps,, maharashtra

# 687 : Z.P. PS,  --> z.p. ps,, maharashtra

# 688 : Z.P. PS,WIVRA --> z.p. ps,, maharashtra

# 689 : ZILLA PARISHAD PRIMARY SCHOOL, --> zilla parishad primary school, maharashtra
[ChIJDfFyWbZgzzsR0h424pcf8Os] || [Zilla Parishad Primary School] || [('B', 'Pincode', '413606')]

# 690 : URDU HS, KATOL --> urdu hs,, maharashtra
[ChIJbUjup6W41DsRkF2iac-4aGo] || [Malik Urdu H.S. Junior College] || [('C', 'City', 'nagpur')]

# 691 : ARVIND INDO PUBLIC SCH, KATOL --> arvind indo public sch, maharashtra
[ChIJ3flNfMJZ1DsRVzyvL41kXys] || [Arvind Indo Public School, Katol (CBSE)] || [('B', 'Pincode', '441302')]

# 692 : ARVIND INDO PUBLIC SCH, KATOL --> arvind indo public sch, maharashtra
[ChIJ3flNfMJZ1DsRVzyvL41kXys] || [Arvind Indo Public School, Katol (CBSE)] || [('B', 'Pincode', '441302')]

# 693 : SMT. S.NISTANE PRI VDY.,  --> smt. s.nistane pri vdy.,, maharashtra

# 694 : SANT VIKTUBABA MATIMAND B&G RES SCH --> sant viktubaba matimand b&g res sch, maharashtra

# 695 : SUNRISE ENG.PRI.SCH.  --> sunrise eng.pri.sch, maharashtra
[ChIJqS5iwY_A1DsRXw7Im-mFcBI] || [Somalwar High School] || [('C', 'City', 'nagpur')]

# 696 : NEW PRERNA CONVENT,  --> new prerna convent, maharashtra
[ChIJaxpV-6zA1DsRBAN0YC6B7c0] || [Prerna Convent College] || [('C', 'City', 'nagpur')]

# 697 : JAWAHAR NAVODAY VID.,  --> jawahar navoday vid., maharashtra
[ChIJbcHpUlDY1DsRHn5e9y0TyI0] || [Jawahar Navodaya Vidyalaya] || [('A', 'Street Address', 'navegaon khairi')]

# 698 : Z.P. PS, PENCH (BACHCHERA) --> z.p. ps,, maharashtra

# 699 : Z.P. PS, PALASWALI --> z.p. ps,, maharashtra

# 700 : Z.P. PS,  --> z.p. ps,, maharashtra

# 701 : ZILLA PARISHAD PRIMARY SCHOOL,  --> zilla parishad primary school, maharashtra

# 702 : ZILLA PARISHAD CENTRAL PRIMARY SCHOOL,  --> zilla parishad central primary school, maharashtra

# 703 : ZILLA PARISHAD PRIMARY SCHOOL, SHINDEWASTI --> zilla parishad primary school, maharashtra

# 704 : VIJAYSINGH PATIL SEC. & HIGH SEC. VIDYALAYA,  --> vijaysingh patil sec. & high sec. vidyalay, maharashtra

# 705 : ZILLA PARISHAD GIRLS PRIMARY SCHOOL, --> zilla parishad girls primary school, maharashtra

# 706 : ZILLA PARISHAD HIGH SCHOOL, --> zilla parishad high school, maharashtra

# 707 : ZILLA PARISHAD PRIMARY SCHOOL, INDRANAGAR, --> zilla parishad primary school, maharashtra

# 708 : ZILLA PARISHAD CENTRAL PRIMARY SCHOOL, --> zilla parishad central primary school, maharashtra

# 709 : BALAJI MAR. UPS,  --> balaji mar. ups,, maharashtra
[ChIJq6qqqmbA1DsRzUhHEaqXKJM] || [Chaitanya International Mar Up] || [('C', 'City', 'nagpur')]

# 710 : BALAJI CONVENT SCH,  --> balaji convent sch, maharashtra
[ChIJjdge41G_1DsRbj8Yo51jxec] || [Shree Radhe Convent] || [('A', 'VILLAGE_NAME', 'balaji nagar')]

# 711 : Z.P. UPS,  --> z.p. ups,, maharashtra
[ChIJ9QrooN4i1DsRv1NQqJoKFyc] || [Z.p Up. Primary School] || [('C', 'City', 'nagpur')]

# 712 : Z.P. HS,  --> z.p. hs,, maharashtra

# 713 : Z.P. UPS,  --> z.p. ups,, maharashtra
[ChIJ9QrooN4i1DsRv1NQqJoKFyc] || [Z.p Up. Primary School] || [('C', 'City', 'nagpur')]

# 714 : MANISH HS,  --> manish hs,, maharashtra
[ChIJBQAA0NDj1DsRcaezGSMCFgk] || [Manish High School] || [('A', 'VILLAGE_NAME', 'khangaon')]

# 715 : Z.P. PS, KHURAJGOAN --> z.p. ps,, maharashtra

# 716 : SHANKARARO PATIL JUNIAR COLLEGE  --> shankararo patil juniar college, maharashtra
[ChIJOwbYZNbixDsRPIrlyP1bUuk] || [Shankarrao Patil Mahavidyalaya Arts & Commerce College, Bhoom] || [('A', 'Street Address', 'bhoom')]

# 717 : SHRI BALAJI VIDYALAYA , --> shri balaji vidyalay, maharashtra

# 718 : ZILLA PARISHAD PRIMARY SCHOOL, --> zilla parishad primary school, maharashtra

# 719 : BHAUSAHEB BIRAJDAR VIDYAMANDIR, --> bhausaheb birajdar vidyamandir, maharashtra

# 720 : JAY HANUMAN VIDYALAYA, --> jay hanuman vidyalay, maharashtra

# 721 : ZILLA PARISHAD CENTRAL PRIMARY SCHOOL,  --> zilla parishad central primary school, maharashtra

# 722 : VASANT ASHRAM PRIMARY SCHOOL,  --> vasant ashram primary school, maharashtra

# 723 : ZILLA PARISHAD HIGH SCHOOL,  --> zilla parishad high school, maharashtra

# 724 : DR JAKIR HUSEN JR COLLEGE,  --> dr jakir husen jr college, maharashtra

# 725 : MAHILA ASHRAM B.PRI.HINDI VIDY  WARDHA --> mahila ashram b.pri.hindi vidy  wardha, maharashtra

# 726 : MAHILA ASHRAM B.PRI.MARATHI  WARDHA --> mahila ashram b.pri.marathi  wardha, maharashtra

# 727 : MRUNALINI PRI. SCHOOL  WARDHA --> mrunalini pri. school, maharashtra

# 728 : Z.P. PRIMARY SCHOOL  --> z.p. primary school, maharashtra

# 729 : ST. ANDREWS HS,  --> st. andrews hs,, maharashtra

# 730 : Z.P. UPS,  --> z.p. ups,, maharashtra
[ChIJ9QrooN4i1DsRv1NQqJoKFyc] || [Z.p Up. Primary School] || [('C', 'City', 'nagpur')]

# 731 : SANT TAJUDDIN BABA HS,  --> sant tajuddin baba hs,, maharashtra
[ChIJ2RFK_o241DsRyf3Fls3OQpo] || [Sant Tajuddin Public School] || [('C', 'City', 'nagpur')]

# 732 : Z.P. PS,  --> z.p. ps,, maharashtra

# 733 : ZILLA PARISHAD PRIMARY SCHOOL,EKUNDI(J) --> zilla parishad primary school, maharashtra
[ChIJDfFyWbZgzzsR0h424pcf8Os] || [Zilla Parishad Primary School] || [('B', 'Pincode', '413606')]

# 734 : SANJEEVINI MODERN ENGLISH SCHOOL, EKONDI (JAHAGIR) --> sanjeevini modern english school, maharashtra
[ChIJUT7ABhZbzzsR2FN0q_eUdu4] || [Sanjeevani Modern English School] || [('A', 'Street Address', 'omerga')]

# 735 : DR HBK ENGLISH SCHOOL, EKONDI (JAHAJIR) --> dr hbk english school, maharashtra

# 736 : ZILLA PARISHAD PRIMARY SCHOOL, --> zilla parishad primary school, maharashtra
[ChIJDfFyWbZgzzsR0h424pcf8Os] || [Zilla Parishad Primary School] || [('B', 'Pincode', '413606')]

# 737 : ZILLA PARISHAD PRIMARY SCHOOL, LAMAN TANDA  NO-2  --> zilla parishad primary school, maharashtra

# 738 : VIDYADHAN ASHRAM SCHOOL  --> vidyadhan ashram school, maharashtra

# 739 : SHRI VYANKATESH SEC ASHRAM SCH  --> shri vyankatesh sec ashram sch, maharashtra

# 740 : ZILLA PARISHAD PRIMARY SCHOOL,  --> zilla parishad primary school, maharashtra

# 741 : Z.P. PS,  --> z.p. ps,, maharashtra

# 742 : Z.P.  HS,  --> z.p.  hs,, maharashtra

# 743 : Z.P. PS,  --> z.p. ps,, maharashtra

# 744 : NAVEEN DESAI UPS ,  --> naveen desai ups ,, maharashtra

# 745 : Z.P. PS, HIWARA (PATHARAI) --> z.p. ps,, maharashtra

# 746 : Z.P. PS, SALAI (PIPRIYA) --> z.p. ps,, maharashtra

# 747 : Z.P. PS,  --> z.p. ps,, maharashtra

# 748 : PRATHMIK ASHRAM SCH.  --> prathmik ashram sch, maharashtra
[ChIJKfYP5z3H1DsRyb7ylhqziW8] || [Eklavya Adiwasi Prathmik Ashram School] || [('B', 'Locality', 'ramtek')]

# 749 : Z.P. PS, NARSINGI OLD --> z.p. ps,, maharashtra

# 750 : Z.P. PS, NARSINGI NEW --> z.p. ps,, maharashtra

# 751 : Z.P. PS,  --> z.p. ps,, maharashtra

# 752 : Z.P. PS, NAYGAON DHOTE --> z.p. ps,, maharashtra

# 753 : RAJIV GANDHI ANDH VDY, KATOL (SARASWATI) --> rajiv gandhi andh vdy,, maharashtra

# 754 : RAJIV GANDHI ASTHIVYANG VDY, KATOL (SARASWATI) --> rajiv gandhi asthivyang vdy,, maharashtra

# 755 : RAJIV GANDHI MUKBADHIR VDY, KATOL (SARASWATI) --> rajiv gandhi mukbadhir vdy,, maharashtra

# 756 : GURUVARYA MATIMAND SCH, KATOL --> guruvarya matimand sch, maharashtra

# 757 : Z.P. PS,  --> z.p. ps,, maharashtra

# 758 : Z.P. PS,  --> z.p. ps,, maharashtra

# 759 : Z.P. PS, PENDHARI --> z.p. ps,, maharashtra

# 760 : SAVITRIBAI FULE MUKBADHIR,  --> savitribai fule mukbadhir,, maharashtra

# 761 : Z.P.  PS,  --> z.p.  ps,, maharashtra

# 762 : SHREE CONVENT  --> shree convent, maharashtra
[ChIJQ9qSRUq_1DsRHbuATBYBBYM] || [Convent School , Manewada] || [('C', 'City', 'nagpur')]

# 763 : SWA.PRAKASHBABU PATIL MADHYAMIK VIDYALAYA & JR COLLEGE,  --> swa.prakashbabu patil madhyamik vidyalaya & jr college, maharashtra

# 764 : Z.P.PS,  --> z.p.ps,, maharashtra

# 765 : ZILLA PARISHAD PRIMARY SCHOOL,  --> zilla parishad primary school, maharashtra

# 766 : NILKANTHESHWAR VIDYALAYA,  --> nilkantheshwar vidyalay, maharashtra

# 767 : ZILLA PARISHAD PRIMARY SCHOOL, SURVEWASTI --> zilla parishad primary school, maharashtra

# 768 : ZILLA PARISHAD PRIMARY SCHOOL,  --> zilla parishad primary school, maharashtra

# 769 : ZILLA PARISHAD PRIMARY SCHOOL, --> zilla parishad primary school, maharashtra
[ChIJDfFyWbZgzzsR0h424pcf8Os] || [Zilla Parishad Primary School] || [('B', 'Pincode', '413606')]

# 770 : ZILLA PARISHAD PRIMARY SCHOOL,LAMAN TANDA NO-2, --> zilla parishad primary school, maharashtra
[ChIJDfFyWbZgzzsR0h424pcf8Os] || [Zilla Parishad Primary School] || [('B', 'Pincode', '413606')]

# 771 : ZILLA PARISHAD PRIMARY SCHOOL, --> zilla parishad primary school, maharashtra
[ChIJDfFyWbZgzzsR0h424pcf8Os] || [Zilla Parishad Primary School] || [('B', 'Pincode', '413606')]

# 772 : ZILLA PARISHAD CENTRAL PRIMARY SCHOOL, --> zilla parishad central primary school, maharashtra

# 773 : N.P. DHANGARE PRIMARY SCHOOL  --> n.p. dhangare primary school, maharashtra

# 774 : Z.P. JIJAMATA PRIMARY SCHOOL  --> z.p. jijamata primary school, maharashtra

# 775 : Z.P. PRIMARY SCHOOL  --> z.p. primary school, maharashtra

# 776 : Z.P. PRIMARY SCHOOL KHURSHIPAR --> z.p. primary school, maharashtra

# 777 : ZILLA PARISHAD PRIMARY SCHOOL,BIROBACHWADI --> zilla parishad primary school, maharashtra

# 778 : ZILLA PARISHAD PRIMARY SCHOOL, --> zilla parishad primary school, maharashtra

# 779 : ZILLA PARISHAD PRIMARY SCHOOL, --> zilla parishad primary school, maharashtra

# 780 : ZILLA PARISHAD PRIMARY SCHOOL,JOTIBACHWADI --> zilla parishad primary school, maharashtra

# 781 : ZILLA PARISHAD PRIMARY SCHOOL, --> zilla parishad primary school, maharashtra

# 782 : ZILLA PARISHAD CENTRAL PRIMARY SCHOOL,  --> zilla parishad central primary school, maharashtra

# 783 :  --> , maharashtra

# 784 : ZILLA PARISHAD PRIMARY SCHOOL,  --> zilla parishad primary school, maharashtra

# 785 : NEW LIFE PRIMARY ENGLISH SCHOOL,  --> new life primary english school, maharashtra

# 786 : ZILLA PARISHAD PRIMARY SCHOOL,  --> zilla parishad primary school, maharashtra

# 787 : KAY SONABA YELVE MUKBADHIR SCHOOL, --> kay sonaba yelve mukbadhir school, maharashtra

# 788 : ZILLA PARISHAD PRIMARY SCHOOL, --> zilla parishad primary school, maharashtra

# 789 : Z.P. UPPER PRIMARY SCHOOL  --> z.p. upper primary school, maharashtra
[ChIJtbhppid8KzoRv5e3SrajW8Q] || [Z.P Upper Primary School Nimgaon] || [('A', 'VILLAGE_NAME', 'nimgaon')]

# 790 : Z.P. PRIMARY SCHOOL   --> z.p. primary school, maharashtra

# 791 : Z.P. PRIMARY SCHOOL  --> z.p. primary school, maharashtra

# 792 : INDIRA GANDHI KANYA VIDYALAYA   --> indira gandhi kanya vidyalay, maharashtra

# 793 : Z.P. UPS,  --> z.p. ups,, maharashtra
[ChIJ9QrooN4i1DsRv1NQqJoKFyc] || [Z.p Up. Primary School] || [('C', 'City', 'nagpur')]

# 794 : ZILLA PARISHAD URDU HIGH SCHOOL, --> zilla parishad urdu high school, maharashtra

# 795 : RAJSHRI SHAHU PUBLIC PRIMARY ENGLISH SCHOOL, --> rajshri shahu public primary english school, maharashtra

# 796 : ZILLA PARISHAD PRIMARY SCHOOL, --> zilla parishad primary school, maharashtra

# 797 : ZILLA PARISHAD PRIMARY SCHOOL, --> zilla parishad primary school, maharashtra
[ChIJDfFyWbZgzzsR0h424pcf8Os] || [Zilla Parishad Primary School] || [('B', 'Pincode', '413606')]

# 798 : SHIVSHAKATI HIGHSCHOOL, --> shivshakati highschool, maharashtra

# 799 : SARASWATI PRIMARY SCHOOL,  --> saraswati primary school, maharashtra

# 800 : MAHATMA GANDHI VIDYALAYA,  --> mahatma gandhi vidyalay, maharashtra

# 801 : ZILLA PARISHAD URDU.PRIMARY SCHOOL, --> zilla parishad urdu.primary school, maharashtra

# 802 : B.R.HS & JR. COLLEGE, KATOL --> b.r.hs & jr. college, maharashtra

# 803 : SHINDE KANYA VDY,  KATOL --> shinde kanya vdy,, maharashtra

# 804 : SAYYED ABDUL SHAH MEMORIYAL URDU SEC. SCHOOL, --> sayyed abdul shah memoriyal urdu sec. school, maharashtra

# 805 : INDIRA CONVENT PS,  --> indira convent, maharashtra
[ChIJ80eK-lS_1DsRDByatYiV4Is] || [Indira Gandhi High School] || [('C', 'City', 'nagpur')]

# 806 : Z.P. UPS,  --> z.p. ups,, maharashtra
[ChIJ9QrooN4i1DsRv1NQqJoKFyc] || [Z.p Up. Primary School] || [('C', 'City', 'nagpur')]

# 807 : Z.P.  UPS,  --> z.p.  ups,, maharashtra
[ChIJ9QrooN4i1DsRv1NQqJoKFyc] || [Z.p Up. Primary School] || [('C', 'City', 'nagpur')]

# 808 : Z.P. PS,  --> z.p. ps,, maharashtra

# 809 : Z.P. PRI. SCHOOL  --> z.p. pri. school, maharashtra

# 810 : UDAY UPS,  --> uday ups,, maharashtra
[ChIJIbJk7mrH1DsRI1mI4GvsgrE] || [Re Make up Gents Parlour] || [('C', 'City', 'nagpur')]

# 811 : UDAY VDY,  --> uday vdy,, maharashtra

# 812 : SWAMI VIVEKANAND VDY,  --> swami vivekanand vdy,, maharashtra

# 813 : Z.P. PS,  --> z.p. ps,, maharashtra

# 814 : Z.P. UPS,  --> z.p. ups,, maharashtra
[ChIJ9QrooN4i1DsRv1NQqJoKFyc] || [Z.p Up. Primary School] || [('C', 'City', 'nagpur')]

# 815 : Z.P. UPS,  --> z.p. ups,, maharashtra
[ChIJ9QrooN4i1DsRv1NQqJoKFyc] || [Z.p Up. Primary School] || [('C', 'City', 'nagpur')]

# 816 : SWAMI VIVEKANAND VDY,   --> swami vivekanand vdy,, maharashtra

# 817 : N.P.PS NO.4,KATOL --> n.p.ps no.4,, maharashtra

# 818 : NABIRA VDY,KATOL --> nabira vdy,, maharashtra

# 819 : B.R.ENG CONVENT,KATOL --> b.r.eng convent, maharashtra

# 820 : RAJIV GANDHI NIVASI MUKBADHIR VDY,KATOL(SAI) --> rajiv gandhi nivasi mukbadhir vdy,, maharashtra

# 821 : Z.P UPS,  --> z.p ups,, maharashtra
[ChIJ9QrooN4i1DsRv1NQqJoKFyc] || [Z.p Up. Primary School] || [('C', 'City', 'nagpur')]

# 822 : N.P. MANGALWARI PS, UMRED --> n.p. mangalwari ps,, maharashtra

# 823 : N.P. BUDHWARI PS, UMRED --> n.p. budhwari ps,, maharashtra

# 824 : N.P. ITWARI PS, UMRED --> n.p. itwari ps,, maharashtra
[ChIJ4UUvidDA1DsRHojQPPbZAzM] || [P S Electricals] || [('C', 'City', 'nagpur')]

# 825 : N.P. DURGAPUR PS, UMRED --> n.p. durgapur ps,, maharashtra

# 826 : Z.P. UPS,  --> z.p. ups,, maharashtra
[ChIJ9QrooN4i1DsRv1NQqJoKFyc] || [Z.p Up. Primary School] || [('C', 'City', 'nagpur')]

# 827 : DATTATREY VDY.,  --> dattatrey vdy.,, maharashtra
[ChIJ29iW71TH1DsRNUATFpVrO_w] || [Sakkardara Pri Vdy] || [('C', 'City', 'nagpur')]

# 828 : Z.P. UPS  --> z.p. ups, maharashtra
[ChIJ9QrooN4i1DsRv1NQqJoKFyc] || [Z.p Up. Primary School] || [('C', 'City', 'nagpur')]

# 829 : MATOSHRI KASHIDEVI MDY VDY  --> matoshri kashidevi mdy vdy, maharashtra

# 830 : SAMBHAJI RAJE MADHYMIK VIDHYALAY,  --> sambhaji raje madhymik vidhyalay,, maharashtra

# 831 : JANA GANA MANA CONVENT SCHOOL  --> jana gana mana convent school, maharashtra

# 832 : Z.P.PS,  --> z.p.ps,, maharashtra

# 833 : SANT BHAKREMAHARAJ VDY,  --> sant bhakremaharaj vdy,, maharashtra

# 834 : NEW  ENGLISH HIGHSCHOOL,  --> new  english highschool, maharashtra

# 835 : MADHYAMIK VIDYALAYA, INGONDA --> madhyamik vidyalay, maharashtra

# 836 : ZILLA PARISHAD PRIMARY SCHOOL,  --> zilla parishad primary school, maharashtra

# 837 : ZILLA PARISHAD PRIMARY SCHOOL,  --> zilla parishad primary school, maharashtra

# 838 : Z.P. UPPER PRIMARY SCHOOL  --> z.p. upper primary school, maharashtra

# 839 : NANAJI PUDAKE VIDYALAYA  --> nanaji pudake vidyalay, maharashtra

# 840 : Z.P. UPPER PRIMARY SCHOOL  --> z.p. upper primary school, maharashtra

# 841 : Z.P. UPPER PRIMARY SCHOOL MANGALI --> z.p. upper primary school, maharashtra

# 842 : ZILLA PARISHAD PRIMARY SCHOOL, --> zilla parishad primary school, maharashtra

# 843 : ZILLA PARISHAD PRIMARY SCHOOL, --> zilla parishad primary school, maharashtra

# 844 : ZILLA PARISHAD PRIMARY SCHOOL, --> zilla parishad primary school, maharashtra

# 845 : DESH BHUSHAN KUL BHUSHAN HIGH SCHOOL KUNTHALGIRI --> desh bhushan kul bhushan high school, maharashtra

# 846 : ZILLA PARISHAD PRIMARY SCHOOL,  --> zilla parishad primary school, maharashtra

# 847 : ZILLA PARISHAD PRIMARY SCHOOL, GOSAWADI --> zilla parishad primary school, maharashtra

# 848 : ZILLA PARISHAD PRIMARY SCHOOL,  --> zilla parishad primary school, maharashtra

# 849 : ZILLA PARISHAD PRIMARY SCHOOL,  --> zilla parishad primary school, maharashtra

# 850 : ZILLA PARISHAD PRIMARY SCHOOL, --> zilla parishad primary school, maharashtra

# 851 : MADHUKARRAO CHAWAN HIGHSCHOOL, --> madhukarrao chawan highschool, maharashtra

# 852 : ZILLA PARISHAD PRIMARY SCHOOL, --> zilla parishad primary school, maharashtra

# 853 : ZILLA PARISHAD PRIMARY SCHOOL, --> zilla parishad primary school, maharashtra

# 854 : VIKAS VIDYALAYA   --> vikas vidyalay, maharashtra
[ChIJL4tqRwR_1DsRMu80fzhY2_s] || [Vikas Vidyalaya] || [('C', 'City', 'wardha')]

# 855 : SR. SAHU M. ASRAM SCHOOL   --> sr. sahu m. asram school, maharashtra

# 856 : SR. SAHU M. MDY. ASHRAM SCHOOL   --> sr. sahu m. mdy. ashram school, maharashtra

# 857 : K.T. MAHAJAN PRIMARY SCHOOL  --> k.t. mahajan primary school, maharashtra

# 858 : ZILLA PARISHAD PRIMARY SCHOOL, --> zilla parishad primary school, maharashtra

# 859 : ZILLA PARISHAD PRIMARY SCHOOL, --> zilla parishad primary school, maharashtra

# 860 : ZILLA PARISHAD PRIMARY SCHOOL, --> zilla parishad primary school, maharashtra

# 861 : ZILLA PARISHAD HIGH SCHOOL,. --> zilla parishad high school, maharashtra

# 862 : KAY MAHARUDRA(BAPPA) MOTE SECONDARY & HIGHSECONDARY SCHOOL,  --> kay maharudra(bappa) mote secondary & highsecondary school, maharashtra

# 863 : KAI. RAOSAHEB PATIL PRIMARY SCHOOL,  --> kai. raosaheb patil primary school, maharashtra

# 864 : MAHEDAVIYA URDU PRIMARY SCHOOL,  --> mahedaviya urdu primary school, maharashtra

# 865 : SECONDARY ASHRAM SCHOOL, --> secondary ashram school, maharashtra

# 866 : NATIONAL SECONDARY MARATHI HIGH SCHOOL, --> national secondary marathi high school, maharashtra

# 867 : ZILLA PARISHAD URDU GIRLS SCHOOL, --> zilla parishad urdu girls school, maharashtra

# 868 : ZILLA PARISHAD URDU PRIMARY SCHOOL, --> zilla parishad urdu primary school, maharashtra

# 869 : Z.P. UP.PRI. SCHOOL  --> z.p. up.pri. school, maharashtra

# 870 : Z.P. PRI. SCHOOL (KANYA) WAGHOL --> z.p. pri. school, maharashtra

# 871 : Z. P. PRI. SCHOOL  --> z. p. pri. school, maharashtra

# 872 : Z.P.PS, MOHADARA --> z.p.ps,, maharashtra

# 873 : ZILLA PARISHAD HIGHSCHOOL, --> zilla parishad highschool, maharashtra

# 874 : ZILLA PARISHAD PRIMARY SCHOOL, SHITALNAGAR VASTI, --> zilla parishad primary school, maharashtra
[ChIJT1xf16TGwjsRW9tg-G8tqaQ] || [Zilla Parishad Primary School Lohagaon Number 1] || [('A', 'VILLAGE_NAME', 'dhanori')]

# 875 : VIDYANMATA ENGLISH PRIMARY SCHOOL  --> vidyanmata english primary school, maharashtra

# 876 : ZILLA PARISHAD PRIMARY SCHOOL, DHANGARVASTI NAIKNAGAR, --> zilla parishad primary school, maharashtra

# 877 : LOKMANGAL ENGLISH SCHOOL,  --> lokmangal english school, maharashtra

# 878 : ZILLA PARISHAD PRIMARY SCHOOL,  --> zilla parishad primary school, maharashtra

# 879 : ZILLA PARISHAD PRIMARY SCHOOL,  --> zilla parishad primary school, maharashtra

# 880 : ZILLA PARISHAD PRIMARY SCHOOL,  --> zilla parishad primary school, maharashtra

# 881 : JAI HANUMAN VIDYALAYA,  --> jai hanuman vidyalay, maharashtra

# 882 : RAJIV GANDHI NIVASI ASTHIVYANG VDY,KATOL(SAI) --> rajiv gandhi nivasi asthivyang vdy,, maharashtra

# 883 : RAJIV GANDHI NIVASI ANDH VDY,KATOL(SAI) --> rajiv gandhi nivasi andh vdy,, maharashtra

# 884 : SPMS CBSE SCHOOL,NABIRA VIDYALAYA CAMPUS KATOL --> spms cbse school, maharashtra

# 885 : ZILLA PARISHAD PRIMARY SCHOOL, WASTISHALA INDRANAGAR, --> zilla parishad primary school, maharashtra

# 886 : ZILLA PARISHAD PRIMARY SCHOOL,  --> zilla parishad primary school, maharashtra

# 887 : N.P. LT. A. L. WAGHMARE PS, UMRED --> n.p. lt. a. l. waghmare ps,, maharashtra

# 888 : N.P. NUTAN PS, UMRED --> n.p. nutan ps,, maharashtra

# 889 : N.P. JOGITHANA 1 PS, UMRED --> n.p. jogithana 1 ps,, maharashtra

# 890 : PUBLIC PS, UMRED --> public ps,, maharashtra
[ChIJkyKBZVS41DsRFwGrMe9K4XI] || [PRERNA PUBLIC SCHOOL VIHIRGAON] || [('B', 'Locality', 'umred')]

# 891 : Z.P. UPS, UMRI --> z.p. ups,, maharashtra
[ChIJ9QrooN4i1DsRv1NQqJoKFyc] || [Z.p Up. Primary School] || [('C', 'City', 'nagpur')]

# 892 : Z.P. PS,  --> z.p. ps,, maharashtra

# 893 : Z.P. PS, CHICHDA --> z.p. ps,, maharashtra

# 894 : GOVT. ASHRAM SCH NAVEGAON (CHICHDA) --> govt. ashram sch, maharashtra

# 895 : N.P.UPS (3), KATOL --> n.p.ups (3),, maharashtra

# 896 : Z.P.PS,  --> z.p.ps,, maharashtra

# 897 : Z.P PS, --> z.p ps,, maharashtra

# 898 : Z.P PS, --> z.p ps,, maharashtra

# 899 : ZILLA PARISHAD PRIMARY SCHOOL, JAKEPIMPRI --> zilla parishad primary school, maharashtra

# 900 : ZILLA PARISHAD PRIMARY SCHOOL,  --> zilla parishad primary school, maharashtra

# 901 : ZILLA PARISHAD CENTRAL PRIMARY SCHOOL, JAWALA (NI) --> zilla parishad central primary school, maharashtra

# 902 : ZILLA PARISHAD .HIGH SCHOOL JAWALA (NI) --> zilla parishad .high school, maharashtra

# 903 : Z.P. PRIMARY SCHOOL  --> z.p. primary school, maharashtra

# 904 : TIRUPATI VIDHYALAYA  --> tirupati vidhyalaya, maharashtra

# 905 : Z.P. PRIMARY SCHOOL KESALWADA(RAGHORTE) --> z.p. primary school, maharashtra

# 906 : Z.P. PRIMARY SCHOOL  --> z.p. primary school, maharashtra

# 907 : ZILLA PARISHAD PRIMARY SCHOOL, --> zilla parishad primary school, maharashtra

# 908 : SHRI SANT DNYANESHWAR VIDYALAY, --> shri sant dnyaneshwar vidyalay, maharashtra
[ChIJQyfDHLDdxDsRkgCOf8JYhpo] || [Shri Sant Dnyaneshwar Vidyalay,Lanjeshwar] || [('B', 'Pincode', '413534')]

# 909 : ZILLA PARISHAD PRIMARY SCHOOL, --> zilla parishad primary school, maharashtra

# 910 : ZILLA PARISHAD CENTRAL PRIMARY SCHOOL, --> zilla parishad central primary school, maharashtra

# 911 : ZILLA PARISHAD PRIMARY SCHOOL, YEMAI WASTI --> zilla parishad primary school, maharashtra

# 912 : ZILLA PARISHAD PRIMARY SCHOOL, LOKHANDE WASTI --> zilla parishad primary school, maharashtra

# 913 : INDRA KALE HIGHSCHOOL, --> indra kale highschool, maharashtra

# 914 : ZILLA PARISHAD PRIMARY SCHOOL, ATOLEWASTI --> zilla parishad primary school, maharashtra

# 915 : ZILLA PARISHAD PRIMARY SCHOOL, PARDHEWASTI NO -1 --> zilla parishad primary school, maharashtra

# 916 : ANJANI HIGHSCHOOL, --> anjani highschool, maharashtra

# 917 : NATIONAL MARATHI PRIMARY SCHOOL  --> national marathi primary school, maharashtra

# 918 : VASANTRAO NAIKE ASHRAM SCHOOL, --> vasantrao naike ashram school, maharashtra

# 919 : JANTA VIDYA VIHAR CONVENT  --> janta vidya vihar convent, maharashtra

# 920 : Z.P. UP. PRI. SCHOOL  --> z.p. up. pri. school, maharashtra

# 921 : Z.P. PRI. SCHOOL  --> z.p. pri. school, maharashtra

# 922 : Z.P. PRI. SCHOOL  --> z.p. pri. school, maharashtra

# 923 : SC CENTRAL NIWASI PRIMARY ASHRAM SCHOOL, --> sc central niwasi primary ashram school, maharashtra

# 924 : ZILLA PARISHAD PRIMARY SCHOOL, --> zilla parishad primary school, maharashtra

# 925 : ZILLA PARISHAD PRIMARY SCHOOL, GANDHI NAGAR, --> zilla parishad primary school, maharashtra

# 926 : SANT MARUTI MHARAJ PRIMARY ASHRAM SCHOOL, --> sant maruti mharaj primary ashram school, maharashtra

# 927 : ZILLA PARISHAD URDU SECONDARY & HIGHSECONDARY  --> zilla parishad urdu secondary & highsecondary, maharashtra

# 928 : KALYANSAGAR SECONDARY SCHOOL,  --> kalyansagar secondary school, maharashtra

# 929 : SAINT MEERA PUBLIC SCHOOL,  --> saint meera public school, maharashtra
[ChIJQUkSsmf2xDsR8JkxHZU7O0Y] || [Saint Meera Secondary And Primary Public School] || [('A', 'Street Address', 'paranda')]

# 930 : INDRA GIRLS HIGHSCHOOL, --> indra girls highschool, maharashtra
[ChIJ0awlGH-hxTsRY96_W7NSZF8] || [Girls High School] || [('C', 'City', 'osmanabad')]

# 931 : LUKMAN URDU PRIMARY SCHOOL RAHIMNAGAR, --> lukman urdu primary school, maharashtra

# 932 : ASHRAM SHALA T.W.P.A,  --> ashram shala, maharashtra

# 933 : ZILLA PARISHAD PRIMARY SCHOOL, --> zilla parishad primary school, maharashtra

# 934 : ZILLA PARISHAD PRIMARY SCHOOL,TIRTH(BK) --> zilla parishad primary school, maharashtra

# 935 : Z.P.PS,  --> z.p.ps,, maharashtra

# 936 : Z.P.U.PS,  --> z.p.u.ps,, maharashtra

# 937 : Z.P.UPS,  --> z.p.ups,, maharashtra

# 938 : Z.P.PS,  --> z.p.ps,, maharashtra
[ChIJ8woDWLvSwzsR2hId-ssVLew] || [Z. P. PS. Sap] || [('A', 'VILLAGE_NAME', 'satara')]

# 939 : ZILLA PARISHAD PRIMARY SCHOOL, --> zilla parishad primary school, maharashtra

# 940 : ZILLA PARISHAD PRIMARY SCHOOL, --> zilla parishad primary school, maharashtra

# 941 : ASHRAM SCHOOL, --> ashram school, maharashtra

# 942 : ZILLA PARISHAD PRIMARY SCHOOL,MOGHA(BK) --> zilla parishad primary school, maharashtra

# 943 : ZILLA PARISHAD PRIMARY SCHOOL,  --> zilla parishad primary school, maharashtra

# 944 : ZILLA PARISHAD PRIMARY SCHOOL,  --> zilla parishad primary school, maharashtra

# 945 : ZILLA PARISHAD PRIMARY SCHOOL,  --> zilla parishad primary school, maharashtra

# 946 : ZILLA PARISHAD PRIMARY SCHOOL,  --> zilla parishad primary school, maharashtra

# 947 : ZILLA PARISHAD PRIMARY SCHOOL,PAWARNAGAR --> zilla parishad primary school, maharashtra

# 948 : JIJAMATA KANYA MADHYAMIK SHALA, --> jijamata kanya madhyamik shala, maharashtra

# 949 : JIJAMATA PRIMARY.SCHOOL, --> jijamata primary.school, maharashtra
[ChIJecNChgu-xTsR-iSgkdUvyNc] || [Zilla Parishad Primary School] || [('A', 'VILLAGE_NAME', 'tuljapur')]

# 950 : SHRI KULSWAMINI PRIMARY SCHOOL, --> shri kulswamini primary school, maharashtra

# 951 : P. NEHRU UPS, UMRED --> p. nehru ups,, maharashtra

# 952 : NEW IDIAL HS, UMRED --> new idial hs,, maharashtra

# 953 : NEW IDIAL GIRLS HS, UMRED --> new idial girls hs,, maharashtra
[ChIJyRKPRcjA1DsRF0XkuDi13MM] || [J.N.Tata Parsi Girls High School] || [('C', 'City', 'nagpur')]

# 954 : Z.P.UPS,  --> z.p.ups,, maharashtra

# 955 : Z.P. PS,  --> z.p. ps,, maharashtra

# 956 : Z.P. PS,  --> z.p. ps,, maharashtra

# 957 : Z.P. PS,  --> z.p. ps,, maharashtra

# 958 : Z.P. PS,  --> z.p. ps,, maharashtra

# 959 : WAMNRAO MANKAR HS, --> wamnrao mankar hs,, maharashtra

# 960 : Z.P UPS, --> z.p ups,, maharashtra
[ChIJ9QrooN4i1DsRv1NQqJoKFyc] || [Z.p Up. Primary School] || [('C', 'City', 'nagpur')]

# 961 : SANT KABIR VDY, --> sant kabir vdy,, maharashtra

# 962 : Z.P.UPS,  --> z.p.ups,, maharashtra

# 963 : PRATIBHA PAWAR GIRLS HIGHSCHOO, JAWALA (NI) --> pratibha pawar girls highsch, maharashtra

# 964 : ZILLA PARISHAD PRIMARY SCHOOL, SANGADEWASTI --> zilla parishad primary school, maharashtra

# 965 : VASANT HIGHSEC SCHOOL, JAWALA (NI) --> vasant highsec school, maharashtra

# 966 : ZILLA PARISHAD PRIMARY SCHOOL,  --> zilla parishad primary school, maharashtra

# 967 : Z.P. PRIMARY SCHOOL  --> z.p. primary school, maharashtra

# 968 : MANOHAR VIDHYALAYA  & JR. COLLEGE  --> manohar vidhyalaya  & jr. college, maharashtra

# 969 : Z.P. PRIMARY SCHOOL  --> z.p. primary school, maharashtra

# 970 : Z.P. PRIMARY SCHOOL  --> z.p. primary school, maharashtra

# 971 : ZILLA PARISHAD PRIMARY SCHOOL, ANDHAREWASTI, --> zilla parishad primary school, maharashtra

# 972 : ZILLA PARISHAD GIRLS PRIMARY SCHOOL, --> zilla parishad girls primary school, maharashtra

# 973 : LOKMANYA VIDYALAYA, --> lokmanya vidyalay, maharashtra

# 974 : ZILLA PARISHAD PRIMARY URDU SCHOOL, --> zilla parishad primary urdu school, maharashtra

# 975 : ZILLA PARISHAD CENTRAL PRIMARY SCHOOL,  --> zilla parishad central primary school, maharashtra

# 976 : ZILLA .PARISHAD GIRLS.PRIMARY SCHOOL,  --> zilla .parishad girls.primary school, maharashtra

# 977 : ZILLA PARISHAD PRIMARY SCHOOL, INDRAWASTI,  --> zilla parishad primary school, maharashtra

# 978 : ZILLA PARISHAD HIGH SCHOOL,  --> zilla parishad high school, maharashtra

# 979 : DHARITRI PRIMARY SCHOOL, --> dharitri primary school, maharashtra

# 980 : DHARITRI HIGHSCHOOL, --> dharitri highschool, maharashtra
[ChIJpVDccsfxxTsRyjTsaC6eRVQ] || [Dharitri Vidyalaya] || [('B', 'Pincode', '413602')]

# 981 : NUTAN APANG SCHOOL, --> nutan apang school, maharashtra

# 982 : SAYYAD ABDULLA SHA MEMORIA URDU PRIMARY SCHOOL, --> sayyad abdulla sha memoria urdu primary school, maharashtra

# 983 : Z.P. PRI. SCHOOL  --> z.p. pri. school, maharashtra

# 984 : Z.P.UP. PRI. SCHOOL  --> z.p.up. pri. school, maharashtra

# 985 : NAVKETAN VIDYALAYA  --> navketan vidyalay, maharashtra

# 986 : Z.P. UP.PRI. SCHOOL  --> z.p. up.pri. school, maharashtra

# 987 : DHARMVIR SAMBHAJI VIDYALAYA, --> dharmvir sambhaji vidyalay, maharashtra

# 988 : SHRI DR.K.D.SHENDGE ENGLISH MEDIUM SCHOOL,  --> shri dr.k.d.shendge english medium school, maharashtra

# 989 : ZILLA PARISHAD PRIMARY SCHOOL, --> zilla parishad primary school, maharashtra

# 990 : ZILLA PARISHAD PRIMARY SCHOOL, --> zilla parishad primary school, maharashtra
[ChIJDfFyWbZgzzsR0h424pcf8Os] || [Zilla Parishad Primary School] || [('B', 'Pincode', '413606')]

# 991 : ZILLA PARISHAD CENTRAL PRIMARY SCHOOL,  --> zilla parishad central primary school, maharashtra

# 992 : SANT DNYNESHWAR PRASHALA,  --> sant dnyneshwar prashala, maharashtra

# 993 : ZILLA PARISHAD PRIMARY SCHOOL,  --> zilla parishad primary school, maharashtra

# 994 : ZILLA PARISHAD PRIMARY SCHOOL,  --> zilla parishad primary school, maharashtra

# 995 : MAHARASHTRA VIDYALAYA,TIRTH(BK) --> maharashtra vidyalay, maharashtra

# 996 : ZILLA PARISHAD CENTRAL PRIMARY SCHOOL,TIRTH(KH) --> zilla parishad central primary school, maharashtra

# 997 : BHAIRWANAT SECONDARY VIDYALAYA,TIRTH.(KH) --> bhairwanat secondary vidyalay, maharashtra

# 998 : Z.P. UPS,  --> z.p. ups,, maharashtra
[ChIJ9QrooN4i1DsRv1NQqJoKFyc] || [Z.p Up. Primary School] || [('C', 'City', 'nagpur')]

# 999 : L. SANTOSRAO RADKE VDY,  --> l. santosrao radke vdy,, maharashtra

## FILE WRITTEN

TOTAL UNIQUE ID: 144
CLASS COUNTS {'C': 59, 'B': 35, 'A': 50}
