## FILE: Rajasthan.csv
# 0 : PVT ADRASH UP BAL VIDHYALAYA 2 IWM --> pvt adrash up bal vidhyalaya 2 iwm, rajasthan

# 1 : GOVT.SEC.SCH.,  --> govt.sec.sch, rajasthan

# 2 : PVT GYANDEEP SEC SCH SATJANDA --> pvt gyandeep sec sch, rajasthan

# 3 : TEGORE PUBLIC CHURU --> tegore public churu, rajasthan
[ChIJcwlr_e-DEzkRGOlP9_7ng7Y] || [Tagore Public School] || [('B', 'Locality', 'churu')]

# 4 : GUPS SANSKRIT DABALA ROAD --> gups sanskrit dabala road, rajasthan

# 5 : GPS BALMIKI BASTI --> gps balmiki basti, rajasthan

# 6 : NAVANKUR SHISHU SR SCHOOL AGUNA MOHALLA CHURU WARD NO 32 --> navankur shishu sr school, rajasthan
[ChIJ9TTYlwRiEzkRCL8Fv3H17oE] || [Navankur Sisu Acadamy Senior Secondary School Churu (Raj.)] || [('B', 'Pincode', '331001')]

# 7 : MERIGOLD WORLD UPS, CHURU --> merigold world ups,, rajasthan

# 8 : MADARSA SIRAJUL ULUM WNO.27 --> madarsa sirajul ulum wno.27, rajasthan

# 9 : NATIONAL GREEN ACADEMY UPS CHURU --> national green academy, rajasthan

# 10 : G SARVA HITKARINI GIRLS CHURU --> g sarva hitkarini girls churu, rajasthan

# 11 : GHANSHAYAM BAL MANDIR CHURU --> ghanshayam bal mandir, rajasthan

# 12 : GPS WARD NO 8 SUJANGARH --> gps ward no 8 sujangarh, rajasthan

# 13 : SHEKAWATI SIKSHAN SANSHTAN SUJANGARH --> shekawati sikshan sanshtan sujangarh, rajasthan

# 14 : J.P ADARSH VIDYA MANDIR W.NO.10 SUJANGARH --> j.p adarsh vidya mandir, rajasthan
[ChIJN_i1_2QxazkRdJkwbG-SAnI] || [J.P. Adarsh Vidya Mandir] || [('B', 'Locality', 'sujangarh')]

# 15 : GOOD SEFRAD SUJANGARH --> good sefrad sujangarh, rajasthan

# 16 : GPS NO 6 CHURU --> gps no 6 churu, rajasthan

# 17 : NAV PRERANA PUBLIC SCHOOL --> nav prerana public school, rajasthan

# 18 : GOVT.PRIMARY SCH., --> govt.primary sch, rajasthan

# 19 : GUPS  --> gups, rajasthan

# 20 : GOVT.PRIMARY SCH., --> govt.primary sch, rajasthan

# 21 : SWAMI VIVEKANAND  UPS  --> swami vivekanand  ups, rajasthan

# 22 : GOVT PRIMARY SCH  --> govt primary sch, rajasthan

# 23 : GPS DHANI DHUKIA  --> gps dhani dhukia, rajasthan

# 24 : MADRSA D.M.B. PUBLIC SCHOOL SUJANGARH --> madrsa d.m.b. public school, rajasthan

# 25 : GPS JHANWAR NAYA BASSSUJ_W.N. 10 SUJANGARH --> gps jhanwar naya basssuj_w.n. 10 sujangarh, rajasthan

# 26 : GSS  --> gss, rajasthan

# 27 : SARDA SIKSAN SASTHAN WN 15 SUJANGARH --> sarda siksan sasthan wn 15 sujangarh, rajasthan

# 28 : K.G.B.V.MAVLI --> k.g.b.v.mavli, rajasthan

# 29 : G.U.P.S. --> g.u.p.s., rajasthan

# 30 : GUPS  --> gups, rajasthan

# 31 : GUPS (SANSKRIT) DHOBHI --> gups (, rajasthan

# 32 : GOVT.PRIMARY SCH., --> govt.primary sch, rajasthan

# 33 : GOVT.PRIMARY SCH., --> govt.primary sch, rajasthan

# 34 : GOVT.PRIMARY SCH.,7 MGM --> govt.primary sch, rajasthan

# 35 : GOVT.PRIMARY SCH.,  --> govt.primary sch, rajasthan

# 36 : GOVT.PRIMARY SCH.,3MGM --> govt.primary sch, rajasthan

# 37 : CJRM PUBLIC SR. SEC. SCHOOL  --> cjrm public sr. sec. school, rajasthan
[ChIJ0406y7idFDkRlElJ3q9XwGg] || [CJRM Public School Gajsar , Churu] || [('B', 'Pincode', '331001')]

# 38 : CJRM PUBLIC SEC. SCHOOL  --> cjrm public sec. school, rajasthan
[ChIJ0406y7idFDkRlElJ3q9XwGg] || [CJRM Public School Gajsar , Churu] || [('B', 'Pincode', '331001')]

# 39 : GGUPS  --> ggups, rajasthan

# 40 : PVT.SS(M D SEC.SCHOOL) --> pvt.ss(m d sec.school, rajasthan

# 41 : PVT. N.C.A. SEN. SCHOOL, 12 MD(B) --> pvt. n.c.a. sen. school, rajasthan

# 42 : PVT.(HANUMAN SEN.SEC.SCHOOL ) JAALWALI --> pvt.(hanuman sen.sec.school, rajasthan

# 43 : PVT.(S D S SEN.SEC.SCHOOL) GHARSANA --> pvt.(s d s sen.sec.school, rajasthan
[ChIJSSMuGBe1FzkRyjk8UrG5A7E] || [Seth G. L. Bihani S.D. Law College] || [('C', 'City', 'ganganagar')]

# 44 : G.P.S.CHOUHANO KI BHAGAL --> g.p.s.chouhano ki bhagal, rajasthan

# 45 : G.P.S.SUKHER KI GHATI --> g.p.s.sukher ki ghati, rajasthan

# 46 : G.P.S.BHURI TALAI --> g.p.s.bhuri talai, rajasthan

# 47 : GOVT.PRIMARY SCH., --> govt.primary sch, rajasthan

# 48 : PVT.JAMHWESWER AADRASH.PUB.PRI.BAKHTAWARPURA --> pvt.jamhweswer aadrash.pub.pri.bakhtawarpura, rajasthan

# 49 : GPS MAHIYO KI DHANI SADU BARI --> gps mahiyo ki dhani sadu bari, rajasthan

# 50 : SARSWATI BAL VM   --> sarswati bal vm, rajasthan

# 51 : GPS NIMALA DHOURA  --> gps nimala dhoura, rajasthan

# 52 : GURUKUL SHIKSHAN SANSTHAN SADU CHOTHI --> gurukul shikshan sansthan sadu chothi, rajasthan

# 53 : GOVT PRIMARY SCH  --> govt primary sch, rajasthan

# 54 : GOVT UPPER PRIMARY SCH  --> govt upper primary sch, rajasthan

# 55 : GOVT PRIMARY SCH  --> govt primary sch, rajasthan

# 56 : GOVT UPPER PRIMARY SCH  --> govt upper primary sch, rajasthan

# 57 : MA BADI CENTER  --> ma badi center, rajasthan
[ChIJAQAAAJDlZzkRCELdzPbVCQo] || [SWACH] || [('C', 'City', 'udaipur')]

# 58 : N.F.E.GOOJRIYA FALA --> n.f.e.goojriya fala, rajasthan

# 59 : G.P.S.KATARFALA --> g.p.s.katarfala, rajasthan
KEYS EXHAUSTED

TOTAL UNIQUE ID: 6
CLASS COUNTS {'C': 2, 'B': 4, 'A': 0}
