## FILE: UttarPradesh2.csv
# 0 : P S  --> p s, uttar pradesh

# 1 : P S KHADUAN --> p s khaduan, uttar pradesh

# 2 : P S PARADIH --> p s paradih, uttar pradesh

# 3 : P.S. --> p.s., uttar pradesh

# 4 : P.S. --> p.s., uttar pradesh

# 5 : P.S. --> p.s., uttar pradesh

# 6 : P.S. --> p.s., uttar pradesh

# 7 : P.S. --> p.s., uttar pradesh

# 8 : U.P.S. SANTALYA --> u.p.s. santalya, uttar pradesh

# 9 : P.S. --> p.s., uttar pradesh

# 10 : P.S.K. --> p.s.k., uttar pradesh

# 11 : U.P.S.  --> u.p.s., uttar pradesh

# 12 : PS  --> ps, uttar pradesh

# 13 : PS  --> ps, uttar pradesh

# 14 : PS  --> ps, uttar pradesh

# 15 : PS  --> ps, uttar pradesh

# 16 : P.S. KABIRUDDINPUR --> p.s. kabiruddinpur, uttar pradesh

# 17 : UPS PURE GHEESA --> ups pure gheesa, uttar pradesh

# 18 : MAHADEV BALIKA VIDHALAYA --> mahadev balika vidhalaya, uttar pradesh

# 19 : PS SARAY MANSOOR --> ps saray mansoor, uttar pradesh

# 20 : PS BARA GAON (I) --> ps bara gaon (, uttar pradesh
[ChIJyV2aloLWjzkR9lEbQVUZiZs] || [P.S.Seyarahan] || [('A', 'baragaon')]

# 21 : PS KHARAWAN --> ps kharawan, uttar pradesh

# 22 : PS SADHOGANJ --> ps sadhoganj, uttar pradesh

# 23 : UPS SRI  JAG NARAYAN TIW. VIDYALAY --> ups sri  jag narayan tiw. vidyalay, uttar pradesh

# 24 : UPS ADARSH VIDYA MANDIR --> ups adarsh vidya mandir, uttar pradesh

# 25 : PS ADARSH VIDYA MANDIR --> ps adarsh vidya mandir, uttar pradesh

# 26 : PS  --> ps, uttar pradesh

# 27 : PS  --> ps, uttar pradesh

# 28 : PS  --> ps, uttar pradesh

# 29 : UPS  --> ups, uttar pradesh

# 30 : UPS SRI RAM JANAKI SHIKSH. SANSTHAN --> ups sri ram janaki shiksh. sansthan, uttar pradesh

# 31 : PS /K.K. DEVARIYA --> ps /k.k. devariya, uttar pradesh

# 32 : PS  --> ps, uttar pradesh

# 33 : PS+UPS PUSHPA JR. HIGH SCH. --> ps+ups pushpa jr. high sch, uttar pradesh

# 34 : PS+UPS SHARADA SHISHU MANDIR R --> ps+ups sharada shishu mandir, uttar pradesh

# 35 : PS+UPS LITTLE LINES JR.H. S.HU --> ps+ups little lines jr.h. s.hu, uttar pradesh

# 36 : SUNBEAM SCHOOL VARUNA VARANASI --> sunbeam school, uttar pradesh

# 37 : LAGNI DEVI H S S   --> lagni devi h s s, uttar pradesh

# 38 : P S SIPAH - 2 --> p s sipah - 2, uttar pradesh

# 39 : P S KAMDHENWA --> p s kamdhenwa, uttar pradesh

# 40 : SHRI BHIRAM BABA MAA YASHODA LINTER COLL --> shri bhiram baba maa yashoda linter coll, uttar pradesh

# 41 : P.S.  --> p.s., uttar pradesh

# 42 : JHS MALHI PUR KHURD --> jhs malhi pur khurd, uttar pradesh

# 43 : P.S. MOGLA --> p.s. mogla, uttar pradesh

# 44 : P.S.  --> p.s., uttar pradesh

# 45 : UPS  --> ups, uttar pradesh

# 46 : PS  --> ps, uttar pradesh

# 47 : PS  --> ps, uttar pradesh

# 48 : PS PRADEEP BAL VIDYA NIKETAN --> ps pradeep bal vidya niketan, uttar pradesh

# 49 : PS  --> ps, uttar pradesh

# 50 : UPS M.G.P.S. JAMEENBAIRAWAN --> ups m.g.p.s. jameenbairawan, uttar pradesh

# 51 : PS RAMPUR 'B' --> ps rampur 'b', uttar pradesh

# 52 : UPS GOVINDASHARM UCHCH PRATHA --> ups govindasharm uchch pratha, uttar pradesh

# 53 : PS MAA MAHESHA DEVI MEMORIAL SCH. --> ps maa mahesha devi memorial sch, uttar pradesh

# 54 : PS NISCHINT PUR --> ps nisch, uttar pradesh

# 55 : GAYATRI DEVI U.M.V. --> gayatri devi u.m.v., uttar pradesh

# 56 : P.S. --> p.s., uttar pradesh

# 57 : GAYATRI DEVI P S --> gayatri devi p s, uttar pradesh

# 58 : DURGAWATI P.S. --> durgawati p.s., uttar pradesh

# 59 : P.S. --> p.s., uttar pradesh

# 60 : P.S.SUBAY DAR KA PURA --> p.s.subay dar ka pura, uttar pradesh

# 61 : GOVT. INTER COLLEGE --> govt. inter college, uttar pradesh

# 62 : UPS MAD. ZAMIYA ARVIYA FAIZUL ULUM --> ups mad. zamiya arviya faizul ulum, uttar pradesh

# 63 : UPS MD. ISLAMIYA MUSLIMPURA --> ups md. islamiya muslimpura, uttar pradesh

# 64 : PS  --> ps, uttar pradesh

# 65 : PS  --> ps, uttar pradesh

# 66 : UPS  --> ups, uttar pradesh

# 67 : UPS RAM NARAYAN SHIKSHA NIKETAN --> ups ram narayan shiksha niketan, uttar pradesh

# 68 : PS SHRADDHA CONVENT SCHOOL --> ps shraddha convent school, uttar pradesh

# 69 : PS SHERWANI PUR --> ps sherwani pur, uttar pradesh
[ChIJTeDHljPXjzkRXS-SZluysus] || [PS School] || [('A', 'sherwanipur')]

# 70 : PS DHODHAIE PUR --> ps dhodhaie pur, uttar pradesh

# 71 : UPS  --> ups, uttar pradesh

# 72 : PS LALATA SINGH PRATH. VIDYALAY --> ps lalata singh prath. vidyalay, uttar pradesh

# 73 : UPS LALATA PURV MADH. VIDYALAY --> ups lalata purv madh. vidyalay, uttar pradesh

# 74 : PS  --> ps, uttar pradesh

# 75 : C.M.G. INTER COLLEGE  --> c.m.g. inter college, uttar pradesh

# 76 : PS  --> ps, uttar pradesh

# 77 : PS  --> ps, uttar pradesh

# 78 : UPS R.R. PUBL. SCHOOL  --> ups r.r. publ. school, uttar pradesh

# 79 : PS  --> ps, uttar pradesh

# 80 : PS SARADAR PATEL --> ps saradar patel, uttar pradesh

# 81 : SARADAR PATEL BALIKA INTER COLLEGE  --> saradar patel balika inter college, uttar pradesh

# 82 : PS  --> ps, uttar pradesh

# 83 : J.C. INTER COLLEGE  --> j.c. inter college, uttar pradesh

# 84 : PS  --> ps, uttar pradesh

# 85 : PS KRISHNA SHIKSHAN SANSTHAN --> ps krishna shikshan sansthan, uttar pradesh
[ChIJ____v0bRjzkRxZ_PGhEinKI] || [Krishna Shikshan Sansthan] || [('A', 'sattanpur')]

# 86 : PS RAMRAJ MAHARAJ VARUNANCHAL --> ps ramraj maharaj varunanchal, uttar pradesh

# 87 : PS ADAMAPUR --> ps adamapur, uttar pradesh

# 88 : PS ASAWARI --> ps asawari, uttar pradesh

# 89 : PS  --> ps, uttar pradesh

# 90 : PS SARASWATI BAL VIDYA MANDIR --> ps saraswati bal vidya mandir, uttar pradesh

# 91 : GOVT GIRLS INTER COLLAGE  --> govt girls inter collage, uttar pradesh

# 92 : PS  --> ps, uttar pradesh

# 93 : UPS  --> ups, uttar pradesh

# 94 : PS  --> ps, uttar pradesh

# 95 : UPS BHARATI BALIKA VIDYALAY --> ups bharati balika vidyalay, uttar pradesh

# 96 : PS MAA SARSWATI PRATHAMIK VID. --> ps maa sarswati prathamik vid., uttar pradesh

# 97 : PS S.S.P. PUBLIC SCHOOL  --> ps s.s.p. public school, uttar pradesh

# 98 : UPS RAM MANOHAR --> ups ram manohar, uttar pradesh

# 99 : UPS SRI DARSAN MUNI VIDYALAY --> ups sri darsan muni vidyalay, uttar pradesh

# 100 : PS  --> ps, uttar pradesh

# 101 : UPS JANATA JR. H. SCHOOL --> ups janata jr. h. school, uttar pradesh

# 102 : PS  --> ps, uttar pradesh

# 103 : UPS  --> ups, uttar pradesh

# 104 : PS  --> ps, uttar pradesh

# 105 : UPS  --> ups, uttar pradesh

# 106 : NATIONAL INTER COLLEGE  --> national inter college, uttar pradesh
[ChIJq6qqlvjVjzkRZRnQ76cGCjs] || [National Inter College] || [('A', 'pindra')]

# 107 : SMT. MANARAJI DEVI GIRLS I.C. RAJPUR --> smt. manaraji devi girls i.c. rajpur, uttar pradesh

# 108 : SRI TAPASWI MAHARAJ INTER COLLEGE RAJPUR --> sri tapaswi maharaj inter college, uttar pradesh

# 109 : UPS  --> ups, uttar pradesh

# 110 : ST. JOSEPHS CONVENT SCHOOL  --> st. josephs convent school, uttar pradesh
[ChIJnfEL3vksjjkRxFZJhPnrUf4] || [St. Joseph's Convent School] || [('A', 'shivpur')]

# 111 : SUDHAKAR MAHILA I.C. KHAJURI PANDEYPUR --> sudhakar mahila i.c. khajuri pandeypur, uttar pradesh

# 112 : LALITA SHASTRI INTER COLLEGE SHIVPUR --> lalita shastri inter college, uttar pradesh
[ChIJAQAAQFYsjjkROykCk-XkupQ] || [Lalita Shastri Inter College] || [('A', 'shivpur')]

# 113 : G.D. GIRLS U.M.V. DAULATPUR --> g.d. girls u.m.v. daulatpur, uttar pradesh

# 114 : R.N. PUBLIC SCHOOL --> r.n. public school, uttar pradesh

# 115 : SARSWATI GYAN MANDIR --> sarswati gyan mandir, uttar pradesh

# 116 : PARWATI SHIV BAL SHIKSHA NIKETAN --> parwati shiv bal shiksha niketan, uttar pradesh

# 117 : AAMA SHAH SERVODAYA U.M.VIDHYALAYA --> aama shah servodaya u.m.vidhyalaya, uttar pradesh

# 118 : U.P.S. KHETAB PUR --> u.p.s. khetab pur, uttar pradesh

# 119 : LT. RAMDEIYA DEVI AMBEDKAR SCH.  --> lt. ramdeiya devi ambedkar sch, uttar pradesh

# 120 : HAJRAT ASHI J.H.S. NURUDDINPURA --> hajrat ashi j.h.s. nuruddinpura, uttar pradesh

# 121 : P.S.  --> p.s., uttar pradesh

# 122 : S.S.MANDIR ZAMANIA (P.S.) --> s.s.mandir, uttar pradesh

# 123 : S.B.V.MANDIR U.P..S.ZAMANIA --> s.b.v.mandir, uttar pradesh

# 124 : HARGEN D.J.H.S.HARPUR --> hargen d.j.h.s.harpur, uttar pradesh
[ChIJuTlUD84AjjkRNDVbookXNhU] || [Hargen Dev High School] || [('B', 'zamania')]

# 125 : KUSUM KALA A.J.B.V.MUBARKPUR KUDUR. --> kusum kala a.j.b.v.mubarkpur kudur., uttar pradesh

# 126 : SARVODAY I.C.  --> sarvoday i.c., uttar pradesh

# 127 : MAHA MANDLESHWAR SHRI BHAWANI NANDAN YATI I.C. VRINDABAN  --> maha mandleshwar shri bhawani nandan yati i.c. vrindaban, uttar pradesh

# 128 : SRI HARDEV P.S.NSIRPUR HOLIPUR  --> sri hardev p.s.nsirpur holipur, uttar pradesh

# 129 : DAYANAND BAL VIDYA NIKETAN KOT --> dayanand bal vidya niketan, uttar pradesh

# 130 : SHRI KARISAYAD SIDDQ AHMAD .I.C --> shri karisayad siddq ahmad .i.c, uttar pradesh

# 131 : PANDIT. SUNDER LAL TIWARI I.C.  --> pandit. sunder lal tiwari i.c., uttar pradesh

# 132 : M.M.U.M.V. CHOOHA PEERAN KADA KAUSHAMBI --> m.m.u.m.v. chooha peeran kada kaushambi, uttar pradesh

# 133 : MADARSA VAHIDA B.B TALIM --> madarsa vahida b.b talim, uttar pradesh

# 134 : M.C.D.R.S.N. --> m.c.d.r.s.n., uttar pradesh

# 135 : S.R.D.A.P.V.KHAJURGAW --> s.r.d.a.p.v.khajurgaw, uttar pradesh

# 136 : GOVT. GIRLS I.C. MUBARAKPUR  --> govt. girls i.c. mubarakpur, uttar pradesh

# 137 : P.S.  --> p.s., uttar pradesh

# 138 : P.S.  --> p.s., uttar pradesh

# 139 : AMAR JYOTI BAL SCHOOL --> amar jyoti bal school, uttar pradesh
[ChIJO0eB7PD9jTkROvyKr7PSQSs] || [Amar Jyoti Bal Vidyalay.] || [('A', 'sarujha')]

# 140 : U.P.S.  --> u.p.s., uttar pradesh

# 141 : P.S. KUSHI --> p.s. kushi, uttar pradesh

# 142 : BAL S N JABURNA --> bal s n jaburna, uttar pradesh

# 143 : LATE.J.R.H.P.V. --> late.j.r.h.p.v., uttar pradesh

# 144 : P.S. LUDHI PUR --> p.s. ludhi pur, uttar pradesh

# 145 : SRI RAJDEV A.V.P.I. COLLEGE --> sri rajdev a.v.p.i. college, uttar pradesh

# 146 : JIUT DAS U.M.V. --> jiut das u.m.v., uttar pradesh

# 147 : PS  --> ps, uttar pradesh

# 148 : UPS  --> ups, uttar pradesh

# 149 : PS BAARENDRA --> ps baarendra, uttar pradesh

# 150 : PS BAIJ NATH GANJ  GORINGO --> ps baij nath ganj  goringo, uttar pradesh

# 151 : CHAMELA DEVI BALIKA I.C. VEERSINGHPUR --> chamela devi balika i.c. veersinghpur, uttar pradesh

# 152 : PS VEERSINGHPUR --> ps veersinghpur, uttar pradesh

# 153 : PS MUGAWAR --> ps mugawar, uttar pradesh

# 154 : PS BHIKHAMPUR --> ps bhikhampur, uttar pradesh

# 155 : PS MANJU SRI BAL NIKETAN KAKARMATTA --> ps manju sri bal niketan, uttar pradesh

# 156 : UPS MANJU SRI SHIKSHAN SANSTHAN --> ups manju sri shikshan sansthan, uttar pradesh

# 157 : PS K. DURGAKUND --> ps k. durgakund, uttar pradesh

# 158 : SANATAN DHARM INTER COLLRGE --> sanatan dharm inter collrge, uttar pradesh

# 159 : AMBEDKAR VIDHALAYA --> ambedkar vidhalaya, uttar pradesh

# 160 : G.G.I.C. HANDIYA --> g.g.i.c. handiya, uttar pradesh

# 161 : NATIONAL INTER COLLEGE --> national inter college, uttar pradesh
[ChIJvaKEnt9VhTkRQy_4QYLyzss] || [National Inter College Auditorium] || [('A', 'handia')]

# 162 : SARSWATI SHISHU SHIKSHA NIKETAN PS --> sarswati shishu shiksha niketan, uttar pradesh

# 163 : PS  --> ps, uttar pradesh

# 164 : U.P.S.  --> u.p.s., uttar pradesh

# 165 : PT. KAMALA PATI TRIPATHI U.P.S. --> pt. kamala pati tripathi u.p.s., uttar pradesh

# 166 : PS  --> ps, uttar pradesh

# 167 : PS SRI KASHI VISWNATH CONVENT SCH. --> ps sri kashi viswnath convent sch, uttar pradesh

# 168 : UPS SRI KASHI VISWNATH JR.HIGH SCH. --> ups sri kashi viswnath jr.high sch, uttar pradesh

# 169 : PS  --> ps, uttar pradesh

# 170 : SARVODAY GIRLS U.M.V. LAKHANSENPUR --> sarvoday girls u.m.v. lakhansenpur, uttar pradesh

# 171 : PS CHAKDULLA --> ps chakdulla, uttar pradesh

# 172 : PS  --> ps, uttar pradesh

# 173 : PS  --> ps, uttar pradesh

# 174 : UPS  --> ups, uttar pradesh

# 175 : PS PAIGAMBAR PUR --> ps paigambar pur, uttar pradesh
[ChIJO12BFlwujjkRNVce9AL2ir8] || [Jai Hind Public School] || [('A', 'paigambarpur')]

# 176 : NARAYAN J.H.S.  --> narayan j.h.s., uttar pradesh

# 177 : SHUDDHA DEVI SMRITI PS --> shuddha devi smriti ps, uttar pradesh

# 178 : AGYANATH VAIDAYA P.S. PRITHAVIPUR --> agyanath vaidaya p.s. prithavipur, uttar pradesh

# 179 : P.M.V KADMAHAVA --> p.m.v kadmahava, uttar pradesh

# 180 : P.S.  --> p.s., uttar pradesh

# 181 : J.H.S.  --> j.h.s., uttar pradesh

# 182 : P.S. BADHAVA TAL --> p.s. badhava tal, uttar pradesh

# 183 : PS RAGHUNATH PUR WARI --> ps raghunath pur wari, uttar pradesh

# 184 : PS SAROJINI CONVENT SCH. --> ps sarojini convent sch, uttar pradesh

# 185 : PS  --> ps, uttar pradesh

# 186 : UPS KUSMURA --> ups kusmura, uttar pradesh

# 187 : PS  --> ps, uttar pradesh

# 188 : UPS  --> ups, uttar pradesh

# 189 : UPS RAM NARESH PUBL. SCH --> ups ram naresh publ. sch, uttar pradesh

# 190 : UPS ADARSH SHISHU GYAN MANDIR --> ups adarsh shishu gyan mandir, uttar pradesh

# 191 : JAMIA HAMIDIA RIZVIA U.M.V. MADANPURA --> jamia hamidia rizvia u.m.v. madanpura, uttar pradesh

# 192 : HIRARAM JAIRAM JYOTI CONVENT I.C. BHARLAI --> hiraram jairam jyoti convent, uttar pradesh

# 193 : PS KENZEN SCHOOL SIKRAUL --> ps kenzen school, uttar pradesh

# 194 : PS C.M. CONVENT SCHOOL NADESAR --> ps c.m. convent school, uttar pradesh

# 195 : P.S.JURAVANIYA --> p.s.juravaniya, uttar pradesh

# 196 : S.D.COSIMIC CONVENT SCHOOL --> s.d.cosimic convent school, uttar pradesh

# 197 : P.S. MUNJADIH --> p.s. munjadih, uttar pradesh

# 198 : J.H.S.  --> j.h.s., uttar pradesh

# 199 : PS+UPS SANT KABIR SHIKHSAN SAN --> ps+ups sant kabir shikhsan san, uttar pradesh

# 200 : PS CHAUDHARI RAM KUBER VIDYA SANS. --> ps chaudhari ram kuber vidya sans., uttar pradesh

# 201 : PS MAHATMA GANDHI PUBL. SCH. --> ps mahatma gandhi publ. sch, uttar pradesh

# 202 : UPS ARJUN BAL SHIKSHA NIKETAN --> ups arjun bal shiksha niketan, uttar pradesh

# 203 : P.M.S. --> p.m.s., uttar pradesh

# 204 : P S JOGA GAON --> p s joga gaon, uttar pradesh

# 205 : P.S. --> p.s., uttar pradesh

# 206 : MADARSA BAITUL ULOOM --> madarsa baitul uloom, uttar pradesh

# 207 : LARD BUDHA P S  --> lard budha p s, uttar pradesh

# 208 : U P S IMILIA --> u p s imilia, uttar pradesh

# 209 : P S BAHARIPUR --> p s baharipur, uttar pradesh

# 210 : UPS BADAGAOW UTTARI --> ups badagaow uttari, uttar pradesh

# 211 : MADARSA JIYAIL ULOOM KHAIRABAD --> madarsa jiyail uloom khairabad, uttar pradesh

# 212 : MADARSA FAIJUL ULOOM MOHAMABAD --> madarsa faijul uloom mohamabad, uttar pradesh

# 213 : PS LAL BHADUR SHATRI MEMORIAL --> ps lal bhadur shatri memorial, uttar pradesh

# 214 : P S  --> p s, uttar pradesh

# 215 : P.S. --> p.s., uttar pradesh

# 216 : P.M.S. --> p.m.s., uttar pradesh

# 217 : SHAJADA SAHAB UDAY PRATAP SINGH I.C. --> shajada sahab uday pratap singh i.c., uttar pradesh

# 218 : SANGAM P.S. --> sangam p.s., uttar pradesh

# 219 : P.S. TENDUHA PANDIT --> p.s. tenduha pandit, uttar pradesh

# 220 : P.S.BHATPURWA --> p.s.bhatpurwa, uttar pradesh

# 221 : P.S.  --> p.s., uttar pradesh

# 222 : P.M.S.  --> p.m.s., uttar pradesh

# 223 : P S KAHINAUR --> p s kahinaur, uttar pradesh

# 224 : P S SATTAR --> p s sattar, uttar pradesh

# 225 : P S TARWAN --> p s tarwan, uttar pradesh

# 226 : P S NASIRABADKALA --> p s nasirabadkala, uttar pradesh

# 227 : UPS RAMPUR CHAKIYA --> ups rampur chakiya, uttar pradesh

# 228 : C S V CONVENT SCHOOL --> c s v convent school, uttar pradesh

# 229 : BAL NIKETAN PS MAU NATH BHANJAN --> bal niketan, uttar pradesh

# 230 : PS BAKWAL --> ps bakwal, uttar pradesh

# 231 : UPS IMALIYA --> ups imaliya, uttar pradesh

# 232 : P.S. --> p.s., uttar pradesh

# 233 : U.P.S. --> u.p.s., uttar pradesh

# 234 : P.S. --> p.s., uttar pradesh

# 235 : SRINATH PARAS NATH P.S . --> srinath paras nath p.s ., uttar pradesh

# 236 : P.M.S. --> p.m.s., uttar pradesh

# 237 : P.S. --> p.s., uttar pradesh

# 238 : C.S.C.S.VIDYA MANDIR  --> c.s.c.s.vidya mandir, uttar pradesh

# 239 : U.P.S.  --> u.p.s., uttar pradesh

# 240 : P.S.TILAKPUR CHAUKI --> p.s.tilakpur chauki, uttar pradesh

# 241 : P S  --> p s, uttar pradesh

# 242 : PS SAMOGAR --> ps samogar, uttar pradesh

# 243 : HARI NANADAN DHUMA HR SEC V GONAIPUR --> hari nanadan dhuma hr sec v gonaipur, uttar pradesh

# 244 : RAM PRASAD HSS KUSWAHPURAMMADAILI --> ram prasad hss kuswahpurammadaili, uttar pradesh

# 245 : DR B R AMB P S BRAHMANPURA --> dr b r amb p s brahmanpura, uttar pradesh

# 246 : P S  --> p s, uttar pradesh

# 247 : P S SHIHORBHAR --> p s shihorbhar, uttar pradesh

# 248 : M A O MAKTAB - REC --> m a o maktab - rec, uttar pradesh

# 249 : PS  --> ps, uttar pradesh

# 250 : PS  --> ps, uttar pradesh

# 251 : PS  --> ps, uttar pradesh

# 252 : P.S. --> p.s., uttar pradesh

# 253 : P.M.S.DAMOO PURWA --> p.m.s.damoo purwa, uttar pradesh

# 254 : P.S. BARI BAGH --> p.s. bari bagh, uttar pradesh

# 255 : P.S. HITAI NAGAR --> p.s. hitai nagar, uttar pradesh

# 256 : P.S. --> p.s., uttar pradesh

# 257 : P.S. HARIHARPUR --> p.s. hariharpur, uttar pradesh

# 258 : P.S. --> p.s., uttar pradesh

# 259 : P.S. --> p.s., uttar pradesh

# 260 : P.S.PURKHIAPUR --> p.s.purkhiapur, uttar pradesh

# 261 : P S  --> p s, uttar pradesh

# 262 : P S BHOGWA JALALPUR --> p s bhogwa jalalpur, uttar pradesh

# 263 : P S CHALHA --> p s chalha, uttar pradesh

# 264 : P S BAKAULI --> p s bakauli, uttar pradesh

# 265 : P S AKBARPUR --> p s akbarpur, uttar pradesh

# 266 : PS DADANPUR --> ps dadanpur, uttar pradesh

# 267 : P S  --> p s, uttar pradesh

# 268 : U P S  --> u p s, uttar pradesh

# 269 : U P S SOHAD --> u p s sohad, uttar pradesh

# 270 : U P S PIWATAL --> u p s piwatal, uttar pradesh

# 271 : P.S. --> p.s., uttar pradesh

# 272 : P.S. --> p.s., uttar pradesh

# 273 :  --> , uttar pradesh

# 274 :  --> , uttar pradesh

# 275 : P.S. --> p.s., uttar pradesh

# 276 : P.S. --> p.s., uttar pradesh

# 277 : P.S.SUBIKHA --> p.s.subikha, uttar pradesh

# 278 : KISAN INTER COLLEGE  --> kisan inter college, uttar pradesh

# 279 : UPS  --> ups, uttar pradesh

# 280 : PS  --> ps, uttar pradesh

# 281 : PS  --> ps, uttar pradesh

# 282 : MAHATMA GANDHI SMARAK U.M.V. MANGOLEYPUR --> mahatma gandhi smarak u.m.v. mangoleypur, uttar pradesh

# 283 : PS ADARSH GYANDEEP VIDYA NIKETAN --> ps adarsh gyandeep vidya niketan, uttar pradesh

# 284 : UPS ADARSH JR.H. SCHOOL --> ups adarsh jr.h. school, uttar pradesh

# 285 : PS KHARARIA --> ps khararia, uttar pradesh

# 286 : UPS KHARARIA --> ups khararia, uttar pradesh

# 287 : UPS MAD.ISLAMIYA TALIMUL KURAN --> ups mad.islamiya talimul kuran, uttar pradesh

# 288 : PS SRI VITTAN RAMJI PUB. SCH. --> ps sri vittan ramji pub. sch, uttar pradesh

# 289 : YUGAL BIHARI INTER COLLEGE RAMESHWAR --> yugal bihari inter college, uttar pradesh

# 290 : PS  --> ps, uttar pradesh

# 291 : PS PAIRAMOUNT SHIKSHAN SANSTHAN --> ps pairamount shikshan sansthan, uttar pradesh

# 292 : PS  --> ps, uttar pradesh

# 293 : PS SHIVDASHA --> ps shivdasha, uttar pradesh

# 294 : UPS  --> ups, uttar pradesh

# 295 : UPS  --> ups, uttar pradesh

# 296 : PS DHELAWARIA --> ps dhelawaria, uttar pradesh

# 297 : PS POLICE LINE --> ps police line, uttar pradesh

# 298 : PS K. LALPUR --> ps k. lalpur, uttar pradesh

# 299 : PS PISANAHARIYA --> ps pisanahariya, uttar pradesh

# 300 : PS K. CHAUKA GHAT-2 --> ps k. chauka ghat-2, uttar pradesh

# 301 : MATA KAMLA INTER COLL --> mata kamla inter coll, uttar pradesh

# 302 : CHAUDHRI CHARAN SINGH MILAN BALIKA --> chaudhri charan singh milan balika, uttar pradesh

# 303 : M B L D S S MANDIR - REC --> m b l d s s mandir, uttar pradesh

# 304 : U P S  --> u p s, uttar pradesh

# 305 : P S  --> p s, uttar pradesh

# 306 : P.S.  --> p.s., uttar pradesh

# 307 : P S  --> p s, uttar pradesh

# 308 : U.P.S.  --> u.p.s., uttar pradesh

# 309 : MADARSA A. ISLAMIYA TALIMUL KURAN --> madarsa a. islamiya talimul kuran, uttar pradesh

# 310 : UPS  --> ups, uttar pradesh

# 311 : PS  --> ps, uttar pradesh

# 312 : PS RAI PUR --> ps rai pur, uttar pradesh

# 313 : PS  --> ps, uttar pradesh

# 314 : MAMATA MAI U.M.V  --> mamata mai u.m.v, uttar pradesh

# 315 : PS  --> ps, uttar pradesh

# 316 : UPS BURHAU BABA PURV MADHYAMI --> ups burhau baba purv madhyami, uttar pradesh

# 317 : PS  --> ps, uttar pradesh

# 318 : PS JALALPUR --> ps jalalpur, uttar pradesh

# 319 : PS ADI HINDU P.S. --> ps adi hindu p.s., uttar pradesh

# 320 : PS MOHAN KALPANA VIDYALAY --> ps mohan kalpana vidyalay, uttar pradesh

# 321 : PS  --> ps, uttar pradesh

# 322 : UPS  --> ups, uttar pradesh

# 323 : UPS  --> ups, uttar pradesh

# 324 : PS AADI HINDU --> ps aadi hindu, uttar pradesh

# 325 : PS AADI HINDU P.S. --> ps aadi hindu p.s., uttar pradesh

# 326 : UPS  --> ups, uttar pradesh

# 327 : UPS  --> ups, uttar pradesh

# 328 : PS  --> ps, uttar pradesh

# 329 : UPS  --> ups, uttar pradesh

# 330 : UPS  --> ups, uttar pradesh

# 331 : UPS PISANAHARIYA --> ups pisanahariya, uttar pradesh

# 332 : UPS SANT SHYAMACHARAN PUBL. SCH --> ups sant shyamacharan publ. sch, uttar pradesh

# 333 : UPS DURGAKUND --> ups durgakund, uttar pradesh
[ChIJ8at13fsxjjkRGc0RfAfWwec] || [Up Collage] || [('A', 'bhelupur')]

# 334 : RANI MURAR  KUMARI BALIKA I.C. BHOJUBEER --> rani murar  kumari balika i.c. bhojubeer, uttar pradesh

# 335 : MA SARVESHWARI GIRLS U.M.V. DAULATPUR PANDEYPUR --> ma sarveshwari girls u.m.v. daulatpur pandeypur, uttar pradesh

# 336 : B.S.R.N. INTER COLLEGE FARIDPUR SARNATH --> b.s.r.n. inter college, uttar pradesh

# 337 : P.S. --> p.s., uttar pradesh

# 338 : P.S. --> p.s., uttar pradesh

# 339 : P.S. POTANIHA BHAGANPUR --> p.s. potaniha bhaganpur, uttar pradesh

# 340 : PRAYAG RAJ U.M.V.  --> prayag raj u.m.v., uttar pradesh

# 341 : SHIV MANGAL GRAMODAYA M.V. --> shiv mangal gramodaya m.v., uttar pradesh

# 342 : R.K.SINGH HIGH SCHOOL --> r.k.singh high school, uttar pradesh

# 343 : SURSATI SAHADEV GUPTA U.M.V.  --> sursati sahadev gupta u.m.v., uttar pradesh

# 344 : P.S.SHEETALPUR --> p.s.sheetalpur, uttar pradesh

# 345 : P.S.SARAI JHOD RAY --> p.s.sarai jhod ray, uttar pradesh

# 346 : P S  --> p s, uttar pradesh

# 347 : U P S  --> u p s, uttar pradesh

# 348 : P S  --> p s, uttar pradesh

# 349 : M B A VIDYALAY - REC --> m b a vidyalay, uttar pradesh

# 350 : AMB B B N P SCHOOL ALAPUR-REC --> amb b b n p school, uttar pradesh

# 351 : P S  --> p s, uttar pradesh

# 352 : SURYANATH DUBE UMB DAULSEPUR --> suryanath dube umb daulsepur, uttar pradesh

# 353 : BABA GIRDHARI PAUHARI IC BHIKAMPUR CHIRAIYAKOT --> baba girdhari pauhari ic bhikampur chiraiyakot, uttar pradesh

# 354 : SHRI RAM KARAN INTER COLL FATEHPUR ABBUPUR --> shri ram karan inter coll fatehpur abbupur, uttar pradesh

# 355 : S G D SIHAL BALIKA INTER COLLEGE FATHEPUR --> s g d sihal balika inter college, uttar pradesh

# 356 : P.S. KURTHIDIH --> p.s. kurthidih, uttar pradesh

# 357 : P.S.  --> p.s., uttar pradesh

# 358 : P.M.V.  --> p.m.v., uttar pradesh

# 359 : P.S. GAJRAHAWA --> p.s. gajrahawa, uttar pradesh

# 360 : P.S.   --> p.s., uttar pradesh

# 361 : P.S.   --> p.s., uttar pradesh

# 362 : J.H.S. BHARAULI --> j.h.s. bharauli, uttar pradesh

# 363 : KUBA PUBLIC SCHOOL --> kuba public school, uttar pradesh

# 364 : P.S. --> p.s., uttar pradesh

# 365 : P.M.S. --> p.m.s., uttar pradesh

# 366 : P.M.S  --> p.m.s, uttar pradesh

# 367 : ADARSH JR.BASIC B.V.NIKETAN --> adarsh jr.basic b.v.niketan, uttar pradesh

# 368 : ASHOK KUMAR KAILASHNATH UMV KODRI  --> ashok kumar kailashnath umv kodri, uttar pradesh

# 369 : P.S.LEHARA(RAMNAGAR) --> p.s.lehara(, uttar pradesh

# 370 : DARAHARA --> darahara, uttar pradesh

# 371 : P.S. --> p.s., uttar pradesh

# 372 : UPS  KANJASHA --> ups  kanjasha, uttar pradesh

# 373 : U.P.S.  --> u.p.s., uttar pradesh

# 374 : PS  --> ps, uttar pradesh

# 375 : PS  --> ps, uttar pradesh

# 376 : U.P.S.  --> u.p.s., uttar pradesh

# 377 : PS  --> ps, uttar pradesh

# 378 : PS CHANDRA GUPT SH --> ps chandra gupt sh, keshary pur

# 379 : PS  --> ps, uttar pradesh

# 380 : PS  --> ps, uttar pradesh

# 381 : PS N.S. PUBLIC SCHOOL --> ps n.s. public school, uttar pradesh

# 382 : PS J.P. BAL VIDYALAY --> ps j.p. bal vidyalay, uttar pradesh

# 383 : UPS JP JR. HIGH SCH. SARAIDANG --> ups jp jr. high sch, uttar pradesh

# 384 : PS MAD. MIFTAHUL ULOOM DANDUPUR --> ps mad. miftahul uloom dandupur, uttar pradesh

# 385 : PS  --> ps, uttar pradesh

# 386 : UPS CHILBIALA --> ups chilbiala, uttar pradesh

# 387 : D.B.R.A.V. --> d.b.r.a.v., uttar pradesh

# 388 : U.P.S. HARIHAR PUR --> u.p.s. harihar pur, uttar pradesh

# 389 : P.S. YUSUF PUR 1 --> p.s. yusuf pur 1, uttar pradesh

# 390 : P.S. YUSUF PUR 2 --> p.s. yusuf pur 2, uttar pradesh

# 391 : P.S. SARAY KOBRA --> p.s. saray kobra, uttar pradesh

# 392 : U.P.S.  --> u.p.s., uttar pradesh

# 393 : SRI HARIDWAR BAL S.N.  --> sri haridwar bal s.n., uttar pradesh

# 394 : SMART ASHOK SIKSHA N.  --> smart ashok siksha n., uttar pradesh

# 395 : SHRI SHANKAR GIRLS INTER COLLEGE --> shri shankar girls inter college, uttar pradesh

# 396 : D.A.V.INTER COLLEGE KOT --> d.a.v.inter college, uttar pradesh

# 397 : U.P.S.  --> u.p.s., uttar pradesh

# 398 : PS HARWARI LAKAHAN PUR --> ps harwari lakahan pur, uttar pradesh

# 399 : P.S. MOHAN NAGAR --> p.s. mohan nagar, uttar pradesh

# 400 : U.P.S. MOHAN NAGAR --> u.p.s. mohan nagar, uttar pradesh

# 401 : P.S.HATHIA BHEET --> p.s.hathia bheet, uttar pradesh

# 402 : CHOUDHRY DIRGAJ SINGH I.C. SAIYADRAJE PUR --> choudhry dirgaj singh i.c. saiyadraje pur, uttar pradesh

# 403 : U.P.S. MADRAUR --> u.p.s. madraur, uttar pradesh

# 404 : P.S. CHAKASIYA --> p.s. chakasiya, uttar pradesh

# 405 : BANSHLOCHAN B.K. RAI S.S.N.  --> banshlochan b.k. rai s.s.n., uttar pradesh

# 406 : A.N.D. INTER COLLEGE --> a.n.d. inter college, uttar pradesh

# 407 : U.P.S. KUSHI --> u.p.s. kushi, uttar pradesh

# 408 :  --> , uttar pradesh

# 409 : DR. B.R.A.P.S.KOTIYA --> dr. b.r.a.p.s.kotiya, uttar pradesh

# 410 : P.S. MUSTAFA BAD --> p.s. mustafa bad, uttar pradesh

# 411 : MAHARSHI VIDYA J.H.S. RAJDEPUR --> maharshi vidya j.h.s. rajdepur, uttar pradesh

# 412 : HOLI CROSS CGH SCHOOL RAUZA --> holi cross cgh school, uttar pradesh

# 413 : SHAHIDI PUBLIC J.H.S. CHANDAN SHAHID --> shahidi public j.h.s. chandan shahid, uttar pradesh

# 414 : S.M.V.P.SCHOOL RAUZA --> s.m.v.p.school, uttar pradesh

# 415 : JARIBANDHAN INTER COLLEGE --> jaribandhan inter college, uttar pradesh

# 416 : PS  --> ps, uttar pradesh

# 417 : PS  --> ps, uttar pradesh

# 418 : UPS  --> ups, uttar pradesh

# 419 : PS  --> ps, uttar pradesh

# 420 : PS NATIONAL PUBLIC SCHOOL --> ps national public school, uttar pradesh

# 421 : UPS SRI RISHI NARAYAN SHASHTRI --> ups sri rishi narayan shashtri, uttar pradesh

# 422 : PS TODAR PUR (I) --> ps todar pur (, uttar pradesh
[ChIJfXQtewLNjzkRAMWAziodYMQ] || [S P Genius Public School] || [('A', 'todarpur')]

# 423 : A. O. MUSLIM INTER COLLEGE LALLAPURA --> a. o. muslim inter college, uttar pradesh

# 424 : NATIONAL INTER COLLEGE PILIKOTHI --> national inter college, uttar pradesh

# 425 : SANT SAI SHIKSHAN SANSHTHAN U.M.V. SHIVRAJNAGAR --> sant sai shikshan sanshthan u.m.v. shivrajnagar, uttar pradesh

# 426 : SARSWATI GYAN MANDIR J.H.S. --> sarswati gyan mandir, uttar pradesh

# 427 : MAHRSHI KRISHNA INTER COL. --> mahrshi krishna inter col., uttar pradesh
[ChIJLUjZaNdVhTkRQkwIt1og4D0] || [Vidyavati Maharshi Krishn Inter College] || [('A', 'handia')]

# 428 : SITARAM SMARAK P S --> sitaram smarak p s, uttar pradesh
[ChIJ84XPGkD5jzkRsbsLsy_dj48] || [Sita Ram Smarak Primary School, Tela] || [('A', 'handia')]

# 429 : SARASWATI SHISHU MANDIR P S --> saraswati shishu mandir, uttar pradesh

# 430 : P.S. CHOUHARI --> p.s. chouhari, uttar pradesh

# 431 : P.S. RAMPUR SIRIYA --> p.s. rampur siriya, uttar pradesh

# 432 : U.P.S. BADPUR --> u.p.s. badpur, uttar pradesh

# 433 : U.P.S. UNCHADEEH --> u.p.s. unchadeeh, uttar pradesh

# 434 : ANAR KALI BALIKA INTER COLLAGE SAKALPUR --> anar kali balika inter collage sakalpur, uttar pradesh

# 435 : SRI SHOBH NATH MISHRA I.C. GORAI --> sri shobh nath mishra i.c. gorai, uttar pradesh

# 436 : SHRI RPEM PRAKASH I.C. DEYEEPUR --> shri rpem prakash i.c. deyeepur, uttar pradesh

# 437 : SRI LALATA PRASAD SINGH ADARSH I.C. TENDUAI --> sri lalata prasad singh adarsh i.c. tenduai, uttar pradesh

# 438 : PS  --> ps, uttar pradesh

# 439 : PS  --> ps, uttar pradesh

# 440 : PS  --> ps, uttar pradesh

# 441 : PS  --> ps, uttar pradesh

# 442 : UPS  --> ups, uttar pradesh

# 443 : P.S. JABARA DEEH --> p.s. jabara deeh, uttar pradesh

# 444 : RAM KISHOR YADAV U.P.S. --> ram kishor yadav u.p.s., uttar pradesh

# 445 : P.S.  --> p.s., uttar pradesh

# 446 : P.S.  --> p.s., uttar pradesh

# 447 : K.G.B.V. HANDIA --> k.g.b.v. handia, uttar pradesh

# 448 : P.S. --> p.s., uttar pradesh

# 449 : SARSVATI SHISHU MANDIR BANSI --> sarsvati shishu mandir, uttar pradesh

# 450 : KISAN ADARSH LAGHU M.V. --> kisan adarsh laghu m.v., uttar pradesh

# 451 : P.S.  --> p.s., uttar pradesh

# 452 : PS  --> ps, uttar pradesh

# 453 : PS  --> ps, uttar pradesh

# 454 : PS  --> ps, uttar pradesh

# 455 : PS  --> ps, uttar pradesh

# 456 : PS  --> ps, uttar pradesh

# 457 : PS  --> ps, uttar pradesh

# 458 : PS  --> ps, uttar pradesh

# 459 : PS  --> ps, uttar pradesh

# 460 : PS MUSTFA BAD (II) --> ps mustfa bad (, uttar pradesh

# 461 : PS STANDERD PUBLIC SCHOOL CHETGANJ --> ps standerd public school, uttar pradesh

# 462 : PS  --> ps, uttar pradesh

# 463 : PS  --> ps, uttar pradesh

# 464 : U.P.S. --> u.p.s., uttar pradesh

# 465 : P.S.  --> p.s., uttar pradesh

# 466 : MADARSA  --> madarsa, uttar pradesh

# 467 : P.S.  --> p.s., uttar pradesh

# 468 : P.S. ROINIHAVA --> p.s. roinihava, uttar pradesh

# 469 : P.S.  --> p.s., uttar pradesh

# 470 : PS SRI RAJENDRA PD SHIKHSAN SA --> ps sri rajendra pd shikhsan sa, uttar pradesh

# 471 : PS KHULASHPUR --> ps khulashpur, uttar pradesh

# 472 : PS+UPS GANDHI MEMORAIL SCHOOL --> ps+ups gandhi memorail school, uttar pradesh

# 473 : PS+UPS JAWAHAR ADARS VIDYALAY --> ps+ups jawahar adars vidyalay, uttar pradesh

# 474 : PS KARMANVEER SCHOOL --> ps karmanveer school, uttar pradesh

# 475 : PS  --> ps, uttar pradesh

# 476 : PS SAVITRI SHIKSHAN SANSTHAN JOGAPUR --> ps savitri shikshan sansthan jogapur, uttar pradesh

# 477 : SRI HANUMAT SANSKRIT. M. V.  HATHI BARANI --> sri hanumat sanskrit. m. v.  hathi barani, uttar pradesh

# 478 : SRI LANGOTIYA HANUMAN SANSKRI.V. JANSA --> sri langotiya hanuman sanskri.v. jansa, uttar pradesh

# 479 : MAULANA ABBUKAR AAM AZAD GIRLS HIGH SCHOOL  --> maulana abbukar aam azad girls high school, uttar pradesh

# 480 : GRAMIN BALIKA HSS RASDI --> gramin balika hss rasdi, uttar pradesh

# 481 : HARIJAN PS NEHRUNAGAR MUNMAS --> harijan ps nehrunagar munmas, uttar pradesh

# 482 : AMBEY VIDYALAYA GOPALPUR GHOSI --> ambey vidyalay, uttar pradesh

# 483 : PS SANT RAVI DASH --> ps sant ravi dash, uttar pradesh

# 484 : JHS MAHRADA PARTAP  --> jhs mahrada partap, uttar pradesh

# 485 : UPS  --> ups, uttar pradesh

# 486 : P S CHNDRAPAR --> p s chndrapar, uttar pradesh

# 487 : SANGAM INTER COLLEGE RAMGADH --> sangam inter college, uttar pradesh

# 488 : K.G.B.V. CHATRA --> k.g.b.v. chatra, uttar pradesh

# 489 : PUBLIC CONVENT SCHOOL  --> public convent school, uttar pradesh

# 490 : RAMASHRAY  VIDHYA MANDIR --> ramashray  vidhya mandir, uttar pradesh

# 491 : P.S. --> p.s., uttar pradesh

# 492 : P.S.BHAGWANPUR --> p.s.bhagwanpur, uttar pradesh

# 493 : P.S. SONPUR SUIYA --> p.s. sonpur suiya, uttar pradesh

# 494 : P.S. JUDEY PURWA --> p.s. judey purwa, uttar pradesh

# 495 : U.P.S. JUDEY PURWA --> u.p.s. judey purwa, uttar pradesh

# 496 : P S  --> p s, uttar pradesh

# 497 : U P S BADAGAON --> u p s badagaon, uttar pradesh

# 498 : PS BADHIYA --> ps badhiya, uttar pradesh

# 499 : P S  --> p s, uttar pradesh

# 500 : P S  --> p s, uttar pradesh

# 501 : UPS TAJOPUR --> ups tajopur, uttar pradesh

# 502 : UPS PARDOHO --> ups pardoho, uttar pradesh

# 503 : UPS BHATKUA PATTI --> ups bhatkua patti, uttar pradesh

# 504 : PS BAKHTAWARGANJ --> ps bakhtawarganj, uttar pradesh

# 505 : P.S. --> p.s., uttar pradesh

# 506 : P.S. --> p.s., uttar pradesh

# 507 : P.S. --> p.s., uttar pradesh

# 508 : P.S.LASADIKALA --> p.s.lasadikala, uttar pradesh

# 509 : P.M.S.TILAKPUR CHAUKI --> p.m.s.tilakpur chauki, uttar pradesh

# 510 : PS CHATIPURWA --> ps chatipurwa, uttar pradesh

# 511 : P.S. --> p.s., uttar pradesh

# 512 : U.P.S.  --> u.p.s., uttar pradesh

# 513 : MADARSA KHADIMUL U. B. S.P.BAN --> madarsa khadimul u. b. s.p.ban, uttar pradesh

# 514 : MAA SRASWATI INTER COLLEGE JAMALPUR BULAND --> maa sraswati inter college, uttar pradesh

# 515 : GOVT HSS  --> govt hss, uttar pradesh

# 516 : GOVT HSS  --> govt hss, uttar pradesh

# 517 : DR AMBEDKAR PS GUTMA  --> dr ambedkar ps gutma, uttar pradesh

# 518 : N & V S PRASHIKSHAN SANNSTHAN- --> n & v s prashikshan sannsthan-, uttar pradesh

# 519 : P S  --> p s, uttar pradesh

# 520 : AZAD PANDAV P S  --> azad pandav p s, uttar pradesh

# 521 : P S BRAHMANPUR D - 1 --> p s brahmanpur d - 1, uttar pradesh

# 522 : P.M.S. --> p.m.s., uttar pradesh

# 523 : P.M.S. MAHDEVA --> p.m.s. mahdeva, uttar pradesh

# 524 : D.N.S. PUBLIC SCHOOL  --> d.n.s. public school, uttar pradesh

# 525 : P.S. GAURAWA --> p.s. gaurawa, uttar pradesh

# 526 : P.S. --> p.s., uttar pradesh

# 527 : P S KORI PURWA --> p s kori purwa, uttar pradesh

# 528 : P.S. --> p.s., uttar pradesh

# 529 : U.P.S.  --> u.p.s., uttar pradesh

# 530 : P.M.S. --> p.m.s., uttar pradesh

# 531 : P.S.ADRAI --> p.s.adrai, uttar pradesh

# 532 : P.M.S.MANIHAR TARA --> p.m.s.manihar tara, uttar pradesh

# 533 : RED ROSE PUBLIC PS KAILASH NAGAR PANDIT PURWA --> red rose public ps kailash nagar pandit purwa, uttar pradesh

# 534 : P.S. --> p.s., uttar pradesh

# 535 : JHS KHALILPUR --> jhs khalilpur, uttar pradesh

# 536 : P S  --> p s, uttar pradesh

# 537 : P S  --> p s, uttar pradesh

# 538 : SANT S LAGHU U P S  --> sant s laghu u p s, uttar pradesh

# 539 : PS SRI INDER DEV HARI RAMPUR --> ps sri inder dev hari rampur, uttar pradesh

# 540 : PS KAREWAN SCHOOL --> ps karewan school, uttar pradesh

# 541 : P S  --> p s, uttar pradesh

# 542 : PS SARBHAD VIDHYAPITH  MAU --> ps sarbhad vidhyapith  mau, uttar pradesh

# 543 : P.S.AUSHANPUR --> p.s.aushanpur, uttar pradesh

# 544 : M.SARSVATI VIDYA MANDIR --> m.sarsvati vidya mandir, uttar pradesh

# 545 : P.S. --> p.s., uttar pradesh

# 546 : J.H.S  --> j.h.s, uttar pradesh

# 547 : P.M.S.PIPRA GOSAIN GILAULA --> p.m.s.pipra gosain gilaula, uttar pradesh

# 548 : P.M.S.KOTMUBARAKPUR --> p.m.s.kotmubarakpur, uttar pradesh

# 549 : P.M.S.RAMPUR PAIDA --> p.m.s.rampur paida, uttar pradesh

# 550 : UPS PRABHAWATI BALIKA JR. H. SCH. --> ups prabhawati balika jr. h. sch, uttar pradesh

# 551 : PS  --> ps, uttar pradesh

# 552 : PS  --> ps, uttar pradesh

# 553 : U P S SECHUEE --> u p s sechuee, uttar pradesh

# 554 : SRI ST. HARIDAS P S NURPUR --> sri st. haridas p s nurpur, uttar pradesh

# 555 : P S  --> p s, uttar pradesh

# 556 : A P SAMITI - REC --> a p samiti - rec, uttar pradesh

# 557 : PS  --> ps, uttar pradesh

# 558 : PS  --> ps, uttar pradesh

# 559 : PS  --> ps, uttar pradesh

# 560 : UPS CHAUDHARY CHARN SINGH KRIS --> ups chaudhary charn singh kris, uttar pradesh

# 561 : UPS  --> ups, uttar pradesh

# 562 : UPS  --> ups, uttar pradesh

# 563 : K. UPS  --> k. ups, uttar pradesh

# 564 : UPS GOBARAHA --> ups gobaraha, uttar pradesh

# 565 : UPS RAMCHANDI PUR --> ups ramchandi pur, uttar pradesh

# 566 : AZAD NATIONAL U.M.V. RAMNAGAR --> azad national u.m.v. ramnagar, uttar pradesh

# 567 : SHREE RASHTRA BHASHA SANSTHAN RAMNAGAR VARANASI --> shree rashtra bhasha sansthan ramnagar varanasi, uttar pradesh

# 568 : PS BAL SHIKSHA NIKETAN  --> ps bal shiksha niketan, uttar pradesh

# 569 : UPS ADARSH UPS  --> ups adarsh ups, uttar pradesh

# 570 : P S DURJEPUR --> p s durjepur, uttar pradesh

# 571 : U P S PALIGADH --> u p s paligadh, uttar pradesh

# 572 : D A V BALIKA U P S PALIGADH --> d a v balika u p s paligadh, uttar pradesh

# 573 : PS PAHALVAPAR --> ps pahalvapar, uttar pradesh

# 574 : P.S.  --> p.s., uttar pradesh

# 575 : P.M.V.  --> p.m.v., uttar pradesh

# 576 : P.S. DADAVAGHAT --> p.s. dadavaghat, uttar pradesh

# 577 : M.H.S.GOSWAMI TULASIDAS U.M.VI --> m.h.s.goswami tulasidas u.m.vi, uttar pradesh

# 578 : UPS MAD. LALMOHAMMAD SAINAB GIRLS --> ups mad. lalmohammad sainab girls, uttar pradesh

# 579 : UPS MAD. ARBIYA GAUSIYA --> ups mad. arbiya gausiya, uttar pradesh

# 580 : PS ANEI (I) --> ps anei (, uttar pradesh

# 581 : PS SONPURAWA --> ps sonpurawa, uttar pradesh

# 582 : PS  --> ps, uttar pradesh

# 583 : PS  --> ps, uttar pradesh

# 584 : PS  --> ps, uttar pradesh

# 585 : MARKANDEY U.M.V. KAITHI VARANASI --> markandey u.m.v. kaithi varanasi, uttar pradesh

# 586 : ARBIYA RIYAJUL ULUM ASANAHRA --> arbiya riyajul ulum asanahra, uttar pradesh

# 587 : J.H.S.  --> j.h.s., uttar pradesh

# 588 : U.P.S.  --> u.p.s., uttar pradesh

# 589 : P.S.  --> p.s., uttar pradesh

# 590 : AGYA NATH U.P.S. --> agya nath u.p.s., uttar pradesh

# 591 : G.P. YADAV U.P.S. --> g.p. yadav u.p.s., uttar pradesh

# 592 : SARVODAYA SHIKSHA SANSTHAN PS --> sarvodaya shiksha sansthan ps, uttar pradesh

# 593 : PS  --> ps, uttar pradesh

# 594 : U.P.S. --> u.p.s., uttar pradesh

# 595 : PS  --> ps, uttar pradesh

# 596 : SWAMI V. N. S. U.P.S. --> swami v. n. s. u.p.s., uttar pradesh

# 597 : U.P.S. --> u.p.s., uttar pradesh

# 598 : LILAWATI VIDHYA MANDIR --> lilawati vidhya mandir, uttar pradesh

# 599 : P S TAKRAMPUR --> p s takrampur, uttar pradesh

# 600 : P S KARAMPUR --> p s karampur, uttar pradesh

# 601 : P S UMMARPUR --> p s ummarpur, uttar pradesh

# 602 : H MISHRIT P S KHAIRA DEWARA --> h mishrit p s khaira dewara, uttar pradesh

# 603 : DEWAKI NANADAN MODERN CHILDREN --> dewaki nanadan modern children, uttar pradesh

# 604 : PS MADARA --> ps madara, uttar pradesh

# 605 : PS  --> ps, uttar pradesh

# 606 : PT. R.S. SHUKLA --> pt. r.s. shukla, uttar pradesh

# 607 : PS  --> ps, uttar pradesh

# 608 : SAWTANTRA SANGRAM SANANI U.R.S.G.C. --> sawtantra sangram sanani u.r.s.g.c., uttar pradesh

# 609 : P.S. TIRCHAHWA --> p.s. tirchahwa, uttar pradesh

# 610 : P.S.  --> p.s., uttar pradesh

# 611 : J.H.S   --> j.h.s, uttar pradesh

# 612 : ALFALAH PUB SCH AMMARPUR BANKATWA --> alfalah pub sch, uttar pradesh

# 613 : P.S. SISWA --> p.s. siswa, uttar pradesh

# 614 : SISAHANIA --> sisahania, uttar pradesh

# 615 : RAJ HANS PUBLIC SCH TETARI BAZ --> raj hans public sch, uttar pradesh

# 616 : P.S.  --> p.s., uttar pradesh

# 617 : PS  --> ps, uttar pradesh

# 618 : PS  --> ps, uttar pradesh

# 619 : PS  --> ps, uttar pradesh

# 620 : PS SHIV KA PUR --> ps shiv ka pur, uttar pradesh

# 621 : PS  --> ps, uttar pradesh

# 622 : P.S. NAYA PURA --> p.s. naya pura, uttar pradesh

# 623 : PS  --> ps, uttar pradesh

# 624 : PS  --> ps, uttar pradesh

# 625 : PS AKHARI --> ps akhari, uttar pradesh

# 626 : UPS AKHARI --> ups akhari, uttar pradesh

# 627 : PS  --> ps, uttar pradesh

# 628 : UPS BHAGIRATHI VIDYA MANDIR --> ups bhagirathi vidya mandir, uttar pradesh

# 629 : PS  --> ps, uttar pradesh

# 630 : PS  --> ps, uttar pradesh

# 631 : PS  --> ps, uttar pradesh

# 632 : UPS  --> ups, uttar pradesh

# 633 : UPS SRI NANDAN BRAHM PURV MADH --> ups sri nandan brahm purv madh, uttar pradesh

# 634 : PS  --> ps, uttar pradesh

# 635 : PS RAJARAM KANYA PS BHATAULI --> ps rajaram kanya ps bhatauli, uttar pradesh

# 636 : PS  --> ps, uttar pradesh

# 637 : PS BAL SEWAK KUNJ MONTESARY --> ps bal sewak kunj montesary, uttar pradesh

# 638 : UPS BAL SEWAK KUNJ MON. SCHOOL --> ups bal sewak kunj mon. school, uttar pradesh

# 639 : PS AYER --> ps ayer, uttar pradesh

# 640 : SHANTI SHIKSHA NIKETAN INTER COLLEGE AYER --> shanti shiksha niketan inter college, uttar pradesh

# 641 : PS  --> ps, uttar pradesh

# 642 : UPS  --> ups, uttar pradesh

# 643 : PS  --> ps, uttar pradesh

# 644 : UPS  --> ups, uttar pradesh

# 645 : PS  --> ps, uttar pradesh

# 646 : UPS  --> ups, uttar pradesh

# 647 : PS  --> ps, uttar pradesh

# 648 : UPS  --> ups, uttar pradesh

# 649 : PS  --> ps, uttar pradesh

# 650 : PS  --> ps, uttar pradesh

# 651 : PS  --> ps, uttar pradesh

# 652 : PS  --> ps, uttar pradesh

# 653 : PS PANDIT CHAUTHI CHAUBEY --> ps pandit chauthi chaubey, uttar pradesh

# 654 : UPS AKHILESHWAR --> ups akhileshwar, uttar pradesh

# 655 : PS  --> ps, uttar pradesh

# 656 : PS  --> ps, uttar pradesh

# 657 : MARTINS CHILDREN ACADEMY  --> martins children academy, uttar pradesh
[ChIJU94gZv4FkjkRQIJDGvXevGA] || [Martin's Children Academy] || [('A', 'yusufpur')]

# 658 : MADRASA ARBIA ANSARIA  --> madrasa arbia ansaria, uttar pradesh

# 659 : M.A.A GIRLS JHS  --> m.a.a girls jhs, uttar pradesh

# 660 : MATA DEV KUMARI H.S.S NIKETAN --> mata dev kumari h.s.s niketan, uttar pradesh

# 661 : DEV NATH INTER COLLEGE --> dev nath inter college, uttar pradesh

# 662 : DAYANAND BAL M.P.S.SAIDPUR --> dayanand bal m.p.s.saidpur, uttar pradesh

# 663 : P.S. USRAHA --> p.s. usraha, uttar pradesh

# 664 : LT. MOTICHAND MEMO. P.S.  --> lt. motichand memo. p.s., uttar pradesh

# 665 : P.S.UNDGRENGA --> p.s.undgrenga, uttar pradesh

# 666 : SITA MEMORIAL PUBLIC SCHOOL --> sita memorial public school, uttar pradesh

# 667 : ISHLAMIA H.S. --> ishlamia h.s., uttar pradesh

# 668 : PREMA DEVI MEMORIAL U.M.V. --> prema devi memorial u.m.v., uttar pradesh

# 669 : RAM SINGH RAM RANI U.M.V.  --> ram singh ram rani u.m.v., uttar pradesh

# 670 : J.P.SINGH U.M.V.  --> j.p.singh u.m.v., uttar pradesh

# 671 : U.P.S. MAHMOODPUR MANURI --> u.p.s. mahmoodpur manuri, uttar pradesh

# 672 : MADAR TERESA CONVENT P.S. --> madar teresa convent, uttar pradesh

# 673 : P.S.  --> p.s., uttar pradesh

# 674 : R.B.C.V. --> r.b.c.v., uttar pradesh

# 675 : CH.M.M.BH. J.H.S.  --> ch.m.m.bh. j.h.s., uttar pradesh

# 676 : CH.M.M.BH. S.N.  --> ch.m.m.bh. s.n., uttar pradesh

# 677 : BABA RAMAJAD D.H.P.K. --> baba ramajad d.h.p.k., uttar pradesh

# 678 : BABA JAN ALI S.P.M.BARAMPUR --> baba jan ali s.p.m.barampur, uttar pradesh

# 679 : P.S. MUBARAKPUR UCHAURI --> p.s. mubarakpur uchauri, uttar pradesh

# 680 :  --> , uttar pradesh

# 681 : N.G.S.RAJDPUR RAUZA --> n.g.s.rajdpur rauza, uttar pradesh

# 682 : JIULT DAS BALIKA U.M.VIDYALAY --> jiult das balika u.m.vidyalay, uttar pradesh

# 683 : P.S. AAS PUR --> p.s. aas pur, uttar pradesh

# 684 : SANTOSHI JI P.P. AASHPUR --> santoshi ji p.p. aashpur, uttar pradesh

# 685 : PS  --> ps, uttar pradesh

# 686 : PS  --> ps, uttar pradesh

# 687 : PS  --> ps, uttar pradesh

# 688 : PS  --> ps, uttar pradesh

# 689 : PS GAURAW NAVODAY VIDYALAY --> ps gauraw navoday vidyalay, uttar pradesh

# 690 : GAURAW NAVODAY U.M.V.  --> gauraw navoday u.m.v., uttar pradesh

# 691 : KRISHAK BALIKA VIDYALAY  --> krishak balika vidyalay, uttar pradesh

# 692 : PS TODAR PUR (II) --> ps todar pur (, uttar pradesh
[ChIJfXQtewLNjzkRAMWAziodYMQ] || [S P Genius Public School] || [('A', 'todarpur')]

# 693 : GOPI RADHA BALIKA I.C. RAVINDRAPURI --> gopi radha balika i.c. ravindrapuri, uttar pradesh
[ChIJaYqSzfAxjjkRTb8ip7wLtmU] || [Gopi Radha Primary School & Girls Inter College] || [('A', 'bhelupur')]

# 694 : VALLABH VIDYAPEETH GIRLS I.C. BHAIRAVNATH --> vallabh vidyapeeth girls i.c. bhairavnath, uttar pradesh

# 695 : UPS JEEVAN JYOTI ANDH VIDYALAY --> ups jeevan jyoti andh vidyalay, uttar pradesh

# 696 : BHARATI NIKETAN U.M.V. ISHWARGANGI --> bharati niketan, uttar pradesh

# 697 : R.M. ACADEMY P S --> r.m. academy, uttar pradesh

# 698 : UPS GIRLS  --> ups girls, uttar pradesh

# 699 : P S  --> p s, uttar pradesh

# 700 : P S GOPALPUR --> p s gopalpur, uttar pradesh

# 701 : P S KARPIA --> p s karpia, uttar pradesh

# 702 : U.P.S. PURA LAKSHAN --> u.p.s. pura lakshan, uttar pradesh

# 703 : MADARSA ISHAKIYA SHIKSHAN SANSTHAN --> madarsa ishakiya shikshan sansthan, uttar pradesh

# 704 : ZILA PANCHAYAT INTER COLLEGE --> zila panchayat inter college, uttar pradesh

# 705 : PARAMSUKH AADIVASHI U.M.V. --> paramsukh aadivashi u.m.v., uttar pradesh

# 706 : MOHAMMAD YASHEEN U.M.V. --> mohammad yasheen u.m.v., uttar pradesh

# 707 : GOVT. HIGHSCHOOL  --> govt. highschool, uttar pradesh

# 708 : GOVT. HIGHSCHOOL  --> govt. highschool, uttar pradesh

# 709 : GOVT. HIGHSCHOOL KHARAGUPUR --> govt. highschool, uttar pradesh

# 710 : UPS KASTURABA GANDI BAL. VID. --> ups kasturaba gandi bal. vid., uttar pradesh

# 711 : PS GHUREY LAL MEMORIAL SCH --> ps ghurey lal memorial sch, uttar pradesh

# 712 : PS SUN FLOWER ACADEMY SCH. --> ps sun flower academy sch, uttar pradesh

# 713 : UPS S.F. PUBLIC SCHOOL PRAGYA NAGAR --> ups s.f. public school, uttar pradesh

# 714 : AMAR BAHADUR BHARTIYA M.V. --> amar bahadur bhartiya m.v., uttar pradesh

# 715 : P.S. KAZIPUR --> p.s. kazipur, uttar pradesh

# 716 : J P D P S --> j p d p s, uttar pradesh

# 717 : U.P.S.  --> u.p.s., uttar pradesh

# 718 : P.S. BABHNI MAFI --> p.s. babhni mafi, uttar pradesh

# 719 : P.S. --> p.s., uttar pradesh

# 720 : P.S. --> p.s., uttar pradesh

# 721 : M.I.C.MADRSA ARB.MFTAHQHUL ULU --> m.i.c.madrsa arb.mftahqhul ulu, uttar pradesh

# 722 : PS DALPAT PURAWA --> ps dalpat purawa, uttar pradesh

# 723 : PS  --> ps, uttar pradesh

# 724 : PS SWAMI VIVEKANAND BAL SHIKSH --> ps swami vivekanand bal shiksh, uttar pradesh

# 725 : UPS SWAMI VIVEKANAND JR.H.SC. --> ups swami vivekanand jr.h.sc., uttar pradesh

# 726 : PS  --> ps, uttar pradesh

# 727 : PS BABHANPURA --> ps babhanpura, uttar pradesh

# 728 : PS SHANTI DEVI P S --> ps shanti devi p s, uttar pradesh

# 729 : UPS SARV SRI RAGHUBANSI SHIK. SAD --> ups sarv sri raghubansi shik. sad, uttar pradesh

# 730 : PS  --> ps, uttar pradesh

# 731 : PS BHAGAUTI PUR KHUTAHAN --> ps bhagauti pur khutahan, uttar pradesh

# 732 : PS  --> ps, uttar pradesh

# 733 : P.S. CHAK MADA --> p.s. chak mada, uttar pradesh

# 734 : J.H.S.  BARAGADAVA --> j.h.s.  baragadava, uttar pradesh

# 735 : P.S. DHADHAURA --> p.s. dhadhaura, uttar pradesh

# 736 : P.S.  --> p.s., uttar pradesh

# 737 : P.S. GONAHADIH --> p.s. gonahadih, uttar pradesh

# 738 : PS CHAMELI BAL VIDYALAY --> ps chameli bal vidyalay, uttar pradesh

# 739 : PS+UPS BAL VIDYA NIKETAN --> ps+ups bal vidya niketan, uttar pradesh
[ChIJBRI4sWIyjjkRyZGfokMLMNo] || [Bal Vidya Niketan] || [('A', 'marauli')]

# 740 : UPS VERTEX PUBLIC SCHOOL --> ups vertex public school, uttar pradesh

# 741 : PS  --> ps, uttar pradesh

# 742 : SHRADDHA INTER COLLEGE  --> shraddha inter college, uttar pradesh

# 743 : PS  --> ps, uttar pradesh

# 744 : UPS MAA DURGESWARI DHANWANTARI --> ups maa durgeswari dhanwantari, uttar pradesh

# 745 : PS  --> ps, uttar pradesh

# 746 : ARDASH PS AVARNA GHOSI --> ardash ps avarna ghosi, uttar pradesh

# 747 : SWARASWATI VIDYA MANDIR  --> swaraswati vidya mandir, uttar pradesh

# 748 : MA VAISNO P.S.  --> ma vaisno p.s., uttar pradesh

# 749 : AZAD HIND SHILA DEVI P.S. BABHNAULI SARDAMISHRA --> azad hind shila devi p.s. babhnauli sardamishra, uttar pradesh

# 750 : P S  --> p s, uttar pradesh

# 751 : U P S  --> u p s, uttar pradesh

# 752 : P S  --> p s, uttar pradesh

# 753 : P S MANDI --> p s mandi, uttar pradesh

# 754 : PS  --> ps, uttar pradesh
[ChIJefCcad7vDDkRj8rGsnaOvAo] || [P.S.Memorial Public School] || [('A', 'rampur')]

# 755 : PS  --> ps, uttar pradesh

# 756 : PS  --> ps, uttar pradesh

# 757 : U.P.S.  --> u.p.s., uttar pradesh

# 758 : U.P.S. SARAI CHANDRA BHAN ODHA --> u.p.s. sarai chandra bhan odha, uttar pradesh

# 759 : UPS TIKARY --> ups tikary, uttar pradesh
[ChIJ65RO1-FDkDkREoUNP3XNg6M] || [Hospital, Tikri Khurd, Kalanpur, Jaunpur, U.P] || [('A', 'tikari')]

# 760 : P.S.HARDUTT NAGAR GIRANT --> p.s.hardutt nagar girant, uttar pradesh

# 761 : MADARSA JAMIYA RIJWIYA --> madarsa jamiya rijwiya, uttar pradesh

# 762 : P.S. --> p.s., uttar pradesh

# 763 : P.M.S. --> p.m.s., uttar pradesh

# 764 : P S SAMANPURA --> p s samanpura, uttar pradesh

# 765 : P S BHIMHAR --> p s bhimhar, uttar pradesh

# 766 : SAMOGAR DEVI HE SEC ARDONA --> samogar devi he sec ardona, uttar pradesh

# 767 : BABU NANADAN HR SEC GAHENA --> babu nanadan hr sec gahena, uttar pradesh

# 768 : KANAIYA LAL FULESHWER DASS HSS BADA --> kanaiya lal fuleshwer dass hss bada, uttar pradesh

# 769 : SANT SEWAK SEC KOPAGANJ --> sant sewak sec kopaganj, uttar pradesh

# 770 : SWAMI RAMANAND HIG SEC SCHOOL SARWAN GODAM --> swami ramanand hig sec school, uttar pradesh

# 771 : PS JANTA PATHSHALA PITAWAL --> ps janta pathshala, uttar pradesh

# 772 : P.M.S. LASADI --> p.m.s. lasadi, uttar pradesh

# 773 : P.S. --> p.s., uttar pradesh

# 774 : P.S. --> p.s., uttar pradesh

# 775 : AZMAT ALIYA COLLEGE BARAVA --> azmat aliya college, uttar pradesh

# 776 : P.S. --> p.s., uttar pradesh

# 777 : P.M.S. --> p.m.s., uttar pradesh

# 778 : P.S. --> p.s., uttar pradesh

# 779 : JAI GURUDEV A.B.V.M. JHS --> jai gurudev a.b.v.m. jhs, uttar pradesh

# 780 : BABA SWAMI DAS PSTADWA JARGER --> baba swami das pstadwa jarger, uttar pradesh

# 781 : P S SUGGICHAURA --> p s suggichaura, uttar pradesh

# 782 : J P VIDYALAY - REC --> j p vidyalay, uttar pradesh

# 783 : P S  --> p s, uttar pradesh

# 784 : P S BRAHMANPURA U - 2 --> p s brahmanpura u - 2, uttar pradesh

# 785 : U P S BRAHMANPURA --> u p s brahmanpura, uttar pradesh

# 786 : P S  --> p s, uttar pradesh

# 787 : U P S  --> u p s, uttar pradesh

# 788 : P S  --> p s, uttar pradesh

# 789 : P.S.KEVALI --> p.s.kevali, uttar pradesh

# 790 : P.M.S. KEVALI --> p.m.s. kevali, uttar pradesh

# 791 : P.S.DHARMAULI --> p.s.dharmauli, uttar pradesh

# 792 : U.P.S. --> u.p.s., uttar pradesh

# 793 : P.S. HARDWARI --> p.s. hardwari, uttar pradesh

# 794 : P.S. --> p.s., uttar pradesh

# 795 : MADRASA MOHD. ULOOM NANKAR --> madrasa mohd. uloom nankar, uttar pradesh

# 796 : P.S.GOPALA SARAI --> p.s.gopala sarai, uttar pradesh

# 797 : U.P.S.  --> u.p.s., uttar pradesh

# 798 : P.S. --> p.s., uttar pradesh

# 799 : SHRI SIDNATH INTER COLLGE  --> shri sidnath inter collge, uttar pradesh

# 800 : BHADAUN INTER COLLEGE THALAIPUR --> bhadaun inter college, uttar pradesh

# 801 : U P S  --> u p s, uttar pradesh

# 802 : P S  --> p s, uttar pradesh

# 803 : P S  --> p s, uttar pradesh

# 804 : U P S MANAJEET --> u p s manajeet, uttar pradesh

# 805 : P S  --> p s, uttar pradesh

# 806 : PS  --> ps, uttar pradesh

# 807 : PS  --> ps, uttar pradesh

# 808 : PS  --> ps, uttar pradesh

# 809 : P.S. TENDUHAR NAVIN --> p.s. tenduhar navin, uttar pradesh

# 810 : P.S. SEMARI --> p.s. semari, uttar pradesh

# 811 : P.S.  --> p.s., uttar pradesh

# 812 : J.H.S.AGAYA --> j.h.s.agaya, uttar pradesh

# 813 : UPS  --> ups, uttar pradesh

# 814 : PS  --> ps, uttar pradesh

# 815 : PS  --> ps, uttar pradesh

# 816 : PS PAYAGPUR --> ps payagpur, uttar pradesh

# 817 : U P S CHIRAIKOT --> u p s chiraikot, uttar pradesh

# 818 : P S ABDOPUR --> p s abdopur, uttar pradesh

# 819 : P S JAMIN BHUDAWN --> p s jamin bhudawn, uttar pradesh

# 820 : P S  --> p s, uttar pradesh

# 821 : K. UPS RUSTAMPUR --> k. ups rustampur, uttar pradesh

# 822 : PS SSB RUSTAMPUR --> ps ssb rustampur, uttar pradesh

# 823 : UPS  --> ups, uttar pradesh

# 824 : SRI KACHCHA BABA INTER COLLEGE  --> sri kachcha baba inter college, uttar pradesh
[ChIJQZEp8MkljjkRXHwP_PBXHuU] || [Kachcha Baba Temple] || [('A', 'jalhupur')]

# 825 : - MADRASA AHYAUSSUNNAH BAJARDIHA --> - madrasa ahyaussunnah bajardiha, uttar pradesh

# 826 : LORD KRISHNA P.M.V. PARAMANANDPUR SHIVPUR --> lord krishna p.m.v. paramanandpur shivpur, uttar pradesh

# 827 : SHANTI SHIKSHA NIKETAN NEWADA --> shanti shiksha niketan, uttar pradesh

# 828 : SHRI KUBER JUNIOR HIGH SCHOOL NEWADA --> shri kuber junior high school, uttar pradesh

# 829 : D.A.V.BALIKA P.M.V.PALIGARGH --> d.a.v.balika p.m.v.paligargh, uttar pradesh

# 830 : MEERWAPAAR --> meerwapaar, uttar pradesh

# 831 : P S  --> p s, uttar pradesh

# 832 : U P S  --> u p s, uttar pradesh

# 833 : P.S. DADAVAGHAT --> p.s. dadavaghat, uttar pradesh

# 834 : P.S.  --> p.s., uttar pradesh

# 835 : P.M.V.KOLUHI BUJURG --> p.m.v.koluhi bujurg, uttar pradesh

# 836 : P.S. SISWA --> p.s. siswa, uttar pradesh

# 837 : PS KHARARIYA TALUKEY VIRAV --> ps kharariya talukey virav, uttar pradesh

# 838 : PS  --> ps, uttar pradesh

# 839 : UPS  --> ups, uttar pradesh

# 840 : PS  --> ps, uttar pradesh

# 841 : PS  --> ps, uttar pradesh

# 842 : PS  --> ps, uttar pradesh

# 843 : PS  --> ps, uttar pradesh

# 844 : PS  --> ps, uttar pradesh

# 845 : P.S.  --> p.s., uttar pradesh

# 846 : P.S.  --> p.s., uttar pradesh

# 847 : SRI R.S. MAURYA PUBLIC SCHOOL --> sri r.s. maurya public school, uttar pradesh

# 848 : P.S. --> p.s., uttar pradesh

# 849 : SHRI KRISHNA BAL VIDYA MANDIR --> shri krishna bal vidya mandir, uttar pradesh

# 850 : SHRI KRISHN BAAL V.MANDIR J.H TETRI --> shri krishn baal v.mandir, uttar pradesh

# 851 : P.S. --> p.s., uttar pradesh

# 852 : P.M.V. BELAVA --> p.m.v. belava, uttar pradesh

# 853 : PS  --> ps, uttar pradesh

# 854 : PS  --> ps, uttar pradesh

# 855 : U.P.S. JALALPUR --> u.p.s. jalalpur, uttar pradesh

# 856 : PS  --> ps, uttar pradesh

# 857 : PS  --> ps, uttar pradesh

# 858 : UPS  --> ups, uttar pradesh

# 859 : PS  --> ps, uttar pradesh

# 860 : PS VIDHI PRATHAMIK VIDHYALAY --> ps vidhi prathamik vidhyalay, uttar pradesh

# 861 : PS  --> ps, uttar pradesh

# 862 : PS ALAUDDIN PUR --> ps alauddin pur, uttar pradesh
[ChIJ0dosObrSjzkR4exAogDZRVU] || [Jay Public School] || [('A', 'alauddinpur')]

# 863 : UPS SARSWATI JR. HIGH SCH. --> ups sarswati jr. high sch, uttar pradesh

# 864 : PS  --> ps, uttar pradesh

# 865 : UPS  --> ups, uttar pradesh

# 866 : PS  --> ps, uttar pradesh

# 867 : SANJAY GANDHI VIDYA MANDIR U.M.V.  --> sanjay gandhi vidya mandir, uttar pradesh

# 868 : PS SANJAY  GANDHI P.S.  --> ps sanjay  gandhi p.s., uttar pradesh

# 869 : PS DR. RADHA KRISHANAN PUBLIK. --> ps dr. radha krishanan publik., uttar pradesh

# 870 : PS UDAYKANTI BAL SHIKSHA NIKETAN --> ps udaykanti bal shiksha niketan, uttar pradesh

# 871 : PS  --> ps, uttar pradesh

# 872 : PS SHARMILA BAL SHIKSHA NIKETA --> ps sharmila bal shiksha niketa, uttar pradesh

# 873 : AMAR SHAHEED INTER COLLEGE AYER --> amar shaheed inter college, uttar pradesh

# 874 : PS  --> ps, uttar pradesh

# 875 : PS  --> ps, uttar pradesh

# 876 : PS  --> ps, uttar pradesh

# 877 : UPS  --> ups, uttar pradesh

# 878 : PS  --> ps, uttar pradesh

# 879 : PS VIHARA --> ps vihara, uttar pradesh

# 880 : PS PRATAPPUR (KARDHANA) --> ps pratappur (, uttar pradesh

# 881 : PS ADARSH SANSKAR SHIKSHAN SANTH. --> ps adarsh sanskar shikshan santh., uttar pradesh

# 882 : PS  --> ps, uttar pradesh

# 883 : PS  --> ps, uttar pradesh

# 884 : UPS  --> ups, uttar pradesh

# 885 : PS  --> ps, uttar pradesh

# 886 : PS  --> ps, uttar pradesh

# 887 : PS  --> ps, uttar pradesh

# 888 : UPS  --> ups, uttar pradesh

# 889 : PS NIYAR --> ps niyar, uttar pradesh

# 890 : PS  --> ps, uttar pradesh

# 891 : PS  --> ps, uttar pradesh

# 892 : RAJNANDAN INTER COLLAGE  --> rajnandan inter collage, uttar pradesh
[ChIJJUH9GgkmjjkRku3l5af-8xE] || [Shri Rajnandan Sahu Inter College] || [('A', 'narayanpur')]

# 893 : UPS SIDHARTH BALIKA VIDYALAY --> ups sidharth balika vidyalay, uttar pradesh

# 894 : PS PREM JYOTI VIKLANG SAMEKIT --> ps prem jyoti viklang samekit, uttar pradesh

# 895 : PS RAJ PUBLIK SCHOOL --> ps raj publik school, uttar pradesh

# 896 : PS  --> ps, uttar pradesh

# 897 : PS NATIONAL SHIKCHHAN SANSTHAN --> ps national shikchhan sansthan, uttar pradesh

# 898 : UPS BARBAS PUR --> ups barbas pur, uttar pradesh

# 899 : K. UPS  --> k. ups, uttar pradesh

# 900 : UPS  --> ups, uttar pradesh

# 901 : UPS  --> ups, uttar pradesh

# 902 : UPS DASHASHWMEDH --> ups dashashwmedh, uttar pradesh

# 903 : UPS K. JANGAM BARI --> ups k. jangam bari, uttar pradesh

# 904 : UPS K. MATRI MATH --> ups k. matri math, uttar pradesh

# 905 : UPS K. SHANKUL DHARA --> ups k. shankul dhara, uttar pradesh

# 906 : UPS K. PIYARI KALA --> ups k. piyari kala, uttar pradesh

# 907 : UPS KABEER CHAURA --> ups kabeer chaura, uttar pradesh

# 908 : UPS K. GAYGHAT --> ups k. gayghat, uttar pradesh

# 909 : UPS K. PILI KOTHI --> ups k. pili kothi, uttar pradesh

# 910 : P.S.  --> p.s., uttar pradesh

# 911 : SMT. DAS MATA P.S. --> smt. das mata p.s., uttar pradesh

# 912 : P.S.  --> p.s., uttar pradesh

# 913 : U.P.S.JAGAUTI --> u.p.s.jagauti, uttar pradesh

# 914 : JAGESHWAR P.S. --> jageshwar p.s., uttar pradesh

# 915 : JAY RAM P.S. KALOOPUR --> jay ram p.s. kaloopur, uttar pradesh

# 916 : SMT. RAM PYARI DEVI U. P.S. --> smt. ram pyari devi u. p.s., uttar pradesh

# 917 : SARSWATI  GYAN MANDIR --> sarswati  gyan mandir, uttar pradesh

# 918 : PALAK HAPPY CONVENT ASHOK NAGAR --> palak happy convent, uttar pradesh

# 919 : LATE.RAMAWTAR YADAV HARIJAN PS  --> late.ramawtar yadav harijan ps, uttar pradesh

# 920 : ADRASH AMBEDKAR PS  --> adrash ambedkar ps, uttar pradesh

# 921 : SAVITERE BAE PHOLE PRIMARY SCHOOL  --> savitere bae phole primary school, uttar pradesh

# 922 : DR.M.A.A.I.COLLEGE --> dr.m.a.a.i.college, uttar pradesh

# 923 : P.S.  --> p.s., uttar pradesh

# 924 : SANT TRIVENI DAS NAGA BABA I.C. UMESHNAGAR --> sant triveni das naga baba i.c. umeshnagar, uttar pradesh

# 925 : S VIVEKANAND JHS --> s vivekanand jhs, uttar pradesh

# 926 : S SAHAJANAND JHS --> s sahajanand jhs, uttar pradesh

# 927 : SHYAM NARAYAN INTER COLLEGE --> shyam narayan inter college, uttar pradesh

# 928 : SHAHEED UDHAM SINGH MEMORIAL INTER COLLGE --> shaheed udham singh memorial inter collge, uttar pradesh

# 929 : RAJKIYA U.M.V. NANDOUT --> rajkiya u.m.v. nandout, uttar pradesh

# 930 : UPS  --> ups, uttar pradesh

# 931 : MADAR TERESA CONVENT U.P.S --> madar teresa convent, uttar pradesh

# 932 : THE SUNSINE JSS JAKHANIYA --> the sunsine jss jakhaniya, uttar pradesh

# 933 : THE SUNSINE PS JAKHANIYA --> the sunsine ps jakhaniya, uttar pradesh

# 934 : K.G.B.V. ZAKHANIA --> k.g.b.v. zakhania, uttar pradesh

# 935 : MOTHER T.P.J.H.S. --> mother t.p.j.h.s., uttar pradesh

# 936 : SHRI YAMUNA YADAV I.C. JALALPUR  --> shri yamuna yadav i.c. jalalpur, uttar pradesh

# 937 : ADARSH INTER COLLEGE --> adarsh inter college, uttar pradesh

# 938 : ADRASH BAL VIDAYALYA SIDHUAT --> adrash bal vidayalya sidhuat, uttar pradesh

# 939 : P.S.  --> p.s., uttar pradesh

# 940 : YOGESHWAR CHANDRIKA U.M.V.  --> yogeshwar chandrika u.m.v., uttar pradesh

# 941 : U.P.S. NASEER PUR --> u.p.s. naseer pur, uttar pradesh

# 942 : P.S. INARU PUR --> p.s. inaru pur, uttar pradesh

# 943 : D.B.R.A.P.V. NASIRUDDINPUR --> d.b.r.a.p.v. nasiruddinpur, uttar pradesh

# 944 : P.S. THATA --> p.s. thata, uttar pradesh

# 945 : MATA SANTOSHI H.P.P. DHANUWA --> mata santoshi h.p.p. dhanuwa, uttar pradesh

# 946 : SHAILESH IC HARTARA --> shailesh ic hartara, uttar pradesh

# 947 : SHRI BAIJNATH KAMALA U.M.V. MUBARAKPUR HARTARA --> shri baijnath kamala u.m.v. mubarakpur hartara, uttar pradesh

# 948 : P.S. HURMUJ PUR --> p.s. hurmuj pur, uttar pradesh

# 949 : U.P.S. NEWADA --> u.p.s. newada, uttar pradesh

# 950 : PS OJHA PATATI --> ps ojha patati, uttar pradesh

# 951 : PS  --> ps, uttar pradesh

# 952 : UPS  --> ups, uttar pradesh

# 953 : RAM RAJ SHIKSHA NIKETAN U.P.S. --> ram raj shiksha niketan, uttar pradesh

# 954 : PS  --> ps, uttar pradesh

# 955 : UPS SHRI SHYAMKUMARI SEWA SANTHAN --> ups shri shyamkumari sewa santhan, uttar pradesh

# 956 : PS BARHAINI KALA --> ps barhaini kala, uttar pradesh

# 957 : UPS BARHAINI KALA --> ups barhaini kala, uttar pradesh

# 958 : PS  --> ps, uttar pradesh

# 959 : NAGAR NIGAM U.M. BALIKA VIDYALAY RAMGHAT --> nagar nigam u.m. balika vidyalay, uttar pradesh

# 960 : LITTLE STAR SCHOOL SHIWALA --> little star school, uttar pradesh

# 961 : MADARASA MAULANA AZAD PUBL. SCHOOL --> madarasa maulana azad publ. school, uttar pradesh

# 962 : UPS NAV SHAKTI JR. HIGH SCHOOL MAUJAHAL --> ups nav shakti jr. high school, uttar pradesh

# 963 : P S JANAIPUR --> p s janaipur, uttar pradesh

# 964 : P S NOHAREPUR --> p s noharepur, uttar pradesh

# 965 : DR AMB. P S  --> dr amb. p s, uttar pradesh

# 966 : JHS  --> jhs, uttar pradesh

# 967 : S.A.H.S.S.  --> s.a.h.s.s., uttar pradesh

# 968 : TRIBHUWAN PRASAD MISHRA HIGH SCHOOL --> tribhuwan prasad mishra high school, uttar pradesh

# 969 : SAWTANTRATA SENANI RAJA RAM YADAV I.C. --> sawtantrata senani raja ram yadav i.c., uttar pradesh

# 970 : SETH G.R. JAISHWAL INTER COLL. --> seth g.r. jaishwal inter coll., uttar pradesh

# 971 : GOVT. HIGHSCHOOL  --> govt. highschool, uttar pradesh

# 972 : UPS KASTURABA GANDHI BALIKA VID. --> ups kasturaba gandhi balika vid., uttar pradesh

# 973 : KAMLODAY GIRLS  INTER COLLEGE THATHARA --> kamloday girls  inter college, uttar pradesh

# 974 : MADARASA ZAMIYA ASH ATUL ISLAMIYA --> madarasa zamiya ash atul islamiya, uttar pradesh

# 975 : UPS ADARSH VIDYA MANDIR --> ups adarsh vidya mandir, uttar pradesh

# 976 : UPS LITTLE STARS SCHOOL NAGAWA --> ups little stars school, uttar pradesh

# 977 : UPS KASHI SANT GURU RAVIDAS SCH --> ups kashi sant guru ravidas sch, uttar pradesh

# 978 : UPS SMT. MOHANI DEVI RUNGATATULASIP --> ups smt. mohani devi rungatatulasip, uttar pradesh

# 979 : BESANT THEOSOPHICAL HIGHER SECONDARY SCHOOL KAMACHCHA --> besant theosophical higher secondary school, uttar pradesh
[ChIJPQysEwAyjjkR1PG88ZWpSvc] || [BTS ( Besant theosophical higher secondary)] || [('A', 'bhelupur')]

# 980 : P.S.  --> p.s., uttar pradesh

# 981 : P.S.  --> p.s., uttar pradesh

# 982 : SRI KRISHNA INTER COLLEGE  --> sri krishna inter college, uttar pradesh

# 983 : ARYA BAL VIDYALAYA MANIDUNGANJ --> arya bal vidyalay, uttar pradesh

# 984 : P.S.  --> p.s., uttar pradesh

# 985 : GOVRN.KANYA INTER COLLEGE BANS --> govrn.kanya inter college, uttar pradesh

# 986 : DARUL UL AHLEY SUN FAIJEMUINUL ISLA --> darul ul ahley sun faijemuinul isla, uttar pradesh

# 987 : P.S. --> p.s., uttar pradesh

# 988 : PS  --> ps, uttar pradesh

# 989 : KASTURBA MAHILA VIDYAPITH  I.C. SEWAPURI --> kasturba mahila vidyapith, uttar pradesh
[ChIJPVVVdo3QjzkRZU_FXIImtBU] || [Kasturba mahila vidyapeeth inter college] || [('B', 'sewapuri')]

# 990 : GANGOTRI U.M.V.  --> gangotri u.m.v., uttar pradesh

# 991 : MAA RAMPYARI MEMORIAL BALIKA I.C. HARHUA --> maa rampyari memorial balika i.c. harhua, uttar pradesh

# 992 : PS SINGHWAR --> ps singhwar, uttar pradesh

# 993 : PS CHHITAUNA --> ps chhitauna, uttar pradesh

# 994 : PS  --> ps, uttar pradesh

# 995 : UPS  --> ups, uttar pradesh

# 996 : PS  --> ps, uttar pradesh

# 997 : U.P.S.  --> u.p.s., uttar pradesh

# 998 : PS  --> ps, uttar pradesh

# 999 : PS  --> ps, uttar pradesh

## FILE WRITTEN

TOTAL UNIQUE ID: 24
